<?xml version="1.0" encoding="UTF-8"?>
<testsuite xmlns:xsi="http://www.w3.org/2001/XMLSchema-instance" xsi:noNamespaceSchemaLocation="https://maven.apache.org/surefire/maven-surefire-plugin/xsd/surefire-test-report-3.0.xsd" version="3.0" name="ua.com.foxminded.classtimetable.controllers.rest.LessonRestControllerIntegrationTest" time="0.373" tests="4" errors="0" skipped="0" failures="0">
  <properties>
[...]
</properties>
  <testcase name="should_deleteTeacher_when_controllerCallsDeleteMethod" classname="ua.com.foxminded.classtimetable.controllers.rest.LessonRestControllerIntegrationTest" time="0.106">
    <system-out><![CDATA[Hibernate: select lesson0_.id as id1_4_0_, lesson0_.classroom_id as classroo5_4_0_, lesson0_.course_id as course_i6_4_0_, lesson0_.date as date2_4_0_, lesson0_.end_time as end_time3_4_0_, lesson0_.start_time as start_ti4_4_0_, lesson0_.teacher_id as teacher_7_4_0_, classroom1_.id as id1_1_1_, classroom1_.building_id as building5_1_1_, classroom1_.room_capacity as room_cap2_1_1_, classroom1_.room_name as room_nam3_1_1_, classroom1_.room_type as room_typ4_1_1_, building2_.id as id1_0_2_, building2_.building_name as building2_0_2_, course3_.id as id1_2_3_, course3_.course_name as course_n2_2_3_, courseteac4_.course_id as course_i2_8_4_, teacher5_.id as teacher_1_8_4_, teacher5_.id as id1_7_5_, teacher5_.faculty_id as faculty_4_7_5_, teacher5_.first_name as first_na2_7_5_, teacher5_.last_name as last_nam3_7_5_, faculty6_.id as id1_3_6_, faculty6_.faculty_name as faculty_2_3_6_, teacher7_.id as id1_7_7_, teacher7_.faculty_id as faculty_4_7_7_, teacher7_.first_name as first_na2_7_7_, teacher7_.last_name as last_nam3_7_7_ from lessons lesson0_ left outer join classrooms classroom1_ on lesson0_.classroom_id=classroom1_.id left outer join buildings building2_ on classroom1_.building_id=building2_.id left outer join courses course3_ on lesson0_.course_id=course3_.id left outer join teachers_courses courseteac4_ on course3_.id=courseteac4_.course_id left outer join teachers teacher5_ on courseteac4_.teacher_id=teacher5_.id left outer join faculties faculty6_ on teacher5_.faculty_id=faculty6_.id left outer join teachers teacher7_ on lesson0_.teacher_id=teacher7_.id where lesson0_.id=?
Hibernate: select teachercou0_.teacher_id as teacher_1_8_0_, teachercou0_.course_id as course_i2_8_0_, course1_.id as id1_2_1_, course1_.course_name as course_n2_2_1_ from teachers_courses teachercou0_ inner join courses course1_ on teachercou0_.course_id=course1_.id where teachercou0_.teacher_id=?
26 Feb;19:05:41.016 [main] INFO  u.c.f.c.service.LessonService - getById: lesson = Lesson{id=495, date=2021-03-05, startTime=16:40, endTime=18:20, classroom=Classroom{id=15, roomName='C-5', roomType='Laboratory', roomCapacity=10, building=Building{id=3, buildingName='C'}}, course=Course{id=10, courseName='Geometry'}, teacher=Teacher{id=12, firstName='Mia', lastName='Brown', faculty=Faculty{id=2, facultyName='Technical Sciences Faculty'}}}
Hibernate: select lesson0_.id as id1_4_, lesson0_.classroom_id as classroo5_4_, lesson0_.course_id as course_i6_4_, lesson0_.date as date2_4_, lesson0_.end_time as end_time3_4_, lesson0_.start_time as start_ti4_4_, lesson0_.teacher_id as teacher_7_4_ from lessons lesson0_
Hibernate: select classroom0_.id as id1_1_0_, classroom0_.building_id as building5_1_0_, classroom0_.room_capacity as room_cap2_1_0_, classroom0_.room_name as room_nam3_1_0_, classroom0_.room_type as room_typ4_1_0_, building1_.id as id1_0_1_, building1_.building_name as building2_0_1_ from classrooms classroom0_ left outer join buildings building1_ on classroom0_.building_id=building1_.id where classroom0_.id=?
Hibernate: select course0_.id as id1_2_0_, course0_.course_name as course_n2_2_0_, courseteac1_.course_id as course_i2_8_1_, teacher2_.id as teacher_1_8_1_, teacher2_.id as id1_7_2_, teacher2_.faculty_id as faculty_4_7_2_, teacher2_.first_name as first_na2_7_2_, teacher2_.last_name as last_nam3_7_2_, faculty3_.id as id1_3_3_, faculty3_.faculty_name as faculty_2_3_3_ from courses course0_ left outer join teachers_courses courseteac1_ on course0_.id=courseteac1_.course_id left outer join teachers teacher2_ on courseteac1_.teacher_id=teacher2_.id left outer join faculties faculty3_ on teacher2_.faculty_id=faculty3_.id where course0_.id=?
Hibernate: select classroom0_.id as id1_1_0_, classroom0_.building_id as building5_1_0_, classroom0_.room_capacity as room_cap2_1_0_, classroom0_.room_name as room_nam3_1_0_, classroom0_.room_type as room_typ4_1_0_, building1_.id as id1_0_1_, building1_.building_name as building2_0_1_ from classrooms classroom0_ left outer join buildings building1_ on classroom0_.building_id=building1_.id where classroom0_.id=?
Hibernate: select classroom0_.id as id1_1_0_, classroom0_.building_id as building5_1_0_, classroom0_.room_capacity as room_cap2_1_0_, classroom0_.room_name as room_nam3_1_0_, classroom0_.room_type as room_typ4_1_0_, building1_.id as id1_0_1_, building1_.building_name as building2_0_1_ from classrooms classroom0_ left outer join buildings building1_ on classroom0_.building_id=building1_.id where classroom0_.id=?
Hibernate: select course0_.id as id1_2_0_, course0_.course_name as course_n2_2_0_, courseteac1_.course_id as course_i2_8_1_, teacher2_.id as teacher_1_8_1_, teacher2_.id as id1_7_2_, teacher2_.faculty_id as faculty_4_7_2_, teacher2_.first_name as first_na2_7_2_, teacher2_.last_name as last_nam3_7_2_, faculty3_.id as id1_3_3_, faculty3_.faculty_name as faculty_2_3_3_ from courses course0_ left outer join teachers_courses courseteac1_ on course0_.id=courseteac1_.course_id left outer join teachers teacher2_ on courseteac1_.teacher_id=teacher2_.id left outer join faculties faculty3_ on teacher2_.faculty_id=faculty3_.id where course0_.id=?
Hibernate: select classroom0_.id as id1_1_0_, classroom0_.building_id as building5_1_0_, classroom0_.room_capacity as room_cap2_1_0_, classroom0_.room_name as room_nam3_1_0_, classroom0_.room_type as room_typ4_1_0_, building1_.id as id1_0_1_, building1_.building_name as building2_0_1_ from classrooms classroom0_ left outer join buildings building1_ on classroom0_.building_id=building1_.id where classroom0_.id=?
Hibernate: select course0_.id as id1_2_0_, course0_.course_name as course_n2_2_0_, courseteac1_.course_id as course_i2_8_1_, teacher2_.id as teacher_1_8_1_, teacher2_.id as id1_7_2_, teacher2_.faculty_id as faculty_4_7_2_, teacher2_.first_name as first_na2_7_2_, teacher2_.last_name as last_nam3_7_2_, faculty3_.id as id1_3_3_, faculty3_.faculty_name as faculty_2_3_3_ from courses course0_ left outer join teachers_courses courseteac1_ on course0_.id=courseteac1_.course_id left outer join teachers teacher2_ on courseteac1_.teacher_id=teacher2_.id left outer join faculties faculty3_ on teacher2_.faculty_id=faculty3_.id where course0_.id=?
Hibernate: select classroom0_.id as id1_1_0_, classroom0_.building_id as building5_1_0_, classroom0_.room_capacity as room_cap2_1_0_, classroom0_.room_name as room_nam3_1_0_, classroom0_.room_type as room_typ4_1_0_, building1_.id as id1_0_1_, building1_.building_name as building2_0_1_ from classrooms classroom0_ left outer join buildings building1_ on classroom0_.building_id=building1_.id where classroom0_.id=?
Hibernate: select course0_.id as id1_2_0_, course0_.course_name as course_n2_2_0_, courseteac1_.course_id as course_i2_8_1_, teacher2_.id as teacher_1_8_1_, teacher2_.id as id1_7_2_, teacher2_.faculty_id as faculty_4_7_2_, teacher2_.first_name as first_na2_7_2_, teacher2_.last_name as last_nam3_7_2_, faculty3_.id as id1_3_3_, faculty3_.faculty_name as faculty_2_3_3_ from courses course0_ left outer join teachers_courses courseteac1_ on course0_.id=courseteac1_.course_id left outer join teachers teacher2_ on courseteac1_.teacher_id=teacher2_.id left outer join faculties faculty3_ on teacher2_.faculty_id=faculty3_.id where course0_.id=?
Hibernate: select classroom0_.id as id1_1_0_, classroom0_.building_id as building5_1_0_, classroom0_.room_capacity as room_cap2_1_0_, classroom0_.room_name as room_nam3_1_0_, classroom0_.room_type as room_typ4_1_0_, building1_.id as id1_0_1_, building1_.building_name as building2_0_1_ from classrooms classroom0_ left outer join buildings building1_ on classroom0_.building_id=building1_.id where classroom0_.id=?
Hibernate: select classroom0_.id as id1_1_0_, classroom0_.building_id as building5_1_0_, classroom0_.room_capacity as room_cap2_1_0_, classroom0_.room_name as room_nam3_1_0_, classroom0_.room_type as room_typ4_1_0_, building1_.id as id1_0_1_, building1_.building_name as building2_0_1_ from classrooms classroom0_ left outer join buildings building1_ on classroom0_.building_id=building1_.id where classroom0_.id=?
Hibernate: select classroom0_.id as id1_1_0_, classroom0_.building_id as building5_1_0_, classroom0_.room_capacity as room_cap2_1_0_, classroom0_.room_name as room_nam3_1_0_, classroom0_.room_type as room_typ4_1_0_, building1_.id as id1_0_1_, building1_.building_name as building2_0_1_ from classrooms classroom0_ left outer join buildings building1_ on classroom0_.building_id=building1_.id where classroom0_.id=?
Hibernate: select classroom0_.id as id1_1_0_, classroom0_.building_id as building5_1_0_, classroom0_.room_capacity as room_cap2_1_0_, classroom0_.room_name as room_nam3_1_0_, classroom0_.room_type as room_typ4_1_0_, building1_.id as id1_0_1_, building1_.building_name as building2_0_1_ from classrooms classroom0_ left outer join buildings building1_ on classroom0_.building_id=building1_.id where classroom0_.id=?
Hibernate: select course0_.id as id1_2_0_, course0_.course_name as course_n2_2_0_, courseteac1_.course_id as course_i2_8_1_, teacher2_.id as teacher_1_8_1_, teacher2_.id as id1_7_2_, teacher2_.faculty_id as faculty_4_7_2_, teacher2_.first_name as first_na2_7_2_, teacher2_.last_name as last_nam3_7_2_, faculty3_.id as id1_3_3_, faculty3_.faculty_name as faculty_2_3_3_ from courses course0_ left outer join teachers_courses courseteac1_ on course0_.id=courseteac1_.course_id left outer join teachers teacher2_ on courseteac1_.teacher_id=teacher2_.id left outer join faculties faculty3_ on teacher2_.faculty_id=faculty3_.id where course0_.id=?
Hibernate: select classroom0_.id as id1_1_0_, classroom0_.building_id as building5_1_0_, classroom0_.room_capacity as room_cap2_1_0_, classroom0_.room_name as room_nam3_1_0_, classroom0_.room_type as room_typ4_1_0_, building1_.id as id1_0_1_, building1_.building_name as building2_0_1_ from classrooms classroom0_ left outer join buildings building1_ on classroom0_.building_id=building1_.id where classroom0_.id=?
Hibernate: select classroom0_.id as id1_1_0_, classroom0_.building_id as building5_1_0_, classroom0_.room_capacity as room_cap2_1_0_, classroom0_.room_name as room_nam3_1_0_, classroom0_.room_type as room_typ4_1_0_, building1_.id as id1_0_1_, building1_.building_name as building2_0_1_ from classrooms classroom0_ left outer join buildings building1_ on classroom0_.building_id=building1_.id where classroom0_.id=?
Hibernate: select classroom0_.id as id1_1_0_, classroom0_.building_id as building5_1_0_, classroom0_.room_capacity as room_cap2_1_0_, classroom0_.room_name as room_nam3_1_0_, classroom0_.room_type as room_typ4_1_0_, building1_.id as id1_0_1_, building1_.building_name as building2_0_1_ from classrooms classroom0_ left outer join buildings building1_ on classroom0_.building_id=building1_.id where classroom0_.id=?
Hibernate: select course0_.id as id1_2_0_, course0_.course_name as course_n2_2_0_, courseteac1_.course_id as course_i2_8_1_, teacher2_.id as teacher_1_8_1_, teacher2_.id as id1_7_2_, teacher2_.faculty_id as faculty_4_7_2_, teacher2_.first_name as first_na2_7_2_, teacher2_.last_name as last_nam3_7_2_, faculty3_.id as id1_3_3_, faculty3_.faculty_name as faculty_2_3_3_ from courses course0_ left outer join teachers_courses courseteac1_ on course0_.id=courseteac1_.course_id left outer join teachers teacher2_ on courseteac1_.teacher_id=teacher2_.id left outer join faculties faculty3_ on teacher2_.faculty_id=faculty3_.id where course0_.id=?
Hibernate: select course0_.id as id1_2_0_, course0_.course_name as course_n2_2_0_, courseteac1_.course_id as course_i2_8_1_, teacher2_.id as teacher_1_8_1_, teacher2_.id as id1_7_2_, teacher2_.faculty_id as faculty_4_7_2_, teacher2_.first_name as first_na2_7_2_, teacher2_.last_name as last_nam3_7_2_, faculty3_.id as id1_3_3_, faculty3_.faculty_name as faculty_2_3_3_ from courses course0_ left outer join teachers_courses courseteac1_ on course0_.id=courseteac1_.course_id left outer join teachers teacher2_ on courseteac1_.teacher_id=teacher2_.id left outer join faculties faculty3_ on teacher2_.faculty_id=faculty3_.id where course0_.id=?
Hibernate: select course0_.id as id1_2_0_, course0_.course_name as course_n2_2_0_, courseteac1_.course_id as course_i2_8_1_, teacher2_.id as teacher_1_8_1_, teacher2_.id as id1_7_2_, teacher2_.faculty_id as faculty_4_7_2_, teacher2_.first_name as first_na2_7_2_, teacher2_.last_name as last_nam3_7_2_, faculty3_.id as id1_3_3_, faculty3_.faculty_name as faculty_2_3_3_ from courses course0_ left outer join teachers_courses courseteac1_ on course0_.id=courseteac1_.course_id left outer join teachers teacher2_ on courseteac1_.teacher_id=teacher2_.id left outer join faculties faculty3_ on teacher2_.faculty_id=faculty3_.id where course0_.id=?
Hibernate: select classroom0_.id as id1_1_0_, classroom0_.building_id as building5_1_0_, classroom0_.room_capacity as room_cap2_1_0_, classroom0_.room_name as room_nam3_1_0_, classroom0_.room_type as room_typ4_1_0_, building1_.id as id1_0_1_, building1_.building_name as building2_0_1_ from classrooms classroom0_ left outer join buildings building1_ on classroom0_.building_id=building1_.id where classroom0_.id=?
Hibernate: select course0_.id as id1_2_0_, course0_.course_name as course_n2_2_0_, courseteac1_.course_id as course_i2_8_1_, teacher2_.id as teacher_1_8_1_, teacher2_.id as id1_7_2_, teacher2_.faculty_id as faculty_4_7_2_, teacher2_.first_name as first_na2_7_2_, teacher2_.last_name as last_nam3_7_2_, faculty3_.id as id1_3_3_, faculty3_.faculty_name as faculty_2_3_3_ from courses course0_ left outer join teachers_courses courseteac1_ on course0_.id=courseteac1_.course_id left outer join teachers teacher2_ on courseteac1_.teacher_id=teacher2_.id left outer join faculties faculty3_ on teacher2_.faculty_id=faculty3_.id where course0_.id=?
Hibernate: select course0_.id as id1_2_0_, course0_.course_name as course_n2_2_0_, courseteac1_.course_id as course_i2_8_1_, teacher2_.id as teacher_1_8_1_, teacher2_.id as id1_7_2_, teacher2_.faculty_id as faculty_4_7_2_, teacher2_.first_name as first_na2_7_2_, teacher2_.last_name as last_nam3_7_2_, faculty3_.id as id1_3_3_, faculty3_.faculty_name as faculty_2_3_3_ from courses course0_ left outer join teachers_courses courseteac1_ on course0_.id=courseteac1_.course_id left outer join teachers teacher2_ on courseteac1_.teacher_id=teacher2_.id left outer join faculties faculty3_ on teacher2_.faculty_id=faculty3_.id where course0_.id=?
Hibernate: select teachercou0_.teacher_id as teacher_1_8_0_, teachercou0_.course_id as course_i2_8_0_, course1_.id as id1_2_1_, course1_.course_name as course_n2_2_1_ from teachers_courses teachercou0_ inner join courses course1_ on teachercou0_.course_id=course1_.id where teachercou0_.teacher_id=?
Hibernate: select teachercou0_.teacher_id as teacher_1_8_0_, teachercou0_.course_id as course_i2_8_0_, course1_.id as id1_2_1_, course1_.course_name as course_n2_2_1_ from teachers_courses teachercou0_ inner join courses course1_ on teachercou0_.course_id=course1_.id where teachercou0_.teacher_id=?
Hibernate: select teachercou0_.teacher_id as teacher_1_8_0_, teachercou0_.course_id as course_i2_8_0_, course1_.id as id1_2_1_, course1_.course_name as course_n2_2_1_ from teachers_courses teachercou0_ inner join courses course1_ on teachercou0_.course_id=course1_.id where teachercou0_.teacher_id=?
Hibernate: select teachercou0_.teacher_id as teacher_1_8_0_, teachercou0_.course_id as course_i2_8_0_, course1_.id as id1_2_1_, course1_.course_name as course_n2_2_1_ from teachers_courses teachercou0_ inner join courses course1_ on teachercou0_.course_id=course1_.id where teachercou0_.teacher_id=?
Hibernate: select teachercou0_.teacher_id as teacher_1_8_0_, teachercou0_.course_id as course_i2_8_0_, course1_.id as id1_2_1_, course1_.course_name as course_n2_2_1_ from teachers_courses teachercou0_ inner join courses course1_ on teachercou0_.course_id=course1_.id where teachercou0_.teacher_id=?
Hibernate: select teachercou0_.teacher_id as teacher_1_8_0_, teachercou0_.course_id as course_i2_8_0_, course1_.id as id1_2_1_, course1_.course_name as course_n2_2_1_ from teachers_courses teachercou0_ inner join courses course1_ on teachercou0_.course_id=course1_.id where teachercou0_.teacher_id=?
Hibernate: select teachercou0_.teacher_id as teacher_1_8_0_, teachercou0_.course_id as course_i2_8_0_, course1_.id as id1_2_1_, course1_.course_name as course_n2_2_1_ from teachers_courses teachercou0_ inner join courses course1_ on teachercou0_.course_id=course1_.id where teachercou0_.teacher_id=?
Hibernate: select teachercou0_.teacher_id as teacher_1_8_0_, teachercou0_.course_id as course_i2_8_0_, course1_.id as id1_2_1_, course1_.course_name as course_n2_2_1_ from teachers_courses teachercou0_ inner join courses course1_ on teachercou0_.course_id=course1_.id where teachercou0_.teacher_id=?
Hibernate: select teachercou0_.teacher_id as teacher_1_8_0_, teachercou0_.course_id as course_i2_8_0_, course1_.id as id1_2_1_, course1_.course_name as course_n2_2_1_ from teachers_courses teachercou0_ inner join courses course1_ on teachercou0_.course_id=course1_.id where teachercou0_.teacher_id=?
Hibernate: select teachercou0_.teacher_id as teacher_1_8_0_, teachercou0_.course_id as course_i2_8_0_, course1_.id as id1_2_1_, course1_.course_name as course_n2_2_1_ from teachers_courses teachercou0_ inner join courses course1_ on teachercou0_.course_id=course1_.id where teachercou0_.teacher_id=?
Hibernate: select teachercou0_.teacher_id as teacher_1_8_0_, teachercou0_.course_id as course_i2_8_0_, course1_.id as id1_2_1_, course1_.course_name as course_n2_2_1_ from teachers_courses teachercou0_ inner join courses course1_ on teachercou0_.course_id=course1_.id where teachercou0_.teacher_id=?
Hibernate: select teachercou0_.teacher_id as teacher_1_8_0_, teachercou0_.course_id as course_i2_8_0_, course1_.id as id1_2_1_, course1_.course_name as course_n2_2_1_ from teachers_courses teachercou0_ inner join courses course1_ on teachercou0_.course_id=course1_.id where teachercou0_.teacher_id=?
26 Feb;19:05:41.048 [main] INFO  u.c.f.c.service.LessonService - getAll():
 [Lesson{id=1, date=2021-01-20, startTime=09:20, endTime=11:00, classroom=Classroom{id=4, roomName='A-4', roomType='Lecture', roomCapacity=50, building=Building{id=1, buildingName='Changed name'}}, course=Course{id=3, courseName='Name'}, teacher=Teacher{id=3, firstName='Freya', lastName='Shepp', faculty=Faculty{id=3, facultyName='Faculty of Arts'}}}, Lesson{id=2, date=2021-01-20, startTime=11:10, endTime=12:50, classroom=Classroom{id=1, roomName='A-1', roomType='Class', roomCapacity=30, building=Building{id=1, buildingName='Changed name'}}, course=Course{id=3, courseName='Name'}, teacher=Teacher{id=3, firstName='Freya', lastName='Shepp', faculty=Faculty{id=3, facultyName='Faculty of Arts'}}}, Lesson{id=3, date=2021-01-20, startTime=13:00, endTime=14:40, classroom=Classroom{id=2, roomName='A-2', roomType='Class', roomCapacity=30, building=Building{id=1, buildingName='Changed name'}}, course=Course{id=4, courseName='Political science'}, teacher=Teacher{id=4, firstName='Olivia', lastName='Blake', faculty=Faculty{id=3, facultyName='Faculty of Arts'}}}, Lesson{id=4, date=2021-01-20, startTime=14:50, endTime=16:30, classroom=Classroom{id=3, roomName='A-3', roomType='Class', roomCapacity=30, building=Building{id=1, buildingName='Changed name'}}, course=Course{id=4, courseName='Political science'}, teacher=Teacher{id=4, firstName='Olivia', lastName='Blake', faculty=Faculty{id=3, facultyName='Faculty of Arts'}}}, Lesson{id=5, date=2021-01-20, startTime=16:40, endTime=18:20, classroom=Classroom{id=4, roomName='A-4', roomType='Lecture', roomCapacity=50, building=Building{id=1, buildingName='Changed name'}}, course=Course{id=5, courseName='Culture'}, teacher=Teacher{id=5, firstName='Scarlett', lastName='Nimoy', faculty=Faculty{id=3, facultyName='Faculty of Arts'}}}, Lesson{id=6, date=2021-01-20, startTime=09:20, endTime=11:00, classroom=Classroom{id=9, roomName='New name', roomType='Lecture', roomCapacity=50, building=Building{id=2, buildingName='B'}}, course=Course{id=6, courseName='Biology'}, teacher=Teacher{id=6, firstName='Ellie', lastName='Purh', faculty=Faculty{id=1, facultyName='Changed faculty name'}}}, Lesson{id=7, date=2021-01-20, startTime=11:10, endTime=12:50, classroom=Classroom{id=9, roomName='New name', roomType='Lecture', roomCapacity=50, building=Building{id=2, buildingName='B'}}, course=Course{id=6, courseName='Biology'}, teacher=Teacher{id=6, firstName='Ellie', lastName='Purh', faculty=Faculty{id=1, facultyName='Changed faculty name'}}}, Lesson{id=8, date=2021-01-20, startTime=13:00, endTime=14:40, classroom=Classroom{id=6, roomName='B-1', roomType='Class', roomCapacity=30, building=Building{id=2, buildingName='B'}}, course=Course{id=6, courseName='Biology'}, teacher=Teacher{id=7, firstName='Charlie', lastName='Byrne', faculty=Faculty{id=1, facultyName='Changed faculty name'}}}, Lesson{id=9, date=2021-01-20, startTime=14:50, endTime=16:30, classroom=Classroom{id=7, roomName='B-2', roomType='Class', roomCapacity=30, building=Building{id=2, buildingName='B'}}, course=Course{id=6, courseName='Biology'}, teacher=Teacher{id=7, firstName='Charlie', lastName='Byrne', faculty=Faculty{id=1, facultyName='Changed faculty name'}}}, Lesson{id=10, date=2021-01-20, startTime=16:40, endTime=18:20, classroom=Classroom{id=10, roomName='B-5', roomType='Laboratory', roomCapacity=10, building=Building{id=2, buildingName='B'}}, course=Course{id=6, courseName='Biology'}, teacher=Teacher{id=7, firstName='Charlie', lastName='Byrne', faculty=Faculty{id=1, facultyName='Changed faculty name'}}}, Lesson{id=11, date=2021-01-20, startTime=09:20, endTime=11:00, classroom=Classroom{id=14, roomName='C-4', roomType='Lecture', roomCapacity=50, building=Building{id=3, buildingName='C'}}, course=Course{id=10, courseName='Geometry'}, teacher=Teacher{id=12, firstName='Mia', lastName='Brown', faculty=Faculty{id=2, facultyName='Technical Sciences Faculty'}}}, Lesson{id=12, date=2021-01-20, startTime=11:10, endTime=12:50, classroom=Classroom{id=14, roomName='C-4', roomType='Lecture', roomCapacity=50, building=Building{id=3, buildingName='C'}}, course=Course{id=10, courseName='Geometry'}, teacher=Teacher{id=12, firstName='Mia', lastName='Brown', faculty=Faculty{id=2, facultyName='Technical Sciences Faculty'}}}, Lesson{id=13, date=2021-01-20, startTime=13:00, endTime=14:40, classroom=Classroom{id=11, roomName='C-1', roomType='Class', roomCapacity=30, building=Building{id=3, buildingName='C'}}, course=Course{id=10, courseName='Geometry'}, teacher=Teacher{id=12, firstName='Mia', lastName='Brown', faculty=Faculty{id=2, facultyName='Technical Sciences Faculty'}}}, Lesson{id=14, date=2021-01-20, startTime=14:50, endTime=16:30, classroom=Classroom{id=13, roomName='C-3', roomType='Class', roomCapacity=30, building=Building{id=3, buildingName='C'}}, course=Course{id=10, courseName='Geometry'}, teacher=Teacher{id=12, firstName='Mia', lastName='Brown', faculty=Faculty{id=2, facultyName='Technical Sciences Faculty'}}}, Lesson{id=15, date=2021-01-20, startTime=16:40, endTime=18:20, classroom=Classroom{id=15, roomName='C-5', roomType='Laboratory', roomCapacity=10, building=Building{id=3, buildingName='C'}}, course=Course{id=10, courseName='Geometry'}, teacher=Teacher{id=12, firstName='Mia', lastName='Brown', faculty=Faculty{id=2, facultyName='Technical Sciences Faculty'}}}, Lesson{id=16, date=2021-01-21, startTime=09:20, endTime=11:00, classroom=Classroom{id=4, roomName='A-4', roomType='Lecture', roomCapacity=50, building=Building{id=1, buildingName='Changed name'}}, course=Course{id=4, courseName='Political science'}, teacher=Teacher{id=4, firstName='Olivia', lastName='Blake', faculty=Faculty{id=3, facultyName='Faculty of Arts'}}}, Lesson{id=17, date=2021-01-21, startTime=11:10, endTime=12:50, classroom=Classroom{id=1, roomName='A-1', roomType='Class', roomCapacity=30, building=Building{id=1, buildingName='Changed name'}}, course=Course{id=4, courseName='Political science'}, teacher=Teacher{id=4, firstName='Olivia', lastName='Blake', faculty=Faculty{id=3, facultyName='Faculty of Arts'}}}, Lesson{id=18, date=2021-01-21, startTime=13:00, endTime=14:40, classroom=Classroom{id=2, roomName='A-2', roomType='Class', roomCapacity=30, building=Building{id=1, buildingName='Changed name'}}, course=Course{id=5, courseName='Culture'}, teacher=Teacher{id=5, firstName='Scarlett', lastName='Nimoy', faculty=Faculty{id=3, facultyName='Faculty of Arts'}}}, Lesson{id=19, date=2021-01-21, startTime=14:50, endTime=16:30, classroom=Classroom{id=3, roomName='A-3', roomType='Class', roomCapacity=30, building=Building{id=1, buildingName='Changed name'}}, course=Course{id=5, courseName='Culture'}, teacher=Teacher{id=5, firstName='Scarlett', lastName='Nimoy', faculty=Faculty{id=3, facultyName='Faculty of Arts'}}}, Lesson{id=20, date=2021-01-21, startTime=16:40, endTime=18:20, classroom=Classroom{id=4, roomName='A-4', roomType='Lecture', roomCapacity=50, building=Building{id=1, buildingName='Changed name'}}, course=Course{id=1, courseName='History'}, teacher=Teacher{id=1, firstName='Albert', lastName='Sykes', faculty=Faculty{id=3, facultyName='Faculty of Arts'}}}, Lesson{id=21, date=2021-01-21, startTime=09:20, endTime=11:00, classroom=Classroom{id=9, roomName='New name', roomType='Lecture', roomCapacity=50, building=Building{id=2, buildingName='B'}}, course=Course{id=7, courseName='Chemistry'}, teacher=Teacher{id=8, firstName='Samuel', lastName='Travis', faculty=Faculty{id=1, facultyName='Changed faculty name'}}}, Lesson{id=22, date=2021-01-21, startTime=11:10, endTime=12:50, classroom=Classroom{id=9, roomName='New name', roomType='Lecture', roomCapacity=50, building=Building{id=2, buildingName='B'}}, course=Course{id=7, courseName='Chemistry'}, teacher=Teacher{id=8, firstName='Samuel', lastName='Travis', faculty=Faculty{id=1, facultyName='Changed faculty name'}}}, Lesson{id=23, date=2021-01-21, startTime=13:00, endTime=14:40, classroom=Classroom{id=6, roomName='B-1', roomType='Class', roomCapacity=30, building=Building{id=2, buildingName='B'}}, course=Course{id=7, courseName='Chemistry'}, teacher=Teacher{id=9, firstName='Albert', lastName='Hill', faculty=Faculty{id=1, facultyName='Changed faculty name'}}}, Lesson{id=24, date=2021-01-21, startTime=14:50, endTime=16:30, classroom=Classroom{id=7, roomName='B-2', roomType='Class', roomCapacity=30, building=Building{id=2, buildingName='B'}}, course=Course{id=7, courseName='Chemistry'}, teacher=Teacher{id=9, firstName='Albert', lastName='Hill', faculty=Faculty{id=1, facultyName='Changed faculty name'}}}, Lesson{id=25, date=2021-01-21, startTime=16:40, endTime=18:20, classroom=Classroom{id=10, roomName='B-5', roomType='Laboratory', roomCapacity=10, building=Building{id=2, buildingName='B'}}, course=Course{id=7, courseName='Chemistry'}, teacher=Teacher{id=9, firstName='Albert', lastName='Hill', faculty=Faculty{id=1, facultyName='Changed faculty name'}}}, Lesson{id=26, date=2021-01-21, startTime=09:20, endTime=11:00, classroom=Classroom{id=14, roomName='C-4', roomType='Lecture', roomCapacity=50, building=Building{id=3, buildingName='C'}}, course=Course{id=8, courseName='Mathematics'}, teacher=Teacher{id=10, firstName='Joshua', lastName='Eve', faculty=Faculty{id=2, facultyName='Technical Sciences Faculty'}}}, Lesson{id=27, date=2021-01-21, startTime=11:10, endTime=12:50, classroom=Classroom{id=14, roomName='C-4', roomType='Lecture', roomCapacity=50, building=Building{id=3, buildingName='C'}}, course=Course{id=8, courseName='Mathematics'}, teacher=Teacher{id=10, firstName='Joshua', lastName='Eve', faculty=Faculty{id=2, facultyName='Technical Sciences Faculty'}}}, Lesson{id=28, date=2021-01-21, startTime=13:00, endTime=14:40, classroom=Classroom{id=12, roomName='C-2', roomType='Class', roomCapacity=30, building=Building{id=3, buildingName='C'}}, course=Course{id=9, courseName='Physics'}, teacher=Teacher{id=11, firstName='Sophia', lastName='Roos', faculty=Faculty{id=2, facultyName='Technical Sciences Faculty'}}}, Lesson{id=29, date=2021-01-21, startTime=14:50, endTime=16:30, classroom=Classroom{id=12, roomName='C-2', roomType='Class', roomCapacity=30, building=Building{id=3, buildingName='C'}}, course=Course{id=10, courseName='Geometry'}, teacher=Teacher{id=12, firstName='Mia', lastName='Brown', faculty=Faculty{id=2, facultyName='Technical Sciences Faculty'}}}, Lesson{id=30, date=2021-01-21, startTime=16:40, endTime=18:20, classroom=Classroom{id=15, roomName='C-5', roomType='Laboratory', roomCapacity=10, building=Building{id=3, buildingName='C'}}, course=Course{id=8, courseName='Mathematics'}, teacher=Teacher{id=10, firstName='Joshua', lastName='Eve', faculty=Faculty{id=2, facultyName='Technical Sciences Faculty'}}}, Lesson{id=31, date=2021-01-22, startTime=09:20, endTime=11:00, classroom=Classroom{id=4, roomName='A-4', roomType='Lecture', roomCapacity=50, building=Building{id=1, buildingName='Changed name'}}, course=Course{id=5, courseName='Culture'}, teacher=Teacher{id=5, firstName='Scarlett', lastName='Nimoy', faculty=Faculty{id=3, facultyName='Faculty of Arts'}}}, Lesson{id=32, date=2021-01-22, startTime=11:10, endTime=12:50, classroom=Classroom{id=1, roomName='A-1', roomType='Class', roomCapacity=30, building=Building{id=1, buildingName='Changed name'}}, course=Course{id=5, courseName='Culture'}, teacher=Teacher{id=5, firstName='Scarlett', lastName='Nimoy', faculty=Faculty{id=3, facultyName='Faculty of Arts'}}}, Lesson{id=33, date=2021-01-22, startTime=13:00, endTime=14:40, classroom=Classroom{id=2, roomName='A-2', roomType='Class', roomCapacity=30, building=Building{id=1, buildingName='Changed name'}}, course=Course{id=1, courseName='History'}, teacher=Teacher{id=1, firstName='Albert', lastName='Sykes', faculty=Faculty{id=3, facultyName='Faculty of Arts'}}}, Lesson{id=34, date=2021-01-22, startTime=14:50, endTime=16:30, classroom=Classroom{id=3, roomName='A-3', roomType='Class', roomCapacity=30, building=Building{id=1, buildingName='Changed name'}}, course=Course{id=1, courseName='History'}, teacher=Teacher{id=1, firstName='Albert', lastName='Sykes', faculty=Faculty{id=3, facultyName='Faculty of Arts'}}}, Lesson{id=35, date=2021-01-22, startTime=16:40, endTime=18:20, classroom=Classroom{id=4, roomName='A-4', roomType='Lecture', roomCapacity=50, building=Building{id=1, buildingName='Changed name'}}, course=Course{id=2, courseName='Philosophy'}, teacher=Teacher{id=2, firstName='Stanley', lastName='Gruber', faculty=Faculty{id=3, facultyName='Faculty of Arts'}}}, Lesson{id=36, date=2021-01-22, startTime=09:20, endTime=11:00, classroom=Classroom{id=9, roomName='New name', roomType='Lecture', roomCapacity=50, building=Building{id=2, buildingName='B'}}, course=Course{id=6, courseName='Biology'}, teacher=Teacher{id=6, firstName='Ellie', lastName='Purh', faculty=Faculty{id=1, facultyName='Changed faculty name'}}}, Lesson{id=37, date=2021-01-22, startTime=11:10, endTime=12:50, classroom=Classroom{id=9, roomName='New name', roomType='Lecture', roomCapacity=50, building=Building{id=2, buildingName='B'}}, course=Course{id=6, courseName='Biology'}, teacher=Teacher{id=6, firstName='Ellie', lastName='Purh', faculty=Faculty{id=1, facultyName='Changed faculty name'}}}, Lesson{id=38, date=2021-01-22, startTime=13:00, endTime=14:40, classroom=Classroom{id=6, roomName='B-1', roomType='Class', roomCapacity=30, building=Building{id=2, buildingName='B'}}, course=Course{id=6, courseName='Biology'}, teacher=Teacher{id=7, firstName='Charlie', lastName='Byrne', faculty=Faculty{id=1, facultyName='Changed faculty name'}}}, Lesson{id=39, date=2021-01-22, startTime=14:50, endTime=16:30, classroom=Classroom{id=7, roomName='B-2', roomType='Class', roomCapacity=30, building=Building{id=2, buildingName='B'}}, course=Course{id=6, courseName='Biology'}, teacher=Teacher{id=7, firstName='Charlie', lastName='Byrne', faculty=Faculty{id=1, facultyName='Changed faculty name'}}}, Lesson{id=40, date=2021-01-22, startTime=16:40, endTime=18:20, classroom=Classroom{id=10, roomName='B-5', roomType='Laboratory', roomCapacity=10, building=Building{id=2, buildingName='B'}}, course=Course{id=6, courseName='Biology'}, teacher=Teacher{id=7, firstName='Charlie', lastName='Byrne', faculty=Faculty{id=1, facultyName='Changed faculty name'}}}, Lesson{id=41, date=2021-01-22, startTime=09:20, endTime=11:00, classroom=Classroom{id=14, roomName='C-4', roomType='Lecture', roomCapacity=50, building=Building{id=3, buildingName='C'}}, course=Course{id=9, courseName='Physics'}, teacher=Teacher{id=11, firstName='Sophia', lastName='Roos', faculty=Faculty{id=2, facultyName='Technical Sciences Faculty'}}}, Lesson{id=42, date=2021-01-22, startTime=11:10, endTime=12:50, classroom=Classroom{id=14, roomName='C-4', roomType='Lecture', roomCapacity=50, building=Building{id=3, buildingName='C'}}, course=Course{id=10, courseName='Geometry'}, teacher=Teacher{id=12, firstName='Mia', lastName='Brown', faculty=Faculty{id=2, facultyName='Technical Sciences Faculty'}}}, Lesson{id=43, date=2021-01-22, startTime=13:00, endTime=14:40, classroom=Classroom{id=13, roomName='C-3', roomType='Class', roomCapacity=30, building=Building{id=3, buildingName='C'}}, course=Course{id=8, courseName='Mathematics'}, teacher=Teacher{id=10, firstName='Joshua', lastName='Eve', faculty=Faculty{id=2, facultyName='Technical Sciences Faculty'}}}, Lesson{id=44, date=2021-01-22, startTime=14:50, endTime=16:30, classroom=Classroom{id=15, roomName='C-5', roomType='Laboratory', roomCapacity=10, building=Building{id=3, buildingName='C'}}, course=Course{id=9, courseName='Physics'}, teacher=Teacher{id=11, firstName='Sophia', lastName='Roos', faculty=Faculty{id=2, facultyName='Technical Sciences Faculty'}}}, Lesson{id=45, date=2021-01-22, startTime=16:40, endTime=18:20, classroom=Classroom{id=15, roomName='C-5', roomType='Laboratory', roomCapacity=10, building=Building{id=3, buildingName='C'}}, course=Course{id=10, courseName='Geometry'}, teacher=Teacher{id=12, firstName='Mia', lastName='Brown', faculty=Faculty{id=2, facultyName='Technical Sciences Faculty'}}}, Lesson{id=46, date=2021-01-25, startTime=09:20, endTime=11:00, classroom=Classroom{id=4, roomName='A-4', roomType='Lecture', roomCapacity=50, building=Building{id=1, buildingName='Changed name'}}, course=Course{id=1, courseName='History'}, teacher=Teacher{id=1, firstName='Albert', lastName='Sykes', faculty=Faculty{id=3, facultyName='Faculty of Arts'}}}, Lesson{id=47, date=2021-01-25, startTime=11:10, endTime=12:50, classroom=Classroom{id=1, roomName='A-1', roomType='Class', roomCapacity=30, building=Building{id=1, buildingName='Changed name'}}, course=Course{id=1, courseName='History'}, teacher=Teacher{id=1, firstName='Albert', lastName='Sykes', faculty=Faculty{id=3, facultyName='Faculty of Arts'}}}, Lesson{id=48, date=2021-01-25, startTime=13:00, endTime=14:40, classroom=Classroom{id=2, roomName='A-2', roomType='Class', roomCapacity=30, building=Building{id=1, buildingName='Changed name'}}, course=Course{id=2, courseName='Philosophy'}, teacher=Teacher{id=2, firstName='Stanley', lastName='Gruber', faculty=Faculty{id=3, facultyName='Faculty of Arts'}}}, Lesson{id=49, date=2021-01-25, startTime=14:50, endTime=16:30, classroom=Classroom{id=3, roomName='A-3', roomType='Class', roomCapacity=30, building=Building{id=1, buildingName='Changed name'}}, course=Course{id=2, courseName='Philosophy'}, teacher=Teacher{id=2, firstName='Stanley', lastName='Gruber', faculty=Faculty{id=3, facultyName='Faculty of Arts'}}}, Lesson{id=50, date=2021-01-25, startTime=16:40, endTime=18:20, classroom=Classroom{id=4, roomName='A-4', roomType='Lecture', roomCapacity=50, building=Building{id=1, buildingName='Changed name'}}, course=Course{id=3, courseName='Name'}, teacher=Teacher{id=3, firstName='Freya', lastName='Shepp', faculty=Faculty{id=3, facultyName='Faculty of Arts'}}}, Lesson{id=51, date=2021-01-25, startTime=09:20, endTime=11:00, classroom=Classroom{id=9, roomName='New name', roomType='Lecture', roomCapacity=50, building=Building{id=2, buildingName='B'}}, course=Course{id=6, courseName='Biology'}, teacher=Teacher{id=6, firstName='Ellie', lastName='Purh', faculty=Faculty{id=1, facultyName='Changed faculty name'}}}, Lesson{id=52, date=2021-01-25, startTime=11:10, endTime=12:50, classroom=Classroom{id=9, roomName='New name', roomType='Lecture', roomCapacity=50, building=Building{id=2, buildingName='B'}}, course=Course{id=6, courseName='Biology'}, teacher=Teacher{id=6, firstName='Ellie', lastName='Purh', faculty=Faculty{id=1, facultyName='Changed faculty name'}}}, Lesson{id=53, date=2021-01-25, startTime=13:00, endTime=14:40, classroom=Classroom{id=6, roomName='B-1', roomType='Class', roomCapacity=30, building=Building{id=2, buildingName='B'}}, course=Course{id=6, courseName='Biology'}, teacher=Teacher{id=7, firstName='Charlie', lastName='Byrne', faculty=Faculty{id=1, facultyName='Changed faculty name'}}}, Lesson{id=54, date=2021-01-25, startTime=14:50, endTime=16:30, classroom=Classroom{id=7, roomName='B-2', roomType='Class', roomCapacity=30, building=Building{id=2, buildingName='B'}}, course=Course{id=6, courseName='Biology'}, teacher=Teacher{id=7, firstName='Charlie', lastName='Byrne', faculty=Faculty{id=1, facultyName='Changed faculty name'}}}, Lesson{id=55, date=2021-01-25, startTime=16:40, endTime=18:20, classroom=Classroom{id=10, roomName='B-5', roomType='Laboratory', roomCapacity=10, building=Building{id=2, buildingName='B'}}, course=Course{id=6, courseName='Biology'}, teacher=Teacher{id=7, firstName='Charlie', lastName='Byrne', faculty=Faculty{id=1, facultyName='Changed faculty name'}}}, Lesson{id=56, date=2021-01-25, startTime=09:20, endTime=11:00, classroom=Classroom{id=14, roomName='C-4', roomType='Lecture', roomCapacity=50, building=Building{id=3, buildingName='C'}}, course=Course{id=8, courseName='Mathematics'}, teacher=Teacher{id=10, firstName='Joshua', lastName='Eve', faculty=Faculty{id=2, facultyName='Technical Sciences Faculty'}}}, Lesson{id=57, date=2021-01-25, startTime=11:10, endTime=12:50, classroom=Classroom{id=14, roomName='C-4', roomType='Lecture', roomCapacity=50, building=Building{id=3, buildingName='C'}}, course=Course{id=8, courseName='Mathematics'}, teacher=Teacher{id=10, firstName='Joshua', lastName='Eve', faculty=Faculty{id=2, facultyName='Technical Sciences Faculty'}}}, Lesson{id=58, date=2021-01-25, startTime=13:00, endTime=14:40, classroom=Classroom{id=11, roomName='C-1', roomType='Class', roomCapacity=30, building=Building{id=3, buildingName='C'}}, course=Course{id=8, courseName='Mathematics'}, teacher=Teacher{id=10, firstName='Joshua', lastName='Eve', faculty=Faculty{id=2, facultyName='Technical Sciences Faculty'}}}, Lesson{id=59, date=2021-01-25, startTime=14:50, endTime=16:30, classroom=Classroom{id=13, roomName='C-3', roomType='Class', roomCapacity=30, building=Building{id=3, buildingName='C'}}, course=Course{id=8, courseName='Mathematics'}, teacher=Teacher{id=10, firstName='Joshua', lastName='Eve', faculty=Faculty{id=2, facultyName='Technical Sciences Faculty'}}}, Lesson{id=60, date=2021-01-25, startTime=16:40, endTime=18:20, classroom=Classroom{id=15, roomName='C-5', roomType='Laboratory', roomCapacity=10, building=Building{id=3, buildingName='C'}}, course=Course{id=8, courseName='Mathematics'}, teacher=Teacher{id=10, firstName='Joshua', lastName='Eve', faculty=Faculty{id=2, facultyName='Technical Sciences Faculty'}}}, Lesson{id=61, date=2021-01-26, startTime=09:20, endTime=11:00, classroom=Classroom{id=4, roomName='A-4', roomType='Lecture', roomCapacity=50, building=Building{id=1, buildingName='Changed name'}}, course=Course{id=2, courseName='Philosophy'}, teacher=Teacher{id=2, firstName='Stanley', lastName='Gruber', faculty=Faculty{id=3, facultyName='Faculty of Arts'}}}, Lesson{id=62, date=2021-01-26, startTime=11:10, endTime=12:50, classroom=Classroom{id=1, roomName='A-1', roomType='Class', roomCapacity=30, building=Building{id=1, buildingName='Changed name'}}, course=Course{id=2, courseName='Philosophy'}, teacher=Teacher{id=2, firstName='Stanley', lastName='Gruber', faculty=Faculty{id=3, facultyName='Faculty of Arts'}}}, Lesson{id=63, date=2021-01-26, startTime=13:00, endTime=14:40, classroom=Classroom{id=2, roomName='A-2', roomType='Class', roomCapacity=30, building=Building{id=1, buildingName='Changed name'}}, course=Course{id=3, courseName='Name'}, teacher=Teacher{id=3, firstName='Freya', lastName='Shepp', faculty=Faculty{id=3, facultyName='Faculty of Arts'}}}, Lesson{id=64, date=2021-01-26, startTime=14:50, endTime=16:30, classroom=Classroom{id=3, roomName='A-3', roomType='Class', roomCapacity=30, building=Building{id=1, buildingName='Changed name'}}, course=Course{id=3, courseName='Name'}, teacher=Teacher{id=3, firstName='Freya', lastName='Shepp', faculty=Faculty{id=3, facultyName='Faculty of Arts'}}}, Lesson{id=65, date=2021-01-26, startTime=16:40, endTime=18:20, classroom=Classroom{id=4, roomName='A-4', roomType='Lecture', roomCapacity=50, building=Building{id=1, buildingName='Changed name'}}, course=Course{id=4, courseName='Political science'}, teacher=Teacher{id=4, firstName='Olivia', lastName='Blake', faculty=Faculty{id=3, facultyName='Faculty of Arts'}}}, Lesson{id=66, date=2021-01-26, startTime=09:20, endTime=11:00, classroom=Classroom{id=9, roomName='New name', roomType='Lecture', roomCapacity=50, building=Building{id=2, buildingName='B'}}, course=Course{id=7, courseName='Chemistry'}, teacher=Teacher{id=8, firstName='Samuel', lastName='Travis', faculty=Faculty{id=1, facultyName='Changed faculty name'}}}, Lesson{id=67, date=2021-01-26, startTime=11:10, endTime=12:50, classroom=Classroom{id=9, roomName='New name', roomType='Lecture', roomCapacity=50, building=Building{id=2, buildingName='B'}}, course=Course{id=7, courseName='Chemistry'}, teacher=Teacher{id=8, firstName='Samuel', lastName='Travis', faculty=Faculty{id=1, facultyName='Changed faculty name'}}}, Lesson{id=68, date=2021-01-26, startTime=13:00, endTime=14:40, classroom=Classroom{id=6, roomName='B-1', roomType='Class', roomCapacity=30, building=Building{id=2, buildingName='B'}}, course=Course{id=7, courseName='Chemistry'}, teacher=Teacher{id=9, firstName='Albert', lastName='Hill', faculty=Faculty{id=1, facultyName='Changed faculty name'}}}, Lesson{id=69, date=2021-01-26, startTime=14:50, endTime=16:30, classroom=Classroom{id=7, roomName='B-2', roomType='Class', roomCapacity=30, building=Building{id=2, buildingName='B'}}, course=Course{id=7, courseName='Chemistry'}, teacher=Teacher{id=9, firstName='Albert', lastName='Hill', faculty=Faculty{id=1, facultyName='Changed faculty name'}}}, Lesson{id=70, date=2021-01-26, startTime=16:40, endTime=18:20, classroom=Classroom{id=10, roomName='B-5', roomType='Laboratory', roomCapacity=10, building=Building{id=2, buildingName='B'}}, course=Course{id=7, courseName='Chemistry'}, teacher=Teacher{id=9, firstName='Albert', lastName='Hill', faculty=Faculty{id=1, facultyName='Changed faculty name'}}}, Lesson{id=71, date=2021-01-26, startTime=09:20, endTime=11:00, classroom=Classroom{id=14, roomName='C-4', roomType='Lecture', roomCapacity=50, building=Building{id=3, buildingName='C'}}, course=Course{id=9, courseName='Physics'}, teacher=Teacher{id=11, firstName='Sophia', lastName='Roos', faculty=Faculty{id=2, facultyName='Technical Sciences Faculty'}}}, Lesson{id=72, date=2021-01-26, startTime=11:10, endTime=12:50, classroom=Classroom{id=14, roomName='C-4', roomType='Lecture', roomCapacity=50, building=Building{id=3, buildingName='C'}}, course=Course{id=9, courseName='Physics'}, teacher=Teacher{id=11, firstName='Sophia', lastName='Roos', faculty=Faculty{id=2, facultyName='Technical Sciences Faculty'}}}, Lesson{id=73, date=2021-01-26, startTime=13:00, endTime=14:40, classroom=Classroom{id=11, roomName='C-1', roomType='Class', roomCapacity=30, building=Building{id=3, buildingName='C'}}, course=Course{id=9, courseName='Physics'}, teacher=Teacher{id=11, firstName='Sophia', lastName='Roos', faculty=Faculty{id=2, facultyName='Technical Sciences Faculty'}}}, Lesson{id=74, date=2021-01-26, startTime=14:50, endTime=16:30, classroom=Classroom{id=13, roomName='C-3', roomType='Class', roomCapacity=30, building=Building{id=3, buildingName='C'}}, course=Course{id=9, courseName='Physics'}, teacher=Teacher{id=11, firstName='Sophia', lastName='Roos', faculty=Faculty{id=2, facultyName='Technical Sciences Faculty'}}}, Lesson{id=75, date=2021-01-26, startTime=16:40, endTime=18:20, classroom=Classroom{id=15, roomName='C-5', roomType='Laboratory', roomCapacity=10, building=Building{id=3, buildingName='C'}}, course=Course{id=9, courseName='Physics'}, teacher=Teacher{id=11, firstName='Sophia', lastName='Roos', faculty=Faculty{id=2, facultyName='Technical Sciences Faculty'}}}, Lesson{id=76, date=2021-01-27, startTime=09:20, endTime=11:00, classroom=Classroom{id=4, roomName='A-4', roomType='Lecture', roomCapacity=50, building=Building{id=1, buildingName='Changed name'}}, course=Course{id=3, courseName='Name'}, teacher=Teacher{id=3, firstName='Freya', lastName='Shepp', faculty=Faculty{id=3, facultyName='Faculty of Arts'}}}, Lesson{id=77, date=2021-01-27, startTime=11:10, endTime=12:50, classroom=Classroom{id=1, roomName='A-1', roomType='Class', roomCapacity=30, building=Building{id=1, buildingName='Changed name'}}, course=Course{id=3, courseName='Name'}, teacher=Teacher{id=3, firstName='Freya', lastName='Shepp', faculty=Faculty{id=3, facultyName='Faculty of Arts'}}}, Lesson{id=78, date=2021-01-27, startTime=13:00, endTime=14:40, classroom=Classroom{id=2, roomName='A-2', roomType='Class', roomCapacity=30, building=Building{id=1, buildingName='Changed name'}}, course=Course{id=4, courseName='Political science'}, teacher=Teacher{id=4, firstName='Olivia', lastName='Blake', faculty=Faculty{id=3, facultyName='Faculty of Arts'}}}, Lesson{id=79, date=2021-01-27, startTime=14:50, endTime=16:30, classroom=Classroom{id=3, roomName='A-3', roomType='Class', roomCapacity=30, building=Building{id=1, buildingName='Changed name'}}, course=Course{id=4, courseName='Political science'}, teacher=Teacher{id=4, firstName='Olivia', lastName='Blake', faculty=Faculty{id=3, facultyName='Faculty of Arts'}}}, Lesson{id=80, date=2021-01-27, startTime=16:40, endTime=18:20, classroom=Classroom{id=4, roomName='A-4', roomType='Lecture', roomCapacity=50, building=Building{id=1, buildingName='Changed name'}}, course=Course{id=5, courseName='Culture'}, teacher=Teacher{id=5, firstName='Scarlett', lastName='Nimoy', faculty=Faculty{id=3, facultyName='Faculty of Arts'}}}, Lesson{id=81, date=2021-01-27, startTime=09:20, endTime=11:00, classroom=Classroom{id=9, roomName='New name', roomType='Lecture', roomCapacity=50, building=Building{id=2, buildingName='B'}}, course=Course{id=6, courseName='Biology'}, teacher=Teacher{id=6, firstName='Ellie', lastName='Purh', faculty=Faculty{id=1, facultyName='Changed faculty name'}}}, Lesson{id=82, date=2021-01-27, startTime=11:10, endTime=12:50, classroom=Classroom{id=9, roomName='New name', roomType='Lecture', roomCapacity=50, building=Building{id=2, buildingName='B'}}, course=Course{id=6, courseName='Biology'}, teacher=Teacher{id=6, firstName='Ellie', lastName='Purh', faculty=Faculty{id=1, facultyName='Changed faculty name'}}}, Lesson{id=83, date=2021-01-27, startTime=13:00, endTime=14:40, classroom=Classroom{id=6, roomName='B-1', roomType='Class', roomCapacity=30, building=Building{id=2, buildingName='B'}}, course=Course{id=6, courseName='Biology'}, teacher=Teacher{id=7, firstName='Charlie', lastName='Byrne', faculty=Faculty{id=1, facultyName='Changed faculty name'}}}, Lesson{id=84, date=2021-01-27, startTime=14:50, endTime=16:30, classroom=Classroom{id=7, roomName='B-2', roomType='Class', roomCapacity=30, building=Building{id=2, buildingName='B'}}, course=Course{id=6, courseName='Biology'}, teacher=Teacher{id=7, firstName='Charlie', lastName='Byrne', faculty=Faculty{id=1, facultyName='Changed faculty name'}}}, Lesson{id=85, date=2021-01-27, startTime=16:40, endTime=18:20, classroom=Classroom{id=10, roomName='B-5', roomType='Laboratory', roomCapacity=10, building=Building{id=2, buildingName='B'}}, course=Course{id=6, courseName='Biology'}, teacher=Teacher{id=7, firstName='Charlie', lastName='Byrne', faculty=Faculty{id=1, facultyName='Changed faculty name'}}}, Lesson{id=86, date=2021-01-27, startTime=09:20, endTime=11:00, classroom=Classroom{id=14, roomName='C-4', roomType='Lecture', roomCapacity=50, building=Building{id=3, buildingName='C'}}, course=Course{id=10, courseName='Geometry'}, teacher=Teacher{id=12, firstName='Mia', lastName='Brown', faculty=Faculty{id=2, facultyName='Technical Sciences Faculty'}}}, Lesson{id=87, date=2021-01-27, startTime=11:10, endTime=12:50, classroom=Classroom{id=14, roomName='C-4', roomType='Lecture', roomCapacity=50, building=Building{id=3, buildingName='C'}}, course=Course{id=10, courseName='Geometry'}, teacher=Teacher{id=12, firstName='Mia', lastName='Brown', faculty=Faculty{id=2, facultyName='Technical Sciences Faculty'}}}, Lesson{id=88, date=2021-01-27, startTime=13:00, endTime=14:40, classroom=Classroom{id=11, roomName='C-1', roomType='Class', roomCapacity=30, building=Building{id=3, buildingName='C'}}, course=Course{id=10, courseName='Geometry'}, teacher=Teacher{id=12, firstName='Mia', lastName='Brown', faculty=Faculty{id=2, facultyName='Technical Sciences Faculty'}}}, Lesson{id=89, date=2021-01-27, startTime=14:50, endTime=16:30, classroom=Classroom{id=13, roomName='C-3', roomType='Class', roomCapacity=30, building=Building{id=3, buildingName='C'}}, course=Course{id=10, courseName='Geometry'}, teacher=Teacher{id=12, firstName='Mia', lastName='Brown', faculty=Faculty{id=2, facultyName='Technical Sciences Faculty'}}}, Lesson{id=90, date=2021-01-27, startTime=16:40, endTime=18:20, classroom=Classroom{id=15, roomName='C-5', roomType='Laboratory', roomCapacity=10, building=Building{id=3, buildingName='C'}}, course=Course{id=10, courseName='Geometry'}, teacher=Teacher{id=12, firstName='Mia', lastName='Brown', faculty=Faculty{id=2, facultyName='Technical Sciences Faculty'}}}, Lesson{id=91, date=2021-01-28, startTime=09:20, endTime=11:00, classroom=Classroom{id=4, roomName='A-4', roomType='Lecture', roomCapacity=50, building=Building{id=1, buildingName='Changed name'}}, course=Course{id=4, courseName='Political science'}, teacher=Teacher{id=4, firstName='Olivia', lastName='Blake', faculty=Faculty{id=3, facultyName='Faculty of Arts'}}}, Lesson{id=92, date=2021-01-28, startTime=11:10, endTime=12:50, classroom=Classroom{id=1, roomName='A-1', roomType='Class', roomCapacity=30, building=Building{id=1, buildingName='Changed name'}}, course=Course{id=4, courseName='Political science'}, teacher=Teacher{id=4, firstName='Olivia', lastName='Blake', faculty=Faculty{id=3, facultyName='Faculty of Arts'}}}, Lesson{id=93, date=2021-01-28, startTime=13:00, endTime=14:40, classroom=Classroom{id=2, roomName='A-2', roomType='Class', roomCapacity=30, building=Building{id=1, buildingName='Changed name'}}, course=Course{id=5, courseName='Culture'}, teacher=Teacher{id=5, firstName='Scarlett', lastName='Nimoy', faculty=Faculty{id=3, facultyName='Faculty of Arts'}}}, Lesson{id=94, date=2021-01-28, startTime=14:50, endTime=16:30, classroom=Classroom{id=3, roomName='A-3', roomType='Class', roomCapacity=30, building=Building{id=1, buildingName='Changed name'}}, course=Course{id=5, courseName='Culture'}, teacher=Teacher{id=5, firstName='Scarlett', lastName='Nimoy', faculty=Faculty{id=3, facultyName='Faculty of Arts'}}}, Lesson{id=95, date=2021-01-28, startTime=16:40, endTime=18:20, classroom=Classroom{id=4, roomName='A-4', roomType='Lecture', roomCapacity=50, building=Building{id=1, buildingName='Changed name'}}, course=Course{id=1, courseName='History'}, teacher=Teacher{id=1, firstName='Albert', lastName='Sykes', faculty=Faculty{id=3, facultyName='Faculty of Arts'}}}, Lesson{id=96, date=2021-01-28, startTime=09:20, endTime=11:00, classroom=Classroom{id=9, roomName='New name', roomType='Lecture', roomCapacity=50, building=Building{id=2, buildingName='B'}}, course=Course{id=7, courseName='Chemistry'}, teacher=Teacher{id=8, firstName='Samuel', lastName='Travis', faculty=Faculty{id=1, facultyName='Changed faculty name'}}}, Lesson{id=97, date=2021-01-28, startTime=11:10, endTime=12:50, classroom=Classroom{id=9, roomName='New name', roomType='Lecture', roomCapacity=50, building=Building{id=2, buildingName='B'}}, course=Course{id=7, courseName='Chemistry'}, teacher=Teacher{id=8, firstName='Samuel', lastName='Travis', faculty=Faculty{id=1, facultyName='Changed faculty name'}}}, Lesson{id=98, date=2021-01-28, startTime=13:00, endTime=14:40, classroom=Classroom{id=6, roomName='B-1', roomType='Class', roomCapacity=30, building=Building{id=2, buildingName='B'}}, course=Course{id=7, courseName='Chemistry'}, teacher=Teacher{id=9, firstName='Albert', lastName='Hill', faculty=Faculty{id=1, facultyName='Changed faculty name'}}}, Lesson{id=99, date=2021-01-28, startTime=14:50, endTime=16:30, classroom=Classroom{id=7, roomName='B-2', roomType='Class', roomCapacity=30, building=Building{id=2, buildingName='B'}}, course=Course{id=7, courseName='Chemistry'}, teacher=Teacher{id=9, firstName='Albert', lastName='Hill', faculty=Faculty{id=1, facultyName='Changed faculty name'}}}, Lesson{id=100, date=2021-01-28, startTime=16:40, endTime=18:20, classroom=Classroom{id=10, roomName='B-5', roomType='Laboratory', roomCapacity=10, building=Building{id=2, buildingName='B'}}, course=Course{id=7, courseName='Chemistry'}, teacher=Teacher{id=9, firstName='Albert', lastName='Hill', faculty=Faculty{id=1, facultyName='Changed faculty name'}}}, Lesson{id=101, date=2021-01-28, startTime=09:20, endTime=11:00, classroom=Classroom{id=14, roomName='C-4', roomType='Lecture', roomCapacity=50, building=Building{id=3, buildingName='C'}}, course=Course{id=8, courseName='Mathematics'}, teacher=Teacher{id=10, firstName='Joshua', lastName='Eve', faculty=Faculty{id=2, facultyName='Technical Sciences Faculty'}}}, Lesson{id=102, date=2021-01-28, startTime=11:10, endTime=12:50, classroom=Classroom{id=14, roomName='C-4', roomType='Lecture', roomCapacity=50, building=Building{id=3, buildingName='C'}}, course=Course{id=8, courseName='Mathematics'}, teacher=Teacher{id=10, firstName='Joshua', lastName='Eve', faculty=Faculty{id=2, facultyName='Technical Sciences Faculty'}}}, Lesson{id=103, date=2021-01-28, startTime=13:00, endTime=14:40, classroom=Classroom{id=12, roomName='C-2', roomType='Class', roomCapacity=30, building=Building{id=3, buildingName='C'}}, course=Course{id=9, courseName='Physics'}, teacher=Teacher{id=11, firstName='Sophia', lastName='Roos', faculty=Faculty{id=2, facultyName='Technical Sciences Faculty'}}}, Lesson{id=104, date=2021-01-28, startTime=14:50, endTime=16:30, classroom=Classroom{id=12, roomName='C-2', roomType='Class', roomCapacity=30, building=Building{id=3, buildingName='C'}}, course=Course{id=10, courseName='Geometry'}, teacher=Teacher{id=12, firstName='Mia', lastName='Brown', faculty=Faculty{id=2, facultyName='Technical Sciences Faculty'}}}, Lesson{id=105, date=2021-01-28, startTime=16:40, endTime=18:20, classroom=Classroom{id=15, roomName='C-5', roomType='Laboratory', roomCapacity=10, building=Building{id=3, buildingName='C'}}, course=Course{id=8, courseName='Mathematics'}, teacher=Teacher{id=10, firstName='Joshua', lastName='Eve', faculty=Faculty{id=2, facultyName='Technical Sciences Faculty'}}}, Lesson{id=106, date=2021-01-29, startTime=09:20, endTime=11:00, classroom=Classroom{id=4, roomName='A-4', roomType='Lecture', roomCapacity=50, building=Building{id=1, buildingName='Changed name'}}, course=Course{id=5, courseName='Culture'}, teacher=Teacher{id=5, firstName='Scarlett', lastName='Nimoy', faculty=Faculty{id=3, facultyName='Faculty of Arts'}}}, Lesson{id=107, date=2021-01-29, startTime=11:10, endTime=12:50, classroom=Classroom{id=1, roomName='A-1', roomType='Class', roomCapacity=30, building=Building{id=1, buildingName='Changed name'}}, course=Course{id=5, courseName='Culture'}, teacher=Teacher{id=5, firstName='Scarlett', lastName='Nimoy', faculty=Faculty{id=3, facultyName='Faculty of Arts'}}}, Lesson{id=108, date=2021-01-29, startTime=13:00, endTime=14:40, classroom=Classroom{id=2, roomName='A-2', roomType='Class', roomCapacity=30, building=Building{id=1, buildingName='Changed name'}}, course=Course{id=1, courseName='History'}, teacher=Teacher{id=1, firstName='Albert', lastName='Sykes', faculty=Faculty{id=3, facultyName='Faculty of Arts'}}}, Lesson{id=109, date=2021-01-29, startTime=14:50, endTime=16:30, classroom=Classroom{id=3, roomName='A-3', roomType='Class', roomCapacity=30, building=Building{id=1, buildingName='Changed name'}}, course=Course{id=1, courseName='History'}, teacher=Teacher{id=1, firstName='Albert', lastName='Sykes', faculty=Faculty{id=3, facultyName='Faculty of Arts'}}}, Lesson{id=110, date=2021-01-29, startTime=16:40, endTime=18:20, classroom=Classroom{id=4, roomName='A-4', roomType='Lecture', roomCapacity=50, building=Building{id=1, buildingName='Changed name'}}, course=Course{id=2, courseName='Philosophy'}, teacher=Teacher{id=2, firstName='Stanley', lastName='Gruber', faculty=Faculty{id=3, facultyName='Faculty of Arts'}}}, Lesson{id=111, date=2021-01-29, startTime=09:20, endTime=11:00, classroom=Classroom{id=9, roomName='New name', roomType='Lecture', roomCapacity=50, building=Building{id=2, buildingName='B'}}, course=Course{id=6, courseName='Biology'}, teacher=Teacher{id=6, firstName='Ellie', lastName='Purh', faculty=Faculty{id=1, facultyName='Changed faculty name'}}}, Lesson{id=112, date=2021-01-29, startTime=11:10, endTime=12:50, classroom=Classroom{id=9, roomName='New name', roomType='Lecture', roomCapacity=50, building=Building{id=2, buildingName='B'}}, course=Course{id=6, courseName='Biology'}, teacher=Teacher{id=6, firstName='Ellie', lastName='Purh', faculty=Faculty{id=1, facultyName='Changed faculty name'}}}, Lesson{id=113, date=2021-01-29, startTime=13:00, endTime=14:40, classroom=Classroom{id=6, roomName='B-1', roomType='Class', roomCapacity=30, building=Building{id=2, buildingName='B'}}, course=Course{id=6, courseName='Biology'}, teacher=Teacher{id=7, firstName='Charlie', lastName='Byrne', faculty=Faculty{id=1, facultyName='Changed faculty name'}}}, Lesson{id=114, date=2021-01-29, startTime=14:50, endTime=16:30, classroom=Classroom{id=7, roomName='B-2', roomType='Class', roomCapacity=30, building=Building{id=2, buildingName='B'}}, course=Course{id=6, courseName='Biology'}, teacher=Teacher{id=7, firstName='Charlie', lastName='Byrne', faculty=Faculty{id=1, facultyName='Changed faculty name'}}}, Lesson{id=115, date=2021-01-29, startTime=16:40, endTime=18:20, classroom=Classroom{id=10, roomName='B-5', roomType='Laboratory', roomCapacity=10, building=Building{id=2, buildingName='B'}}, course=Course{id=6, courseName='Biology'}, teacher=Teacher{id=7, firstName='Charlie', lastName='Byrne', faculty=Faculty{id=1, facultyName='Changed faculty name'}}}, Lesson{id=116, date=2021-01-29, startTime=09:20, endTime=11:00, classroom=Classroom{id=14, roomName='C-4', roomType='Lecture', roomCapacity=50, building=Building{id=3, buildingName='C'}}, course=Course{id=9, courseName='Physics'}, teacher=Teacher{id=11, firstName='Sophia', lastName='Roos', faculty=Faculty{id=2, facultyName='Technical Sciences Faculty'}}}, Lesson{id=117, date=2021-01-29, startTime=11:10, endTime=12:50, classroom=Classroom{id=14, roomName='C-4', roomType='Lecture', roomCapacity=50, building=Building{id=3, buildingName='C'}}, course=Course{id=10, courseName='Geometry'}, teacher=Teacher{id=12, firstName='Mia', lastName='Brown', faculty=Faculty{id=2, facultyName='Technical Sciences Faculty'}}}, Lesson{id=118, date=2021-01-29, startTime=13:00, endTime=14:40, classroom=Classroom{id=13, roomName='C-3', roomType='Class', roomCapacity=30, building=Building{id=3, buildingName='C'}}, course=Course{id=8, courseName='Mathematics'}, teacher=Teacher{id=10, firstName='Joshua', lastName='Eve', faculty=Faculty{id=2, facultyName='Technical Sciences Faculty'}}}, Lesson{id=119, date=2021-01-29, startTime=14:50, endTime=16:30, classroom=Classroom{id=15, roomName='C-5', roomType='Laboratory', roomCapacity=10, building=Building{id=3, buildingName='C'}}, course=Course{id=9, courseName='Physics'}, teacher=Teacher{id=11, firstName='Sophia', lastName='Roos', faculty=Faculty{id=2, facultyName='Technical Sciences Faculty'}}}, Lesson{id=120, date=2021-01-29, startTime=16:40, endTime=18:20, classroom=Classroom{id=15, roomName='C-5', roomType='Laboratory', roomCapacity=10, building=Building{id=3, buildingName='C'}}, course=Course{id=10, courseName='Geometry'}, teacher=Teacher{id=12, firstName='Mia', lastName='Brown', faculty=Faculty{id=2, facultyName='Technical Sciences Faculty'}}}, Lesson{id=121, date=2021-02-01, startTime=09:20, endTime=11:00, classroom=Classroom{id=4, roomName='A-4', roomType='Lecture', roomCapacity=50, building=Building{id=1, buildingName='Changed name'}}, course=Course{id=1, courseName='History'}, teacher=Teacher{id=1, firstName='Albert', lastName='Sykes', faculty=Faculty{id=3, facultyName='Faculty of Arts'}}}, Lesson{id=122, date=2021-02-01, startTime=11:10, endTime=12:50, classroom=Classroom{id=1, roomName='A-1', roomType='Class', roomCapacity=30, building=Building{id=1, buildingName='Changed name'}}, course=Course{id=1, courseName='History'}, teacher=Teacher{id=1, firstName='Albert', lastName='Sykes', faculty=Faculty{id=3, facultyName='Faculty of Arts'}}}, Lesson{id=123, date=2021-02-01, startTime=13:00, endTime=14:40, classroom=Classroom{id=2, roomName='A-2', roomType='Class', roomCapacity=30, building=Building{id=1, buildingName='Changed name'}}, course=Course{id=2, courseName='Philosophy'}, teacher=Teacher{id=2, firstName='Stanley', lastName='Gruber', faculty=Faculty{id=3, facultyName='Faculty of Arts'}}}, Lesson{id=124, date=2021-02-01, startTime=14:50, endTime=16:30, classroom=Classroom{id=3, roomName='A-3', roomType='Class', roomCapacity=30, building=Building{id=1, buildingName='Changed name'}}, course=Course{id=2, courseName='Philosophy'}, teacher=Teacher{id=2, firstName='Stanley', lastName='Gruber', faculty=Faculty{id=3, facultyName='Faculty of Arts'}}}, Lesson{id=125, date=2021-02-01, startTime=16:40, endTime=18:20, classroom=Classroom{id=4, roomName='A-4', roomType='Lecture', roomCapacity=50, building=Building{id=1, buildingName='Changed name'}}, course=Course{id=3, courseName='Name'}, teacher=Teacher{id=3, firstName='Freya', lastName='Shepp', faculty=Faculty{id=3, facultyName='Faculty of Arts'}}}, Lesson{id=126, date=2021-02-01, startTime=09:20, endTime=11:00, classroom=Classroom{id=9, roomName='New name', roomType='Lecture', roomCapacity=50, building=Building{id=2, buildingName='B'}}, course=Course{id=6, courseName='Biology'}, teacher=Teacher{id=6, firstName='Ellie', lastName='Purh', faculty=Faculty{id=1, facultyName='Changed faculty name'}}}, Lesson{id=127, date=2021-02-01, startTime=11:10, endTime=12:50, classroom=Classroom{id=9, roomName='New name', roomType='Lecture', roomCapacity=50, building=Building{id=2, buildingName='B'}}, course=Course{id=6, courseName='Biology'}, teacher=Teacher{id=6, firstName='Ellie', lastName='Purh', faculty=Faculty{id=1, facultyName='Changed faculty name'}}}, Lesson{id=128, date=2021-02-01, startTime=13:00, endTime=14:40, classroom=Classroom{id=6, roomName='B-1', roomType='Class', roomCapacity=30, building=Building{id=2, buildingName='B'}}, course=Course{id=6, courseName='Biology'}, teacher=Teacher{id=7, firstName='Charlie', lastName='Byrne', faculty=Faculty{id=1, facultyName='Changed faculty name'}}}, Lesson{id=129, date=2021-02-01, startTime=14:50, endTime=16:30, classroom=Classroom{id=7, roomName='B-2', roomType='Class', roomCapacity=30, building=Building{id=2, buildingName='B'}}, course=Course{id=6, courseName='Biology'}, teacher=Teacher{id=7, firstName='Charlie', lastName='Byrne', faculty=Faculty{id=1, facultyName='Changed faculty name'}}}, Lesson{id=130, date=2021-02-01, startTime=16:40, endTime=18:20, classroom=Classroom{id=10, roomName='B-5', roomType='Laboratory', roomCapacity=10, building=Building{id=2, buildingName='B'}}, course=Course{id=6, courseName='Biology'}, teacher=Teacher{id=7, firstName='Charlie', lastName='Byrne', faculty=Faculty{id=1, facultyName='Changed faculty name'}}}, Lesson{id=131, date=2021-02-01, startTime=09:20, endTime=11:00, classroom=Classroom{id=14, roomName='C-4', roomType='Lecture', roomCapacity=50, building=Building{id=3, buildingName='C'}}, course=Course{id=8, courseName='Mathematics'}, teacher=Teacher{id=10, firstName='Joshua', lastName='Eve', faculty=Faculty{id=2, facultyName='Technical Sciences Faculty'}}}, Lesson{id=132, date=2021-02-01, startTime=11:10, endTime=12:50, classroom=Classroom{id=14, roomName='C-4', roomType='Lecture', roomCapacity=50, building=Building{id=3, buildingName='C'}}, course=Course{id=8, courseName='Mathematics'}, teacher=Teacher{id=10, firstName='Joshua', lastName='Eve', faculty=Faculty{id=2, facultyName='Technical Sciences Faculty'}}}, Lesson{id=133, date=2021-02-01, startTime=13:00, endTime=14:40, classroom=Classroom{id=11, roomName='C-1', roomType='Class', roomCapacity=30, building=Building{id=3, buildingName='C'}}, course=Course{id=8, courseName='Mathematics'}, teacher=Teacher{id=10, firstName='Joshua', lastName='Eve', faculty=Faculty{id=2, facultyName='Technical Sciences Faculty'}}}, Lesson{id=134, date=2021-02-01, startTime=14:50, endTime=16:30, classroom=Classroom{id=13, roomName='C-3', roomType='Class', roomCapacity=30, building=Building{id=3, buildingName='C'}}, course=Course{id=8, courseName='Mathematics'}, teacher=Teacher{id=10, firstName='Joshua', lastName='Eve', faculty=Faculty{id=2, facultyName='Technical Sciences Faculty'}}}, Lesson{id=135, date=2021-02-01, startTime=16:40, endTime=18:20, classroom=Classroom{id=15, roomName='C-5', roomType='Laboratory', roomCapacity=10, building=Building{id=3, buildingName='C'}}, course=Course{id=8, courseName='Mathematics'}, teacher=Teacher{id=10, firstName='Joshua', lastName='Eve', faculty=Faculty{id=2, facultyName='Technical Sciences Faculty'}}}, Lesson{id=136, date=2021-02-02, startTime=09:20, endTime=11:00, classroom=Classroom{id=4, roomName='A-4', roomType='Lecture', roomCapacity=50, building=Building{id=1, buildingName='Changed name'}}, course=Course{id=2, courseName='Philosophy'}, teacher=Teacher{id=2, firstName='Stanley', lastName='Gruber', faculty=Faculty{id=3, facultyName='Faculty of Arts'}}}, Lesson{id=137, date=2021-02-02, startTime=11:10, endTime=12:50, classroom=Classroom{id=1, roomName='A-1', roomType='Class', roomCapacity=30, building=Building{id=1, buildingName='Changed name'}}, course=Course{id=2, courseName='Philosophy'}, teacher=Teacher{id=2, firstName='Stanley', lastName='Gruber', faculty=Faculty{id=3, facultyName='Faculty of Arts'}}}, Lesson{id=138, date=2021-02-02, startTime=13:00, endTime=14:40, classroom=Classroom{id=2, roomName='A-2', roomType='Class', roomCapacity=30, building=Building{id=1, buildingName='Changed name'}}, course=Course{id=3, courseName='Name'}, teacher=Teacher{id=3, firstName='Freya', lastName='Shepp', faculty=Faculty{id=3, facultyName='Faculty of Arts'}}}, Lesson{id=139, date=2021-02-02, startTime=14:50, endTime=16:30, classroom=Classroom{id=3, roomName='A-3', roomType='Class', roomCapacity=30, building=Building{id=1, buildingName='Changed name'}}, course=Course{id=3, courseName='Name'}, teacher=Teacher{id=3, firstName='Freya', lastName='Shepp', faculty=Faculty{id=3, facultyName='Faculty of Arts'}}}, Lesson{id=140, date=2021-02-02, startTime=16:40, endTime=18:20, classroom=Classroom{id=4, roomName='A-4', roomType='Lecture', roomCapacity=50, building=Building{id=1, buildingName='Changed name'}}, course=Course{id=4, courseName='Political science'}, teacher=Teacher{id=4, firstName='Olivia', lastName='Blake', faculty=Faculty{id=3, facultyName='Faculty of Arts'}}}, Lesson{id=141, date=2021-02-02, startTime=09:20, endTime=11:00, classroom=Classroom{id=9, roomName='New name', roomType='Lecture', roomCapacity=50, building=Building{id=2, buildingName='B'}}, course=Course{id=7, courseName='Chemistry'}, teacher=Teacher{id=8, firstName='Samuel', lastName='Travis', faculty=Faculty{id=1, facultyName='Changed faculty name'}}}, Lesson{id=142, date=2021-02-02, startTime=11:10, endTime=12:50, classroom=Classroom{id=9, roomName='New name', roomType='Lecture', roomCapacity=50, building=Building{id=2, buildingName='B'}}, course=Course{id=7, courseName='Chemistry'}, teacher=Teacher{id=8, firstName='Samuel', lastName='Travis', faculty=Faculty{id=1, facultyName='Changed faculty name'}}}, Lesson{id=143, date=2021-02-02, startTime=13:00, endTime=14:40, classroom=Classroom{id=6, roomName='B-1', roomType='Class', roomCapacity=30, building=Building{id=2, buildingName='B'}}, course=Course{id=7, courseName='Chemistry'}, teacher=Teacher{id=9, firstName='Albert', lastName='Hill', faculty=Faculty{id=1, facultyName='Changed faculty name'}}}, Lesson{id=144, date=2021-02-02, startTime=14:50, endTime=16:30, classroom=Classroom{id=7, roomName='B-2', roomType='Class', roomCapacity=30, building=Building{id=2, buildingName='B'}}, course=Course{id=7, courseName='Chemistry'}, teacher=Teacher{id=9, firstName='Albert', lastName='Hill', faculty=Faculty{id=1, facultyName='Changed faculty name'}}}, Lesson{id=145, date=2021-02-02, startTime=16:40, endTime=18:20, classroom=Classroom{id=10, roomName='B-5', roomType='Laboratory', roomCapacity=10, building=Building{id=2, buildingName='B'}}, course=Course{id=7, courseName='Chemistry'}, teacher=Teacher{id=9, firstName='Albert', lastName='Hill', faculty=Faculty{id=1, facultyName='Changed faculty name'}}}, Lesson{id=146, date=2021-02-02, startTime=09:20, endTime=11:00, classroom=Classroom{id=14, roomName='C-4', roomType='Lecture', roomCapacity=50, building=Building{id=3, buildingName='C'}}, course=Course{id=9, courseName='Physics'}, teacher=Teacher{id=11, firstName='Sophia', lastName='Roos', faculty=Faculty{id=2, facultyName='Technical Sciences Faculty'}}}, Lesson{id=147, date=2021-02-02, startTime=11:10, endTime=12:50, classroom=Classroom{id=14, roomName='C-4', roomType='Lecture', roomCapacity=50, building=Building{id=3, buildingName='C'}}, course=Course{id=9, courseName='Physics'}, teacher=Teacher{id=11, firstName='Sophia', lastName='Roos', faculty=Faculty{id=2, facultyName='Technical Sciences Faculty'}}}, Lesson{id=148, date=2021-02-02, startTime=13:00, endTime=14:40, classroom=Classroom{id=11, roomName='C-1', roomType='Class', roomCapacity=30, building=Building{id=3, buildingName='C'}}, course=Course{id=9, courseName='Physics'}, teacher=Teacher{id=11, firstName='Sophia', lastName='Roos', faculty=Faculty{id=2, facultyName='Technical Sciences Faculty'}}}, Lesson{id=149, date=2021-02-02, startTime=14:50, endTime=16:30, classroom=Classroom{id=13, roomName='C-3', roomType='Class', roomCapacity=30, building=Building{id=3, buildingName='C'}}, course=Course{id=9, courseName='Physics'}, teacher=Teacher{id=11, firstName='Sophia', lastName='Roos', faculty=Faculty{id=2, facultyName='Technical Sciences Faculty'}}}, Lesson{id=150, date=2021-02-02, startTime=16:40, endTime=18:20, classroom=Classroom{id=15, roomName='C-5', roomType='Laboratory', roomCapacity=10, building=Building{id=3, buildingName='C'}}, course=Course{id=9, courseName='Physics'}, teacher=Teacher{id=11, firstName='Sophia', lastName='Roos', faculty=Faculty{id=2, facultyName='Technical Sciences Faculty'}}}, Lesson{id=151, date=2021-02-03, startTime=09:20, endTime=11:00, classroom=Classroom{id=4, roomName='A-4', roomType='Lecture', roomCapacity=50, building=Building{id=1, buildingName='Changed name'}}, course=Course{id=3, courseName='Name'}, teacher=Teacher{id=3, firstName='Freya', lastName='Shepp', faculty=Faculty{id=3, facultyName='Faculty of Arts'}}}, Lesson{id=152, date=2021-02-03, startTime=11:10, endTime=12:50, classroom=Classroom{id=1, roomName='A-1', roomType='Class', roomCapacity=30, building=Building{id=1, buildingName='Changed name'}}, course=Course{id=3, courseName='Name'}, teacher=Teacher{id=3, firstName='Freya', lastName='Shepp', faculty=Faculty{id=3, facultyName='Faculty of Arts'}}}, Lesson{id=153, date=2021-02-03, startTime=13:00, endTime=14:40, classroom=Classroom{id=2, roomName='A-2', roomType='Class', roomCapacity=30, building=Building{id=1, buildingName='Changed name'}}, course=Course{id=4, courseName='Political science'}, teacher=Teacher{id=4, firstName='Olivia', lastName='Blake', faculty=Faculty{id=3, facultyName='Faculty of Arts'}}}, Lesson{id=154, date=2021-02-03, startTime=14:50, endTime=16:30, classroom=Classroom{id=3, roomName='A-3', roomType='Class', roomCapacity=30, building=Building{id=1, buildingName='Changed name'}}, course=Course{id=4, courseName='Political science'}, teacher=Teacher{id=4, firstName='Olivia', lastName='Blake', faculty=Faculty{id=3, facultyName='Faculty of Arts'}}}, Lesson{id=155, date=2021-02-03, startTime=16:40, endTime=18:20, classroom=Classroom{id=4, roomName='A-4', roomType='Lecture', roomCapacity=50, building=Building{id=1, buildingName='Changed name'}}, course=Course{id=5, courseName='Culture'}, teacher=Teacher{id=5, firstName='Scarlett', lastName='Nimoy', faculty=Faculty{id=3, facultyName='Faculty of Arts'}}}, Lesson{id=156, date=2021-02-03, startTime=09:20, endTime=11:00, classroom=Classroom{id=9, roomName='New name', roomType='Lecture', roomCapacity=50, building=Building{id=2, buildingName='B'}}, course=Course{id=6, courseName='Biology'}, teacher=Teacher{id=6, firstName='Ellie', lastName='Purh', faculty=Faculty{id=1, facultyName='Changed faculty name'}}}, Lesson{id=157, date=2021-02-03, startTime=11:10, endTime=12:50, classroom=Classroom{id=9, roomName='New name', roomType='Lecture', roomCapacity=50, building=Building{id=2, buildingName='B'}}, course=Course{id=6, courseName='Biology'}, teacher=Teacher{id=6, firstName='Ellie', lastName='Purh', faculty=Faculty{id=1, facultyName='Changed faculty name'}}}, Lesson{id=158, date=2021-02-03, startTime=13:00, endTime=14:40, classroom=Classroom{id=6, roomName='B-1', roomType='Class', roomCapacity=30, building=Building{id=2, buildingName='B'}}, course=Course{id=6, courseName='Biology'}, teacher=Teacher{id=7, firstName='Charlie', lastName='Byrne', faculty=Faculty{id=1, facultyName='Changed faculty name'}}}, Lesson{id=159, date=2021-02-03, startTime=14:50, endTime=16:30, classroom=Classroom{id=7, roomName='B-2', roomType='Class', roomCapacity=30, building=Building{id=2, buildingName='B'}}, course=Course{id=6, courseName='Biology'}, teacher=Teacher{id=7, firstName='Charlie', lastName='Byrne', faculty=Faculty{id=1, facultyName='Changed faculty name'}}}, Lesson{id=160, date=2021-02-03, startTime=16:40, endTime=18:20, classroom=Classroom{id=10, roomName='B-5', roomType='Laboratory', roomCapacity=10, building=Building{id=2, buildingName='B'}}, course=Course{id=6, courseName='Biology'}, teacher=Teacher{id=7, firstName='Charlie', lastName='Byrne', faculty=Faculty{id=1, facultyName='Changed faculty name'}}}, Lesson{id=161, date=2021-02-03, startTime=09:20, endTime=11:00, classroom=Classroom{id=14, roomName='C-4', roomType='Lecture', roomCapacity=50, building=Building{id=3, buildingName='C'}}, course=Course{id=10, courseName='Geometry'}, teacher=Teacher{id=12, firstName='Mia', lastName='Brown', faculty=Faculty{id=2, facultyName='Technical Sciences Faculty'}}}, Lesson{id=162, date=2021-02-03, startTime=11:10, endTime=12:50, classroom=Classroom{id=14, roomName='C-4', roomType='Lecture', roomCapacity=50, building=Building{id=3, buildingName='C'}}, course=Course{id=10, courseName='Geometry'}, teacher=Teacher{id=12, firstName='Mia', lastName='Brown', faculty=Faculty{id=2, facultyName='Technical Sciences Faculty'}}}, Lesson{id=163, date=2021-02-03, startTime=13:00, endTime=14:40, classroom=Classroom{id=11, roomName='C-1', roomType='Class', roomCapacity=30, building=Building{id=3, buildingName='C'}}, course=Course{id=10, courseName='Geometry'}, teacher=Teacher{id=12, firstName='Mia', lastName='Brown', faculty=Faculty{id=2, facultyName='Technical Sciences Faculty'}}}, Lesson{id=164, date=2021-02-03, startTime=14:50, endTime=16:30, classroom=Classroom{id=13, roomName='C-3', roomType='Class', roomCapacity=30, building=Building{id=3, buildingName='C'}}, course=Course{id=10, courseName='Geometry'}, teacher=Teacher{id=12, firstName='Mia', lastName='Brown', faculty=Faculty{id=2, facultyName='Technical Sciences Faculty'}}}, Lesson{id=165, date=2021-02-03, startTime=16:40, endTime=18:20, classroom=Classroom{id=15, roomName='C-5', roomType='Laboratory', roomCapacity=10, building=Building{id=3, buildingName='C'}}, course=Course{id=10, courseName='Geometry'}, teacher=Teacher{id=12, firstName='Mia', lastName='Brown', faculty=Faculty{id=2, facultyName='Technical Sciences Faculty'}}}, Lesson{id=166, date=2021-02-04, startTime=09:20, endTime=11:00, classroom=Classroom{id=4, roomName='A-4', roomType='Lecture', roomCapacity=50, building=Building{id=1, buildingName='Changed name'}}, course=Course{id=4, courseName='Political science'}, teacher=Teacher{id=4, firstName='Olivia', lastName='Blake', faculty=Faculty{id=3, facultyName='Faculty of Arts'}}}, Lesson{id=167, date=2021-02-04, startTime=11:10, endTime=12:50, classroom=Classroom{id=1, roomName='A-1', roomType='Class', roomCapacity=30, building=Building{id=1, buildingName='Changed name'}}, course=Course{id=4, courseName='Political science'}, teacher=Teacher{id=4, firstName='Olivia', lastName='Blake', faculty=Faculty{id=3, facultyName='Faculty of Arts'}}}, Lesson{id=168, date=2021-02-04, startTime=13:00, endTime=14:40, classroom=Classroom{id=2, roomName='A-2', roomType='Class', roomCapacity=30, building=Building{id=1, buildingName='Changed name'}}, course=Course{id=5, courseName='Culture'}, teacher=Teacher{id=5, firstName='Scarlett', lastName='Nimoy', faculty=Faculty{id=3, facultyName='Faculty of Arts'}}}, Lesson{id=169, date=2021-02-04, startTime=14:50, endTime=16:30, classroom=Classroom{id=3, roomName='A-3', roomType='Class', roomCapacity=30, building=Building{id=1, buildingName='Changed name'}}, course=Course{id=5, courseName='Culture'}, teacher=Teacher{id=5, firstName='Scarlett', lastName='Nimoy', faculty=Faculty{id=3, facultyName='Faculty of Arts'}}}, Lesson{id=170, date=2021-02-04, startTime=16:40, endTime=18:20, classroom=Classroom{id=4, roomName='A-4', roomType='Lecture', roomCapacity=50, building=Building{id=1, buildingName='Changed name'}}, course=Course{id=1, courseName='History'}, teacher=Teacher{id=1, firstName='Albert', lastName='Sykes', faculty=Faculty{id=3, facultyName='Faculty of Arts'}}}, Lesson{id=171, date=2021-02-04, startTime=09:20, endTime=11:00, classroom=Classroom{id=9, roomName='New name', roomType='Lecture', roomCapacity=50, building=Building{id=2, buildingName='B'}}, course=Course{id=7, courseName='Chemistry'}, teacher=Teacher{id=8, firstName='Samuel', lastName='Travis', faculty=Faculty{id=1, facultyName='Changed faculty name'}}}, Lesson{id=172, date=2021-02-04, startTime=11:10, endTime=12:50, classroom=Classroom{id=9, roomName='New name', roomType='Lecture', roomCapacity=50, building=Building{id=2, buildingName='B'}}, course=Course{id=7, courseName='Chemistry'}, teacher=Teacher{id=8, firstName='Samuel', lastName='Trav
[...]
ame='Albert', lastName='Hill', faculty=Faculty{id=1, facultyName='Changed faculty name'}}}, Lesson{id=476, date=2021-03-04, startTime=09:20, endTime=11:00, classroom=Classroom{id=14, roomName='C-4', roomType='Lecture', roomCapacity=50, building=Building{id=3, buildingName='C'}}, course=Course{id=8, courseName='Mathematics'}, teacher=Teacher{id=10, firstName='Joshua', lastName='Eve', faculty=Faculty{id=2, facultyName='Technical Sciences Faculty'}}}, Lesson{id=477, date=2021-03-04, startTime=11:10, endTime=12:50, classroom=Classroom{id=14, roomName='C-4', roomType='Lecture', roomCapacity=50, building=Building{id=3, buildingName='C'}}, course=Course{id=8, courseName='Mathematics'}, teacher=Teacher{id=10, firstName='Joshua', lastName='Eve', faculty=Faculty{id=2, facultyName='Technical Sciences Faculty'}}}, Lesson{id=478, date=2021-03-04, startTime=13:00, endTime=14:40, classroom=Classroom{id=12, roomName='C-2', roomType='Class', roomCapacity=30, building=Building{id=3, buildingName='C'}}, course=Course{id=9, courseName='Physics'}, teacher=Teacher{id=11, firstName='Sophia', lastName='Roos', faculty=Faculty{id=2, facultyName='Technical Sciences Faculty'}}}, Lesson{id=479, date=2021-03-04, startTime=14:50, endTime=16:30, classroom=Classroom{id=12, roomName='C-2', roomType='Class', roomCapacity=30, building=Building{id=3, buildingName='C'}}, course=Course{id=10, courseName='Geometry'}, teacher=Teacher{id=12, firstName='Mia', lastName='Brown', faculty=Faculty{id=2, facultyName='Technical Sciences Faculty'}}}, Lesson{id=480, date=2021-03-04, startTime=16:40, endTime=18:20, classroom=Classroom{id=15, roomName='C-5', roomType='Laboratory', roomCapacity=10, building=Building{id=3, buildingName='C'}}, course=Course{id=8, courseName='Mathematics'}, teacher=Teacher{id=10, firstName='Joshua', lastName='Eve', faculty=Faculty{id=2, facultyName='Technical Sciences Faculty'}}}, Lesson{id=481, date=2021-03-05, startTime=09:20, endTime=11:00, classroom=Classroom{id=4, roomName='A-4', roomType='Lecture', roomCapacity=50, building=Building{id=1, buildingName='Changed name'}}, course=Course{id=5, courseName='Culture'}, teacher=Teacher{id=5, firstName='Scarlett', lastName='Nimoy', faculty=Faculty{id=3, facultyName='Faculty of Arts'}}}, Lesson{id=482, date=2021-03-05, startTime=11:10, endTime=12:50, classroom=Classroom{id=1, roomName='A-1', roomType='Class', roomCapacity=30, building=Building{id=1, buildingName='Changed name'}}, course=Course{id=5, courseName='Culture'}, teacher=Teacher{id=5, firstName='Scarlett', lastName='Nimoy', faculty=Faculty{id=3, facultyName='Faculty of Arts'}}}, Lesson{id=483, date=2021-03-05, startTime=13:00, endTime=14:40, classroom=Classroom{id=2, roomName='A-2', roomType='Class', roomCapacity=30, building=Building{id=1, buildingName='Changed name'}}, course=Course{id=1, courseName='History'}, teacher=Teacher{id=1, firstName='Albert', lastName='Sykes', faculty=Faculty{id=3, facultyName='Faculty of Arts'}}}, Lesson{id=484, date=2021-03-05, startTime=14:50, endTime=16:30, classroom=Classroom{id=3, roomName='A-3', roomType='Class', roomCapacity=30, building=Building{id=1, buildingName='Changed name'}}, course=Course{id=1, courseName='History'}, teacher=Teacher{id=1, firstName='Albert', lastName='Sykes', faculty=Faculty{id=3, facultyName='Faculty of Arts'}}}, Lesson{id=485, date=2021-03-05, startTime=16:40, endTime=18:20, classroom=Classroom{id=4, roomName='A-4', roomType='Lecture', roomCapacity=50, building=Building{id=1, buildingName='Changed name'}}, course=Course{id=2, courseName='Philosophy'}, teacher=Teacher{id=2, firstName='Stanley', lastName='Gruber', faculty=Faculty{id=3, facultyName='Faculty of Arts'}}}, Lesson{id=486, date=2021-03-05, startTime=09:20, endTime=11:00, classroom=Classroom{id=9, roomName='New name', roomType='Lecture', roomCapacity=50, building=Building{id=2, buildingName='B'}}, course=Course{id=6, courseName='Biology'}, teacher=Teacher{id=6, firstName='Ellie', lastName='Purh', faculty=Faculty{id=1, facultyName='Changed faculty name'}}}, Lesson{id=487, date=2021-03-05, startTime=11:10, endTime=12:50, classroom=Classroom{id=9, roomName='New name', roomType='Lecture', roomCapacity=50, building=Building{id=2, buildingName='B'}}, course=Course{id=6, courseName='Biology'}, teacher=Teacher{id=6, firstName='Ellie', lastName='Purh', faculty=Faculty{id=1, facultyName='Changed faculty name'}}}, Lesson{id=488, date=2021-03-05, startTime=13:00, endTime=14:40, classroom=Classroom{id=6, roomName='B-1', roomType='Class', roomCapacity=30, building=Building{id=2, buildingName='B'}}, course=Course{id=6, courseName='Biology'}, teacher=Teacher{id=7, firstName='Charlie', lastName='Byrne', faculty=Faculty{id=1, facultyName='Changed faculty name'}}}, Lesson{id=489, date=2021-03-05, startTime=14:50, endTime=16:30, classroom=Classroom{id=7, roomName='B-2', roomType='Class', roomCapacity=30, building=Building{id=2, buildingName='B'}}, course=Course{id=6, courseName='Biology'}, teacher=Teacher{id=7, firstName='Charlie', lastName='Byrne', faculty=Faculty{id=1, facultyName='Changed faculty name'}}}, Lesson{id=490, date=2021-03-05, startTime=16:40, endTime=18:20, classroom=Classroom{id=10, roomName='B-5', roomType='Laboratory', roomCapacity=10, building=Building{id=2, buildingName='B'}}, course=Course{id=6, courseName='Biology'}, teacher=Teacher{id=7, firstName='Charlie', lastName='Byrne', faculty=Faculty{id=1, facultyName='Changed faculty name'}}}, Lesson{id=491, date=2021-03-05, startTime=09:20, endTime=11:00, classroom=Classroom{id=14, roomName='C-4', roomType='Lecture', roomCapacity=50, building=Building{id=3, buildingName='C'}}, course=Course{id=9, courseName='Physics'}, teacher=Teacher{id=11, firstName='Sophia', lastName='Roos', faculty=Faculty{id=2, facultyName='Technical Sciences Faculty'}}}, Lesson{id=492, date=2021-03-05, startTime=11:10, endTime=12:50, classroom=Classroom{id=14, roomName='C-4', roomType='Lecture', roomCapacity=50, building=Building{id=3, buildingName='C'}}, course=Course{id=10, courseName='Geometry'}, teacher=Teacher{id=12, firstName='Mia', lastName='Brown', faculty=Faculty{id=2, facultyName='Technical Sciences Faculty'}}}, Lesson{id=493, date=2021-03-05, startTime=13:00, endTime=14:40, classroom=Classroom{id=13, roomName='C-3', roomType='Class', roomCapacity=30, building=Building{id=3, buildingName='C'}}, course=Course{id=8, courseName='Mathematics'}, teacher=Teacher{id=10, firstName='Joshua', lastName='Eve', faculty=Faculty{id=2, facultyName='Technical Sciences Faculty'}}}, Lesson{id=494, date=2021-03-05, startTime=14:50, endTime=16:30, classroom=Classroom{id=15, roomName='C-5', roomType='Laboratory', roomCapacity=10, building=Building{id=3, buildingName='C'}}, course=Course{id=9, courseName='Physics'}, teacher=Teacher{id=11, firstName='Sophia', lastName='Roos', faculty=Faculty{id=2, facultyName='Technical Sciences Faculty'}}}, Lesson{id=496, date=2021-12-07, startTime=09:20, endTime=10:00, classroom=Classroom{id=1, roomName='A-1', roomType='Class', roomCapacity=30, building=Building{id=1, buildingName='Changed name'}}, course=Course{id=1, courseName='History'}, teacher=Teacher{id=1, firstName='Albert', lastName='Sykes', faculty=Faculty{id=3, facultyName='Faculty of Arts'}}}]
Hibernate: select lesson0_.id as id1_4_0_, lesson0_.classroom_id as classroo5_4_0_, lesson0_.course_id as course_i6_4_0_, lesson0_.date as date2_4_0_, lesson0_.end_time as end_time3_4_0_, lesson0_.start_time as start_ti4_4_0_, lesson0_.teacher_id as teacher_7_4_0_, classroom1_.id as id1_1_1_, classroom1_.building_id as building5_1_1_, classroom1_.room_capacity as room_cap2_1_1_, classroom1_.room_name as room_nam3_1_1_, classroom1_.room_type as room_typ4_1_1_, building2_.id as id1_0_2_, building2_.building_name as building2_0_2_, course3_.id as id1_2_3_, course3_.course_name as course_n2_2_3_, courseteac4_.course_id as course_i2_8_4_, teacher5_.id as teacher_1_8_4_, teacher5_.id as id1_7_5_, teacher5_.faculty_id as faculty_4_7_5_, teacher5_.first_name as first_na2_7_5_, teacher5_.last_name as last_nam3_7_5_, faculty6_.id as id1_3_6_, faculty6_.faculty_name as faculty_2_3_6_, teacher7_.id as id1_7_7_, teacher7_.faculty_id as faculty_4_7_7_, teacher7_.first_name as first_na2_7_7_, teacher7_.last_name as last_nam3_7_7_ from lessons lesson0_ left outer join classrooms classroom1_ on lesson0_.classroom_id=classroom1_.id left outer join buildings building2_ on classroom1_.building_id=building2_.id left outer join courses course3_ on lesson0_.course_id=course3_.id left outer join teachers_courses courseteac4_ on course3_.id=courseteac4_.course_id left outer join teachers teacher5_ on courseteac4_.teacher_id=teacher5_.id left outer join faculties faculty6_ on teacher5_.faculty_id=faculty6_.id left outer join teachers teacher7_ on lesson0_.teacher_id=teacher7_.id where lesson0_.id=?
Hibernate: select teachercou0_.teacher_id as teacher_1_8_0_, teachercou0_.course_id as course_i2_8_0_, course1_.id as id1_2_1_, course1_.course_name as course_n2_2_1_ from teachers_courses teachercou0_ inner join courses course1_ on teachercou0_.course_id=course1_.id where teachercou0_.teacher_id=?
26 Feb;19:05:41.354 [main] INFO  u.c.f.c.service.LessonService - getById: lesson = Lesson{id=496, date=2021-12-07, startTime=09:20, endTime=10:00, classroom=Classroom{id=1, roomName='A-1', roomType='Class', roomCapacity=30, building=Building{id=1, buildingName='Changed name'}}, course=Course{id=1, courseName='History'}, teacher=Teacher{id=1, firstName='Albert', lastName='Sykes', faculty=Faculty{id=3, facultyName='Faculty of Arts'}}}
]]></system-out>
  </testcase>
  <testcase name="should_updateLesson_when_controllerCallsAddToDBMethod" classname="ua.com.foxminded.classtimetable.controllers.rest.LessonRestControllerIntegrationTest" time="0.022">
    <system-out><![CDATA[Hibernate: select lesson0_.id as id1_4_0_, lesson0_.classroom_id as classroo5_4_0_, lesson0_.course_id as course_i6_4_0_, lesson0_.date as date2_4_0_, lesson0_.end_time as end_time3_4_0_, lesson0_.start_time as start_ti4_4_0_, lesson0_.teacher_id as teacher_7_4_0_, classroom1_.id as id1_1_1_, classroom1_.building_id as building5_1_1_, classroom1_.room_capacity as room_cap2_1_1_, classroom1_.room_name as room_nam3_1_1_, classroom1_.room_type as room_typ4_1_1_, building2_.id as id1_0_2_, building2_.building_name as building2_0_2_, course3_.id as id1_2_3_, course3_.course_name as course_n2_2_3_, courseteac4_.course_id as course_i2_8_4_, teacher5_.id as teacher_1_8_4_, teacher5_.id as id1_7_5_, teacher5_.faculty_id as faculty_4_7_5_, teacher5_.first_name as first_na2_7_5_, teacher5_.last_name as last_nam3_7_5_, faculty6_.id as id1_3_6_, faculty6_.faculty_name as faculty_2_3_6_, teacher7_.id as id1_7_7_, teacher7_.faculty_id as faculty_4_7_7_, teacher7_.first_name as first_na2_7_7_, teacher7_.last_name as last_nam3_7_7_ from lessons lesson0_ left outer join classrooms classroom1_ on lesson0_.classroom_id=classroom1_.id left outer join buildings building2_ on classroom1_.building_id=building2_.id left outer join courses course3_ on lesson0_.course_id=course3_.id left outer join teachers_courses courseteac4_ on course3_.id=courseteac4_.course_id left outer join teachers teacher5_ on courseteac4_.teacher_id=teacher5_.id left outer join faculties faculty6_ on teacher5_.faculty_id=faculty6_.id left outer join teachers teacher7_ on lesson0_.teacher_id=teacher7_.id where lesson0_.id=?
Hibernate: select teachercou0_.teacher_id as teacher_1_8_0_, teachercou0_.course_id as course_i2_8_0_, course1_.id as id1_2_1_, course1_.course_name as course_n2_2_1_ from teachers_courses teachercou0_ inner join courses course1_ on teachercou0_.course_id=course1_.id where teachercou0_.teacher_id=?
26 Feb;19:05:41.360 [main] INFO  u.c.f.c.service.LessonService - getById: lesson = Lesson{id=1, date=2021-01-20, startTime=09:20, endTime=11:00, classroom=Classroom{id=4, roomName='A-4', roomType='Lecture', roomCapacity=50, building=Building{id=1, buildingName='Changed name'}}, course=Course{id=3, courseName='Name'}, teacher=Teacher{id=3, firstName='Freya', lastName='Shepp', faculty=Faculty{id=3, facultyName='Faculty of Arts'}}}
Hibernate: select classroom0_.id as id1_1_0_, classroom0_.building_id as building5_1_0_, classroom0_.room_capacity as room_cap2_1_0_, classroom0_.room_name as room_nam3_1_0_, classroom0_.room_type as room_typ4_1_0_, building1_.id as id1_0_1_, building1_.building_name as building2_0_1_ from classrooms classroom0_ left outer join buildings building1_ on classroom0_.building_id=building1_.id where classroom0_.id=?
Hibernate: select course0_.id as id1_2_0_, course0_.course_name as course_n2_2_0_, courseteac1_.course_id as course_i2_8_1_, teacher2_.id as teacher_1_8_1_, teacher2_.id as id1_7_2_, teacher2_.faculty_id as faculty_4_7_2_, teacher2_.first_name as first_na2_7_2_, teacher2_.last_name as last_nam3_7_2_, faculty3_.id as id1_3_3_, faculty3_.faculty_name as faculty_2_3_3_ from courses course0_ left outer join teachers_courses courseteac1_ on course0_.id=courseteac1_.course_id left outer join teachers teacher2_ on courseteac1_.teacher_id=teacher2_.id left outer join faculties faculty3_ on teacher2_.faculty_id=faculty3_.id where course0_.id=?
Hibernate: select teachercou0_.teacher_id as teacher_1_8_0_, teachercou0_.course_id as course_i2_8_0_, course1_.id as id1_2_1_, course1_.course_name as course_n2_2_1_ from teachers_courses teachercou0_ inner join courses course1_ on teachercou0_.course_id=course1_.id where teachercou0_.teacher_id=?
Hibernate: select teacher0_.id as id1_7_0_, teacher0_.faculty_id as faculty_4_7_0_, teacher0_.first_name as first_na2_7_0_, teacher0_.last_name as last_nam3_7_0_, faculty1_.id as id1_3_1_, faculty1_.faculty_name as faculty_2_3_1_, teachercou2_.teacher_id as teacher_1_8_2_, course3_.id as course_i2_8_2_, course3_.id as id1_2_3_, course3_.course_name as course_n2_2_3_ from teachers teacher0_ left outer join faculties faculty1_ on teacher0_.faculty_id=faculty1_.id left outer join teachers_courses teachercou2_ on teacher0_.id=teachercou2_.teacher_id left outer join courses course3_ on teachercou2_.course_id=course3_.id where teacher0_.id=?
Hibernate: select courseteac0_.course_id as course_i2_8_0_, courseteac0_.teacher_id as teacher_1_8_0_, teacher1_.id as id1_7_1_, teacher1_.faculty_id as faculty_4_7_1_, teacher1_.first_name as first_na2_7_1_, teacher1_.last_name as last_nam3_7_1_, faculty2_.id as id1_3_2_, faculty2_.faculty_name as faculty_2_3_2_ from teachers_courses courseteac0_ inner join teachers teacher1_ on courseteac0_.teacher_id=teacher1_.id left outer join faculties faculty2_ on teacher1_.faculty_id=faculty2_.id where courseteac0_.course_id=?
26 Feb;19:05:41.365 [main] INFO  u.c.f.c.service.LessonService - update: lesson = Lesson{id=1, date=2021-01-20, startTime=09:20, endTime=11:00, classroom=Classroom{id=3, roomName='A-3', roomType='Class', roomCapacity=30, building=Building{id=1, buildingName='Changed name'}}, course=Course{id=3, courseName='Name'}, teacher=Teacher{id=3, firstName='Freya', lastName='Shepp', faculty=Faculty{id=3, facultyName='Faculty of Arts'}}}
Hibernate: select lesson0_.id as id1_4_0_, lesson0_.classroom_id as classroo5_4_0_, lesson0_.course_id as course_i6_4_0_, lesson0_.date as date2_4_0_, lesson0_.end_time as end_time3_4_0_, lesson0_.start_time as start_ti4_4_0_, lesson0_.teacher_id as teacher_7_4_0_ from lessons lesson0_ where lesson0_.id=?
Hibernate: select classroom0_.id as id1_1_0_, classroom0_.building_id as building5_1_0_, classroom0_.room_capacity as room_cap2_1_0_, classroom0_.room_name as room_nam3_1_0_, classroom0_.room_type as room_typ4_1_0_ from classrooms classroom0_ where classroom0_.id=?
Hibernate: select building0_.id as id1_0_0_, building0_.building_name as building2_0_0_ from buildings building0_ where building0_.id=?
Hibernate: select course0_.id as id1_2_0_, course0_.course_name as course_n2_2_0_ from courses course0_ where course0_.id=?
Hibernate: select teacher0_.id as id1_7_0_, teacher0_.faculty_id as faculty_4_7_0_, teacher0_.first_name as first_na2_7_0_, teacher0_.last_name as last_nam3_7_0_ from teachers teacher0_ where teacher0_.id=?
Hibernate: select faculty0_.id as id1_3_0_, faculty0_.faculty_name as faculty_2_3_0_ from faculties faculty0_ where faculty0_.id=?
Hibernate: select teachercou0_.teacher_id as teacher_1_8_0_, teachercou0_.course_id as course_i2_8_0_, course1_.id as id1_2_1_, course1_.course_name as course_n2_2_1_ from teachers_courses teachercou0_ inner join courses course1_ on teachercou0_.course_id=course1_.id where teachercou0_.teacher_id=?
Hibernate: select courseteac0_.course_id as course_i2_8_0_, courseteac0_.teacher_id as teacher_1_8_0_, teacher1_.id as id1_7_1_, teacher1_.faculty_id as faculty_4_7_1_, teacher1_.first_name as first_na2_7_1_, teacher1_.last_name as last_nam3_7_1_, faculty2_.id as id1_3_2_, faculty2_.faculty_name as faculty_2_3_2_ from teachers_courses courseteac0_ inner join teachers teacher1_ on courseteac0_.teacher_id=teacher1_.id left outer join faculties faculty2_ on teacher1_.faculty_id=faculty2_.id where courseteac0_.course_id=?
Hibernate: select classroom0_.id as id1_1_0_, classroom0_.building_id as building5_1_0_, classroom0_.room_capacity as room_cap2_1_0_, classroom0_.room_name as room_nam3_1_0_, classroom0_.room_type as room_typ4_1_0_, building1_.id as id1_0_1_, building1_.building_name as building2_0_1_ from classrooms classroom0_ left outer join buildings building1_ on classroom0_.building_id=building1_.id where classroom0_.id=?
Hibernate: update lessons set classroom_id=?, course_id=?, date=?, end_time=?, start_time=?, teacher_id=? where id=?
Hibernate: select lesson0_.id as id1_4_0_, lesson0_.classroom_id as classroo5_4_0_, lesson0_.course_id as course_i6_4_0_, lesson0_.date as date2_4_0_, lesson0_.end_time as end_time3_4_0_, lesson0_.start_time as start_ti4_4_0_, lesson0_.teacher_id as teacher_7_4_0_, classroom1_.id as id1_1_1_, classroom1_.building_id as building5_1_1_, classroom1_.room_capacity as room_cap2_1_1_, classroom1_.room_name as room_nam3_1_1_, classroom1_.room_type as room_typ4_1_1_, building2_.id as id1_0_2_, building2_.building_name as building2_0_2_, course3_.id as id1_2_3_, course3_.course_name as course_n2_2_3_, courseteac4_.course_id as course_i2_8_4_, teacher5_.id as teacher_1_8_4_, teacher5_.id as id1_7_5_, teacher5_.faculty_id as faculty_4_7_5_, teacher5_.first_name as first_na2_7_5_, teacher5_.last_name as last_nam3_7_5_, faculty6_.id as id1_3_6_, faculty6_.faculty_name as faculty_2_3_6_, teacher7_.id as id1_7_7_, teacher7_.faculty_id as faculty_4_7_7_, teacher7_.first_name as first_na2_7_7_, teacher7_.last_name as last_nam3_7_7_ from lessons lesson0_ left outer join classrooms classroom1_ on lesson0_.classroom_id=classroom1_.id left outer join buildings building2_ on classroom1_.building_id=building2_.id left outer join courses course3_ on lesson0_.course_id=course3_.id left outer join teachers_courses courseteac4_ on course3_.id=courseteac4_.course_id left outer join teachers teacher5_ on courseteac4_.teacher_id=teacher5_.id left outer join faculties faculty6_ on teacher5_.faculty_id=faculty6_.id left outer join teachers teacher7_ on lesson0_.teacher_id=teacher7_.id where lesson0_.id=?
Hibernate: select teachercou0_.teacher_id as teacher_1_8_0_, teachercou0_.course_id as course_i2_8_0_, course1_.id as id1_2_1_, course1_.course_name as course_n2_2_1_ from teachers_courses teachercou0_ inner join courses course1_ on teachercou0_.course_id=course1_.id where teachercou0_.teacher_id=?
26 Feb;19:05:41.376 [main] INFO  u.c.f.c.service.LessonService - getById: lesson = Lesson{id=1, date=2021-01-20, startTime=09:20, endTime=11:00, classroom=Classroom{id=3, roomName='A-3', roomType='Class', roomCapacity=30, building=Building{id=1, buildingName='Changed name'}}, course=Course{id=3, courseName='Name'}, teacher=Teacher{id=3, firstName='Freya', lastName='Shepp', faculty=Faculty{id=3, facultyName='Faculty of Arts'}}}
]]></system-out>
  </testcase>
</testsuite>