<?xml version="1.0" encoding="UTF-8"?>
<testsuite xmlns:xsi="http://www.w3.org/2001/XMLSchema-instance" xsi:noNamespaceSchemaLocation="https://maven.apache.org/surefire/maven-surefire-plugin/xsd/surefire-test-report-3.0.xsd" version="3.0" name="ua.com.foxminded.classtimetable.controllers.ui.BuildingControllerTest" time="0.416" tests="6" errors="0" skipped="0" failures="0">
  <properties>
[...]
</properties>
  <testcase name="should_deleteBuildingFromDatabase_when_controllerCallsDeleteMethodForDeletableEntity" classname="ua.com.foxminded.classtimetable.controllers.ui.BuildingControllerTest" time="0.026">
    <system-out><![CDATA[26 Feb;19:05:43.909 [main] INFO  o.s.b.t.m.w.SpringBootMockServletContext - Initializing Spring TestDispatcherServlet ''
26 Feb;19:05:43.909 [main] INFO  o.s.t.w.s.TestDispatcherServlet - Initializing Servlet ''
26 Feb;19:05:43.914 [main] INFO  o.s.t.w.s.TestDispatcherServlet - Completed initialization in 5 ms
26 Feb;19:05:43.914 [main] INFO  u.c.f.c.service.BuildingService - create: building = Building{id=0, buildingName='P'}
Hibernate: insert into buildings (building_name) values (?)
Hibernate: select classroom0_.id as id1_1_, classroom0_.building_id as building5_1_, classroom0_.room_capacity as room_cap2_1_, classroom0_.room_name as room_nam3_1_, classroom0_.room_type as room_typ4_1_ from classrooms classroom0_
Hibernate: select building0_.id as id1_0_0_, building0_.building_name as building2_0_0_ from buildings building0_ where building0_.id=?
Hibernate: select building0_.id as id1_0_0_, building0_.building_name as building2_0_0_ from buildings building0_ where building0_.id=?
Hibernate: select building0_.id as id1_0_0_, building0_.building_name as building2_0_0_ from buildings building0_ where building0_.id=?
26 Feb;19:05:43.925 [main] INFO  u.c.f.c.service.ClassroomService - getAll():
 [Classroom{id=1, roomName='A-1', roomType='Class', roomCapacity=30, building=Building{id=1, buildingName='Changed name'}}, Classroom{id=2, roomName='A-2', roomType='Class', roomCapacity=30, building=Building{id=1, buildingName='Changed name'}}, Classroom{id=3, roomName='A-3', roomType='Class', roomCapacity=30, building=Building{id=1, buildingName='Changed name'}}, Classroom{id=4, roomName='A-4', roomType='Lecture', roomCapacity=50, building=Building{id=1, buildingName='Changed name'}}, Classroom{id=5, roomName='A-5', roomType='Laboratory', roomCapacity=10, building=Building{id=1, buildingName='Changed name'}}, Classroom{id=6, roomName='B-1', roomType='Class', roomCapacity=30, building=Building{id=2, buildingName='B'}}, Classroom{id=7, roomName='B-2', roomType='Class', roomCapacity=30, building=Building{id=2, buildingName='B'}}, Classroom{id=8, roomName='B-3', roomType='Class', roomCapacity=30, building=Building{id=2, buildingName='B'}}, Classroom{id=9, roomName='New name', roomType='Lecture', roomCapacity=50, building=Building{id=2, buildingName='B'}}, Classroom{id=10, roomName='B-5', roomType='Laboratory', roomCapacity=10, building=Building{id=2, buildingName='B'}}, Classroom{id=11, roomName='C-1', roomType='Class', roomCapacity=30, building=Building{id=3, buildingName='C'}}, Classroom{id=12, roomName='C-2', roomType='Class', roomCapacity=30, building=Building{id=3, buildingName='C'}}, Classroom{id=13, roomName='C-3', roomType='Class', roomCapacity=30, building=Building{id=3, buildingName='C'}}, Classroom{id=14, roomName='C-4', roomType='Lecture', roomCapacity=50, building=Building{id=3, buildingName='C'}}, Classroom{id=15, roomName='C-5', roomType='Laboratory', roomCapacity=10, building=Building{id=3, buildingName='C'}}, Classroom{id=17, roomName='A-3', roomType='Lecture', roomCapacity=25, building=Building{id=1, buildingName='Changed name'}}]
26 Feb;19:05:43.925 [main] INFO  u.c.f.c.service.BuildingService - delete: building = Building{id=5, buildingName='P'}
Hibernate: select building0_.id as id1_0_0_, building0_.building_name as building2_0_0_ from buildings building0_ where building0_.id=?
Hibernate: delete from buildings where id=?
]]></system-out>
  </testcase>
  <testcase name="should_addNewBuildingToDatabase_when_controllerCallsAddToDBMethodWithValidData" classname="ua.com.foxminded.classtimetable.controllers.ui.BuildingControllerTest" time="0.006">
    <system-out><![CDATA[26 Feb;19:05:43.935 [main] INFO  o.s.b.t.m.w.SpringBootMockServletContext - Initializing Spring TestDispatcherServlet ''
26 Feb;19:05:43.935 [main] INFO  o.s.t.w.s.TestDispatcherServlet - Initializing Servlet ''
26 Feb;19:05:43.936 [main] INFO  o.s.t.w.s.TestDispatcherServlet - Completed initialization in 1 ms
26 Feb;19:05:43.937 [main] INFO  u.c.f.c.service.BuildingService - create: building = Building{id=0, buildingName='D'}
Hibernate: insert into buildings (building_name) values (?)
]]></system-out>
  </testcase>
  <testcase name="should_updateBuildingInDatabase_when_controllerCallsUpdateMethod" classname="ua.com.foxminded.classtimetable.controllers.ui.BuildingControllerTest" time="0.006">
    <system-out><![CDATA[26 Feb;19:05:43.942 [main] INFO  o.s.b.t.m.w.SpringBootMockServletContext - Initializing Spring TestDispatcherServlet ''
26 Feb;19:05:43.942 [main] INFO  o.s.t.w.s.TestDispatcherServlet - Initializing Servlet ''
26 Feb;19:05:43.943 [main] INFO  o.s.t.w.s.TestDispatcherServlet - Completed initialization in 1 ms
26 Feb;19:05:43.944 [main] WARN  o.s.validation.DataBinder - Skipping URI variable 'id' because request contains bind value with same name.
26 Feb;19:05:43.944 [main] INFO  u.c.f.c.service.BuildingService - update: building = Building{id=2, buildingName='E'}
Hibernate: select building0_.id as id1_0_0_, building0_.building_name as building2_0_0_ from buildings building0_ where building0_.id=?
Hibernate: update buildings set building_name=? where id=?
]]></system-out>
  </testcase>
  <testcase name="should_getListOfBuildings_when_controllerCallsShowAllMethod" classname="ua.com.foxminded.classtimetable.controllers.ui.BuildingControllerTest" time="0.344">
    <system-out><![CDATA[26 Feb;19:05:43.948 [main] INFO  o.s.b.t.m.w.SpringBootMockServletContext - Initializing Spring TestDispatcherServlet ''
26 Feb;19:05:43.948 [main] INFO  o.s.t.w.s.TestDispatcherServlet - Initializing Servlet ''
26 Feb;19:05:43.949 [main] INFO  o.s.t.w.s.TestDispatcherServlet - Completed initialization in 1 ms
Hibernate: select building0_.id as id1_0_, building0_.building_name as building2_0_ from buildings building0_
26 Feb;19:05:43.950 [main] INFO  u.c.f.c.service.BuildingService - getAll():
 [Building{id=1, buildingName='Changed name'}, Building{id=2, buildingName='E'}, Building{id=3, buildingName='C'}, Building{id=6, buildingName='D'}]

MockHttpServletRequest:
      HTTP Method = GET
      Request URI = /buildings
       Parameters = {}
          Headers = []
             Body = <no character encoding set>
    Session Attrs = {}

Handler:
             Type = ua.com.foxminded.classtimetable.controllers.ui.BuildingController
           Method = ua.com.foxminded.classtimetable.controllers.ui.BuildingController#showAll(ModelMap)

Async:
    Async started = false
     Async result = null

Resolved Exception:
             Type = null

ModelAndView:
        View name = buildings/showAll
             View = null
        Attribute = buildings
            value = [Building{id=1, buildingName='Changed name'}, Building{id=2, buildingName='E'}, Building{id=3, buildingName='C'}, Building{id=6, buildingName='D'}]

FlashMap:
       Attributes = null

MockHttpServletResponse:
           Status = 200
    Error message = null
          Headers = [Content-Language:"en", Content-Type:"text/html;charset=UTF-8"]
     Content type = text/html;charset=UTF-8
             Body = <!DOCTYPE html>
<html lang="en">
<head>
    <title>Building-listing</title>
    <meta charset="UTF-8">
    <meta name="viewport" content="width=device-width, initial-scale=1">
    <link rel="stylesheet" href="https://maxcdn.bootstrapcdn.com/bootstrap/4.0.0/css/bootstrap.min.css">
    <script src="https://code.jquery.com/jquery-3.2.1.slim.min.js"></script>
    <script src="https://cdnjs.cloudflare.com/ajax/libs/popper.js/1.12.9/umd/popper.min.js"></script>
    <script src="https://maxcdn.bootstrapcdn.com/bootstrap/4.0.0/js/bootstrap.min.js"></script>
</head>

<body>
<nav class="navbar navbar-expand-sm bg-dark navbar-dark sticky-top">
    <a class="navbar-brand" href="/">Class Timetable</a>
    <ul class="navbar-nav">
        <li class="nav-item">
            <a class="nav-link" href="/">Home</a>
        </li>
        <li class="nav-item dropdown">
            <a class="nav-link dropdown-toggle" data-toggle="dropdown" href="/">University structure</a>
            <div class="dropdown-menu">
                <a class="dropdown-item" href="/buildings">Buildings</a>
                <a class="dropdown-item" href="/classrooms">Study rooms</a>
                <a class="dropdown-item" href="/faculties">Faculties</a>
                <a class="dropdown-item" href="/courses">Courses</a>
            </div>
        </li>
        <li class="nav-item dropdown">
            <a class="nav-link dropdown-toggle" data-toggle="dropdown" href="/">Personalities</a>
            <div class="dropdown-menu">
                <a class="dropdown-item" href="/students">Students</a>
                <a class="dropdown-item" href="/teachers">Teachers</a>
            </div>
        </li>
        <li class="nav-item">
            <a class="nav-link" href="/lessons">Current lessons</a>
        </li>
        <li class="nav-item">
            <a class="nav-link" href="/schedule">Show the personal schedule</a>
        </li>
    </ul>
</nav>

<div class="container">
    <br/>
    <h2>Buildings of the university</h2>
    <p style="color:red">
        <a></a>
    </p>
    <a class="btn btn-sm btn-secondary" href="/">Back to menu</a>
    <a class="btn btn-sm btn-success" href="/buildings/new">Create new building</a>
    <br/>
    <br/>
    <table class="table table-bordered table-hover">
        <thead class="table-secondary">
        <tr>
            <th class="text-dark">Building name</th>
            <th class="text-dark">Removal</th>
        </tr>
        </thead>
        <tbody>
        <tr>
            <td>
                <a href="/buildings/1">Changed name</a>
            </td>
            <td>
                <form method="post"
                      action="/buildings/1"><input type="hidden" name="_method" value="DELETE"/>
                    <input class="btn btn-sm btn-danger" type="submit" value="Delete!"/>
                </form>
            </td>
        </tr>
        <tr>
            <td>
                <a href="/buildings/2">E</a>
            </td>
            <td>
                <form method="post"
                      action="/buildings/2"><input type="hidden" name="_method" value="DELETE"/>
                    <input class="btn btn-sm btn-danger" type="submit" value="Delete!"/>
                </form>
            </td>
        </tr>
        <tr>
            <td>
                <a href="/buildings/3">C</a>
            </td>
            <td>
                <form method="post"
                      action="/buildings/3"><input type="hidden" name="_method" value="DELETE"/>
                    <input class="btn btn-sm btn-danger" type="submit" value="Delete!"/>
                </form>
            </td>
        </tr>
        <tr>
            <td>
                <a href="/buildings/6">D</a>
            </td>
            <td>
                <form method="post"
                      action="/buildings/6"><input type="hidden" name="_method" value="DELETE"/>
                    <input class="btn btn-sm btn-danger" type="submit" value="Delete!"/>
                </form>
            </td>
        </tr>
        </tbody>
    </table>
</div>
</body>
</html>

    Forwarded URL = null
   Redirected URL = null
          Cookies = []
Hibernate: select building0_.id as id1_0_, building0_.building_name as building2_0_ from buildings building0_
26 Feb;19:05:44.289 [main] INFO  u.c.f.c.service.BuildingService - getAll():
 [Building{id=1, buildingName='Changed name'}, Building{id=2, buildingName='E'}, Building{id=3, buildingName='C'}, Building{id=6, buildingName='D'}]
]]></system-out>
  </testcase>
  <testcase name="should_getOneBuilding_when_controllerCallsShowByIdMethod" classname="ua.com.foxminded.classtimetable.controllers.ui.BuildingControllerTest" time="0.021">
    <system-out><![CDATA[26 Feb;19:05:44.292 [main] INFO  o.s.b.t.m.w.SpringBootMockServletContext - Initializing Spring TestDispatcherServlet ''
26 Feb;19:05:44.292 [main] INFO  o.s.t.w.s.TestDispatcherServlet - Initializing Servlet ''
26 Feb;19:05:44.293 [main] INFO  o.s.t.w.s.TestDispatcherServlet - Completed initialization in 1 ms
Hibernate: select building0_.id as id1_0_0_, building0_.building_name as building2_0_0_ from buildings building0_ where building0_.id=?
26 Feb;19:05:44.295 [main] INFO  u.c.f.c.service.BuildingService - getById: building = Building{id=1, buildingName='Changed name'}

MockHttpServletRequest:
      HTTP Method = GET
      Request URI = /buildings/1
       Parameters = {}
          Headers = []
             Body = <no character encoding set>
    Session Attrs = {}

Handler:
             Type = ua.com.foxminded.classtimetable.controllers.ui.BuildingController
           Method = ua.com.foxminded.classtimetable.controllers.ui.BuildingController#showById(int, ModelMap)

Async:
    Async started = false
     Async result = null

Resolved Exception:
             Type = null

ModelAndView:
        View name = buildings/showById
             View = null
        Attribute = building
            value = Building{id=1, buildingName='Changed name'}
           errors = []

FlashMap:
       Attributes = null

MockHttpServletResponse:
           Status = 200
    Error message = null
          Headers = [Content-Language:"en", Content-Type:"text/html;charset=UTF-8"]
     Content type = text/html;charset=UTF-8
             Body = <!DOCTYPE html>
<html lang="en">
<head>
    <title>Building-editing</title>
    <meta charset="UTF-8">
    <meta name="viewport" content="width=device-width, initial-scale=1">
    <link rel="stylesheet" href="https://maxcdn.bootstrapcdn.com/bootstrap/4.0.0/css/bootstrap.min.css">
    <script src="https://code.jquery.com/jquery-3.2.1.slim.min.js"></script>
    <script src="https://cdnjs.cloudflare.com/ajax/libs/popper.js/1.12.9/umd/popper.min.js"></script>
    <script src="https://maxcdn.bootstrapcdn.com/bootstrap/4.0.0/js/bootstrap.min.js"></script>
</head>

<body>
<nav class="navbar navbar-expand-sm bg-dark navbar-dark sticky-top">
    <a class="navbar-brand" href="/">Class Timetable</a>
    <ul class="navbar-nav">
        <li class="nav-item">
            <a class="nav-link" href="/">Home</a>
        </li>
        <li class="nav-item dropdown">
            <a class="nav-link dropdown-toggle" data-toggle="dropdown" href="/">University structure</a>
            <div class="dropdown-menu">
                <a class="dropdown-item" href="/buildings">Buildings</a>
                <a class="dropdown-item" href="/classrooms">Study rooms</a>
                <a class="dropdown-item" href="/faculties">Faculties</a>
                <a class="dropdown-item" href="/courses">Courses</a>
            </div>
        </li>
        <li class="nav-item dropdown">
            <a class="nav-link dropdown-toggle" data-toggle="dropdown" href="/">Personalities</a>
            <div class="dropdown-menu">
                <a class="dropdown-item" href="/students">Students</a>
                <a class="dropdown-item" href="/teachers">Teachers</a>
            </div>
        </li>
        <li class="nav-item">
            <a class="nav-link" href="/lessons">Current lessons</a>
        </li>
        <li class="nav-item">
            <a class="nav-link" href="/schedule">Show the personal schedule</a>
        </li>
    </ul>
</nav>

<div class="container">
    <br/>
    <h2>Building changing page</h2>
    <p style="color:red">
        <a></a>
    </p>
    <a class="btn btn-sm btn-secondary" href="/buildings">Back to table</a>
    <br/>
    <br/>
    <form method="post" action="/buildings/1"><input type="hidden" name="_method" value="PUT"/>
        <label>Change name: </label>
        <input class="form-control form-control-sm" type="text" id="buildingName" name="buildingName" value="Changed name"/>
        <br/>
        <input class="btn btn-sm btn-success" type="submit" value="Update!">
    </form>
    <br/>
    <form method="post"
          action="/buildings/1"><input type="hidden" name="_method" value="DELETE"/>
        <input class="btn btn-sm btn-danger" type="submit" value="Delete!"/>
    </form>
</div>
</body>
</html>

    Forwarded URL = null
   Redirected URL = null
          Cookies = []
Hibernate: select building0_.id as id1_0_0_, building0_.building_name as building2_0_0_ from buildings building0_ where building0_.id=?
26 Feb;19:05:44.311 [main] INFO  u.c.f.c.service.BuildingService - getById: building = Building{id=1, buildingName='Changed name'}
]]></system-out>
  </testcase>
  <testcase name="should_showCreationView_when_controllerCallsCreateMethod" classname="ua.com.foxminded.classtimetable.controllers.ui.BuildingControllerTest" time="0.009">
    <system-out><![CDATA[26 Feb;19:05:44.313 [main] INFO  o.s.b.t.m.w.SpringBootMockServletContext - Initializing Spring TestDispatcherServlet ''
26 Feb;19:05:44.313 [main] INFO  o.s.t.w.s.TestDispatcherServlet - Initializing Servlet ''
26 Feb;19:05:44.314 [main] INFO  o.s.t.w.s.TestDispatcherServlet - Completed initialization in 1 ms

MockHttpServletRequest:
      HTTP Method = GET
      Request URI = /buildings/new
       Parameters = {}
          Headers = []
             Body = <no character encoding set>
    Session Attrs = {}

Handler:
             Type = ua.com.foxminded.classtimetable.controllers.ui.BuildingController
           Method = ua.com.foxminded.classtimetable.controllers.ui.BuildingController#create(Building)

Async:
    Async started = false
     Async result = null

Resolved Exception:
             Type = null

ModelAndView:
        View name = buildings/create
             View = null
        Attribute = building
            value = Building{id=0, buildingName='null'}
           errors = []

FlashMap:
       Attributes = null

MockHttpServletResponse:
           Status = 200
    Error message = null
          Headers = [Content-Language:"en", Content-Type:"text/html;charset=UTF-8"]
     Content type = text/html;charset=UTF-8
             Body = <!DOCTYPE html>
<html lang="en">
<head>
    <title>Building-creation</title>
    <meta charset="UTF-8">
    <meta name="viewport" content="width=device-width, initial-scale=1">
    <link rel="stylesheet" href="https://maxcdn.bootstrapcdn.com/bootstrap/4.0.0/css/bootstrap.min.css">
    <script src="https://code.jquery.com/jquery-3.2.1.slim.min.js"></script>
    <script src="https://cdnjs.cloudflare.com/ajax/libs/popper.js/1.12.9/umd/popper.min.js"></script>
    <script src="https://maxcdn.bootstrapcdn.com/bootstrap/4.0.0/js/bootstrap.min.js"></script>
</head>

<body>
<nav class="navbar navbar-expand-sm bg-dark navbar-dark sticky-top">
    <a class="navbar-brand" href="/">Class Timetable</a>
    <ul class="navbar-nav">
        <li class="nav-item">
            <a class="nav-link" href="/">Home</a>
        </li>
        <li class="nav-item dropdown">
            <a class="nav-link dropdown-toggle" data-toggle="dropdown" href="/">University structure</a>
            <div class="dropdown-menu">
                <a class="dropdown-item" href="/buildings">Buildings</a>
                <a class="dropdown-item" href="/classrooms">Study rooms</a>
                <a class="dropdown-item" href="/faculties">Faculties</a>
                <a class="dropdown-item" href="/courses">Courses</a>
            </div>
        </li>
        <li class="nav-item dropdown">
            <a class="nav-link dropdown-toggle" data-toggle="dropdown" href="/">Personalities</a>
            <div class="dropdown-menu">
                <a class="dropdown-item" href="/students">Students</a>
                <a class="dropdown-item" href="/teachers">Teachers</a>
            </div>
        </li>
        <li class="nav-item">
            <a class="nav-link" href="/lessons">Current lessons</a>
        </li>
        <li class="nav-item">
            <a class="nav-link" href="/schedule">Show the personal schedule</a>
        </li>
    </ul>
</nav>

<div class="container">
    <br/>
    <h2>New building creation page</h2>
    <p style="color:red">
        <a></a>
    </p>
    <a class="btn btn-sm btn-secondary" href="/buildings">Back to table</a>
    <br/>
    <br/>
    <form method="POST" action="/buildings">
        <label>Enter name: </label>
        <input class="form-control form-control-sm" type="text" id="buildingName" name="buildingName" value=""/>
        <br/>
        <input class="btn btn-sm btn-success" type="submit" value="Create!">
    </form>
</div>
</body>
</html>

    Forwarded URL = null
   Redirected URL = null
          Cookies = []
]]></system-out>
  </testcase>
</testsuite>