<?xml version="1.0" encoding="UTF-8"?>
<testsuite xmlns:xsi="http://www.w3.org/2001/XMLSchema-instance" xsi:noNamespaceSchemaLocation="https://maven.apache.org/surefire/maven-surefire-plugin/xsd/surefire-test-report-3.0.xsd" version="3.0" name="ua.com.foxminded.classtimetable.validators.TeacherValidatorTest" time="0.003" tests="2" errors="0" skipped="0" failures="0">
  <properties>
[...]
</properties>
  <testcase name="should_throwIndelibleEntityException_when_entityHasDeletionConstraints" classname="ua.com.foxminded.classtimetable.validators.TeacherValidatorTest" time="0.001"/>
  <testcase name="should_doNothing_when_entityIsDeletable" classname="ua.com.foxminded.classtimetable.validators.TeacherValidatorTest" time="0.001"/>
</testsuite>