<?xml version="1.0" encoding="UTF-8"?>
<testsuite xmlns:xsi="http://www.w3.org/2001/XMLSchema-instance" xsi:noNamespaceSchemaLocation="https://maven.apache.org/surefire/maven-surefire-plugin/xsd/surefire-test-report-3.0.xsd" version="3.0" name="ua.com.foxminded.classtimetable.controllers.ui.TeacherControllerTest" time="0.125" tests="5" errors="0" skipped="0" failures="0">
  <properties>
[...]
</properties>
  <testcase name="should_getListOfTeachers_when_controllerCallsShowAllMethod" classname="ua.com.foxminded.classtimetable.controllers.ui.TeacherControllerTest" time="0.037">
    <system-out><![CDATA[26 Feb;19:05:46.433 [main] INFO  o.s.b.t.m.w.SpringBootMockServletContext - Initializing Spring TestDispatcherServlet ''
26 Feb;19:05:46.433 [main] INFO  o.s.t.w.s.TestDispatcherServlet - Initializing Servlet ''
26 Feb;19:05:46.435 [main] INFO  o.s.t.w.s.TestDispatcherServlet - Completed initialization in 2 ms
Hibernate: select teacher0_.id as id1_7_, teacher0_.faculty_id as faculty_4_7_, teacher0_.first_name as first_na2_7_, teacher0_.last_name as last_nam3_7_ from teachers teacher0_
Hibernate: select faculty0_.id as id1_3_0_, faculty0_.faculty_name as faculty_2_3_0_ from faculties faculty0_ where faculty0_.id=?
Hibernate: select faculty0_.id as id1_3_0_, faculty0_.faculty_name as faculty_2_3_0_ from faculties faculty0_ where faculty0_.id=?
Hibernate: select faculty0_.id as id1_3_0_, faculty0_.faculty_name as faculty_2_3_0_ from faculties faculty0_ where faculty0_.id=?
Hibernate: select teachercou0_.teacher_id as teacher_1_8_0_, teachercou0_.course_id as course_i2_8_0_, course1_.id as id1_2_1_, course1_.course_name as course_n2_2_1_ from teachers_courses teachercou0_ inner join courses course1_ on teachercou0_.course_id=course1_.id where teachercou0_.teacher_id=?
Hibernate: select courseteac0_.course_id as course_i2_8_0_, courseteac0_.teacher_id as teacher_1_8_0_, teacher1_.id as id1_7_1_, teacher1_.faculty_id as faculty_4_7_1_, teacher1_.first_name as first_na2_7_1_, teacher1_.last_name as last_nam3_7_1_, faculty2_.id as id1_3_2_, faculty2_.faculty_name as faculty_2_3_2_ from teachers_courses courseteac0_ inner join teachers teacher1_ on courseteac0_.teacher_id=teacher1_.id left outer join faculties faculty2_ on teacher1_.faculty_id=faculty2_.id where courseteac0_.course_id=?
Hibernate: select teachercou0_.teacher_id as teacher_1_8_0_, teachercou0_.course_id as course_i2_8_0_, course1_.id as id1_2_1_, course1_.course_name as course_n2_2_1_ from teachers_courses teachercou0_ inner join courses course1_ on teachercou0_.course_id=course1_.id where teachercou0_.teacher_id=?
Hibernate: select courseteac0_.course_id as course_i2_8_0_, courseteac0_.teacher_id as teacher_1_8_0_, teacher1_.id as id1_7_1_, teacher1_.faculty_id as faculty_4_7_1_, teacher1_.first_name as first_na2_7_1_, teacher1_.last_name as last_nam3_7_1_, faculty2_.id as id1_3_2_, faculty2_.faculty_name as faculty_2_3_2_ from teachers_courses courseteac0_ inner join teachers teacher1_ on courseteac0_.teacher_id=teacher1_.id left outer join faculties faculty2_ on teacher1_.faculty_id=faculty2_.id where courseteac0_.course_id=?
Hibernate: select teachercou0_.teacher_id as teacher_1_8_0_, teachercou0_.course_id as course_i2_8_0_, course1_.id as id1_2_1_, course1_.course_name as course_n2_2_1_ from teachers_courses teachercou0_ inner join courses course1_ on teachercou0_.course_id=course1_.id where teachercou0_.teacher_id=?
Hibernate: select courseteac0_.course_id as course_i2_8_0_, courseteac0_.teacher_id as teacher_1_8_0_, teacher1_.id as id1_7_1_, teacher1_.faculty_id as faculty_4_7_1_, teacher1_.first_name as first_na2_7_1_, teacher1_.last_name as last_nam3_7_1_, faculty2_.id as id1_3_2_, faculty2_.faculty_name as faculty_2_3_2_ from teachers_courses courseteac0_ inner join teachers teacher1_ on courseteac0_.teacher_id=teacher1_.id left outer join faculties faculty2_ on teacher1_.faculty_id=faculty2_.id where courseteac0_.course_id=?
Hibernate: select teachercou0_.teacher_id as teacher_1_8_0_, teachercou0_.course_id as course_i2_8_0_, course1_.id as id1_2_1_, course1_.course_name as course_n2_2_1_ from teachers_courses teachercou0_ inner join courses course1_ on teachercou0_.course_id=course1_.id where teachercou0_.teacher_id=?
Hibernate: select courseteac0_.course_id as course_i2_8_0_, courseteac0_.teacher_id as teacher_1_8_0_, teacher1_.id as id1_7_1_, teacher1_.faculty_id as faculty_4_7_1_, teacher1_.first_name as first_na2_7_1_, teacher1_.last_name as last_nam3_7_1_, faculty2_.id as id1_3_2_, faculty2_.faculty_name as faculty_2_3_2_ from teachers_courses courseteac0_ inner join teachers teacher1_ on courseteac0_.teacher_id=teacher1_.id left outer join faculties faculty2_ on teacher1_.faculty_id=faculty2_.id where courseteac0_.course_id=?
Hibernate: select teachercou0_.teacher_id as teacher_1_8_0_, teachercou0_.course_id as course_i2_8_0_, course1_.id as id1_2_1_, course1_.course_name as course_n2_2_1_ from teachers_courses teachercou0_ inner join courses course1_ on teachercou0_.course_id=course1_.id where teachercou0_.teacher_id=?
Hibernate: select teachercou0_.teacher_id as teacher_1_8_0_, teachercou0_.course_id as course_i2_8_0_, course1_.id as id1_2_1_, course1_.course_name as course_n2_2_1_ from teachers_courses teachercou0_ inner join courses course1_ on teachercou0_.course_id=course1_.id where teachercou0_.teacher_id=?
Hibernate: select courseteac0_.course_id as course_i2_8_0_, courseteac0_.teacher_id as teacher_1_8_0_, teacher1_.id as id1_7_1_, teacher1_.faculty_id as faculty_4_7_1_, teacher1_.first_name as first_na2_7_1_, teacher1_.last_name as last_nam3_7_1_, faculty2_.id as id1_3_2_, faculty2_.faculty_name as faculty_2_3_2_ from teachers_courses courseteac0_ inner join teachers teacher1_ on courseteac0_.teacher_id=teacher1_.id left outer join faculties faculty2_ on teacher1_.faculty_id=faculty2_.id where courseteac0_.course_id=?
Hibernate: select teachercou0_.teacher_id as teacher_1_8_0_, teachercou0_.course_id as course_i2_8_0_, course1_.id as id1_2_1_, course1_.course_name as course_n2_2_1_ from teachers_courses teachercou0_ inner join courses course1_ on teachercou0_.course_id=course1_.id where teachercou0_.teacher_id=?
Hibernate: select teachercou0_.teacher_id as teacher_1_8_0_, teachercou0_.course_id as course_i2_8_0_, course1_.id as id1_2_1_, course1_.course_name as course_n2_2_1_ from teachers_courses teachercou0_ inner join courses course1_ on teachercou0_.course_id=course1_.id where teachercou0_.teacher_id=?
Hibernate: select courseteac0_.course_id as course_i2_8_0_, courseteac0_.teacher_id as teacher_1_8_0_, teacher1_.id as id1_7_1_, teacher1_.faculty_id as faculty_4_7_1_, teacher1_.first_name as first_na2_7_1_, teacher1_.last_name as last_nam3_7_1_, faculty2_.id as id1_3_2_, faculty2_.faculty_name as faculty_2_3_2_ from teachers_courses courseteac0_ inner join teachers teacher1_ on courseteac0_.teacher_id=teacher1_.id left outer join faculties faculty2_ on teacher1_.faculty_id=faculty2_.id where courseteac0_.course_id=?
Hibernate: select teachercou0_.teacher_id as teacher_1_8_0_, teachercou0_.course_id as course_i2_8_0_, course1_.id as id1_2_1_, course1_.course_name as course_n2_2_1_ from teachers_courses teachercou0_ inner join courses course1_ on teachercou0_.course_id=course1_.id where teachercou0_.teacher_id=?
Hibernate: select courseteac0_.course_id as course_i2_8_0_, courseteac0_.teacher_id as teacher_1_8_0_, teacher1_.id as id1_7_1_, teacher1_.faculty_id as faculty_4_7_1_, teacher1_.first_name as first_na2_7_1_, teacher1_.last_name as last_nam3_7_1_, faculty2_.id as id1_3_2_, faculty2_.faculty_name as faculty_2_3_2_ from teachers_courses courseteac0_ inner join teachers teacher1_ on courseteac0_.teacher_id=teacher1_.id left outer join faculties faculty2_ on teacher1_.faculty_id=faculty2_.id where courseteac0_.course_id=?
Hibernate: select teachercou0_.teacher_id as teacher_1_8_0_, teachercou0_.course_id as course_i2_8_0_, course1_.id as id1_2_1_, course1_.course_name as course_n2_2_1_ from teachers_courses teachercou0_ inner join courses course1_ on teachercou0_.course_id=course1_.id where teachercou0_.teacher_id=?
Hibernate: select courseteac0_.course_id as course_i2_8_0_, courseteac0_.teacher_id as teacher_1_8_0_, teacher1_.id as id1_7_1_, teacher1_.faculty_id as faculty_4_7_1_, teacher1_.first_name as first_na2_7_1_, teacher1_.last_name as last_nam3_7_1_, faculty2_.id as id1_3_2_, faculty2_.faculty_name as faculty_2_3_2_ from teachers_courses courseteac0_ inner join teachers teacher1_ on courseteac0_.teacher_id=teacher1_.id left outer join faculties faculty2_ on teacher1_.faculty_id=faculty2_.id where courseteac0_.course_id=?
Hibernate: select teachercou0_.teacher_id as teacher_1_8_0_, teachercou0_.course_id as course_i2_8_0_, course1_.id as id1_2_1_, course1_.course_name as course_n2_2_1_ from teachers_courses teachercou0_ inner join courses course1_ on teachercou0_.course_id=course1_.id where teachercou0_.teacher_id=?
Hibernate: select courseteac0_.course_id as course_i2_8_0_, courseteac0_.teacher_id as teacher_1_8_0_, teacher1_.id as id1_7_1_, teacher1_.faculty_id as faculty_4_7_1_, teacher1_.first_name as first_na2_7_1_, teacher1_.last_name as last_nam3_7_1_, faculty2_.id as id1_3_2_, faculty2_.faculty_name as faculty_2_3_2_ from teachers_courses courseteac0_ inner join teachers teacher1_ on courseteac0_.teacher_id=teacher1_.id left outer join faculties faculty2_ on teacher1_.faculty_id=faculty2_.id where courseteac0_.course_id=?
Hibernate: select teachercou0_.teacher_id as teacher_1_8_0_, teachercou0_.course_id as course_i2_8_0_, course1_.id as id1_2_1_, course1_.course_name as course_n2_2_1_ from teachers_courses teachercou0_ inner join courses course1_ on teachercou0_.course_id=course1_.id where teachercou0_.teacher_id=?
Hibernate: select courseteac0_.course_id as course_i2_8_0_, courseteac0_.teacher_id as teacher_1_8_0_, teacher1_.id as id1_7_1_, teacher1_.faculty_id as faculty_4_7_1_, teacher1_.first_name as first_na2_7_1_, teacher1_.last_name as last_nam3_7_1_, faculty2_.id as id1_3_2_, faculty2_.faculty_name as faculty_2_3_2_ from teachers_courses courseteac0_ inner join teachers teacher1_ on courseteac0_.teacher_id=teacher1_.id left outer join faculties faculty2_ on teacher1_.faculty_id=faculty2_.id where courseteac0_.course_id=?
26 Feb;19:05:46.442 [main] INFO  u.c.f.c.service.TeacherService - getAll():
 [Teacher{id=1, firstName='Albert', lastName='Johnson', faculty=Faculty{id=3, facultyName='Faculty of Arts'}}, Teacher{id=2, firstName='Stanley', lastName='Gruber', faculty=Faculty{id=3, facultyName='Faculty of Arts'}}, Teacher{id=3, firstName='Freya', lastName='Shepp', faculty=Faculty{id=3, facultyName='Faculty of Arts'}}, Teacher{id=4, firstName='Olivia', lastName='Blake', faculty=Faculty{id=3, facultyName='Faculty of Arts'}}, Teacher{id=5, firstName='Scarlett', lastName='Nimoy', faculty=Faculty{id=3, facultyName='Faculty of Arts'}}, Teacher{id=6, firstName='Ellie', lastName='Purh', faculty=Faculty{id=1, facultyName='Changed faculty name'}}, Teacher{id=7, firstName='Charlie', lastName='Byrne', faculty=Faculty{id=1, facultyName='Changed faculty name'}}, Teacher{id=8, firstName='Samuel', lastName='Travis', faculty=Faculty{id=1, facultyName='Changed faculty name'}}, Teacher{id=9, firstName='Albert', lastName='Hill', faculty=Faculty{id=1, facultyName='Changed faculty name'}}, Teacher{id=10, firstName='Joshua', lastName='Eve', faculty=Faculty{id=2, facultyName='Changed faculty name'}}, Teacher{id=11, firstName='Sophia', lastName='Roos', faculty=Faculty{id=2, facultyName='Changed faculty name'}}, Teacher{id=12, firstName='Mia', lastName='Brown', faculty=Faculty{id=2, facultyName='Changed faculty name'}}]
26 Feb;19:05:46.450 [main] INFO  u.c.f.c.service.FacultyService - getById: faculty = Faculty{id=3, facultyName='Faculty of Arts'}
26 Feb;19:05:46.451 [main] INFO  u.c.f.c.service.CourseService - getById: course = Course{id=1, courseName='History'}
26 Feb;19:05:46.452 [main] INFO  u.c.f.c.service.FacultyService - getById: faculty = Faculty{id=3, facultyName='Faculty of Arts'}
26 Feb;19:05:46.452 [main] INFO  u.c.f.c.service.CourseService - getById: course = Course{id=2, courseName='Philosophy'}
26 Feb;19:05:46.453 [main] INFO  u.c.f.c.service.FacultyService - getById: faculty = Faculty{id=3, facultyName='Faculty of Arts'}
26 Feb;19:05:46.453 [main] INFO  u.c.f.c.service.CourseService - getById: course = Course{id=3, courseName='Another course's name'}
26 Feb;19:05:46.454 [main] INFO  u.c.f.c.service.FacultyService - getById: faculty = Faculty{id=3, facultyName='Faculty of Arts'}
26 Feb;19:05:46.454 [main] INFO  u.c.f.c.service.CourseService - getById: course = Course{id=4, courseName='Political science'}
26 Feb;19:05:46.454 [main] INFO  u.c.f.c.service.FacultyService - getById: faculty = Faculty{id=3, facultyName='Faculty of Arts'}
26 Feb;19:05:46.455 [main] INFO  u.c.f.c.service.CourseService - getById: course = Course{id=5, courseName='Culture'}
26 Feb;19:05:46.455 [main] INFO  u.c.f.c.service.FacultyService - getById: faculty = Faculty{id=1, facultyName='Changed faculty name'}
26 Feb;19:05:46.456 [main] INFO  u.c.f.c.service.CourseService - getById: course = Course{id=6, courseName='Biology'}
26 Feb;19:05:46.456 [main] INFO  u.c.f.c.service.FacultyService - getById: faculty = Faculty{id=1, facultyName='Changed faculty name'}
26 Feb;19:05:46.457 [main] INFO  u.c.f.c.service.CourseService - getById: course = Course{id=6, courseName='Biology'}
26 Feb;19:05:46.457 [main] INFO  u.c.f.c.service.FacultyService - getById: faculty = Faculty{id=1, facultyName='Changed faculty name'}
26 Feb;19:05:46.457 [main] INFO  u.c.f.c.service.CourseService - getById: course = Course{id=7, courseName='Chemistry'}
26 Feb;19:05:46.458 [main] INFO  u.c.f.c.service.FacultyService - getById: faculty = Faculty{id=1, facultyName='Changed faculty name'}
26 Feb;19:05:46.458 [main] INFO  u.c.f.c.service.CourseService - getById: course = Course{id=7, courseName='Chemistry'}
26 Feb;19:05:46.459 [main] INFO  u.c.f.c.service.FacultyService - getById: faculty = Faculty{id=2, facultyName='Changed faculty name'}
26 Feb;19:05:46.459 [main] INFO  u.c.f.c.service.CourseService - getById: course = Course{id=8, courseName='Mathematics'}
26 Feb;19:05:46.460 [main] INFO  u.c.f.c.service.FacultyService - getById: faculty = Faculty{id=2, facultyName='Changed faculty name'}
26 Feb;19:05:46.460 [main] INFO  u.c.f.c.service.CourseService - getById: course = Course{id=9, courseName='Physics'}
26 Feb;19:05:46.460 [main] INFO  u.c.f.c.service.FacultyService - getById: faculty = Faculty{id=2, facultyName='Changed faculty name'}
26 Feb;19:05:46.461 [main] INFO  u.c.f.c.service.CourseService - getById: course = Course{id=10, courseName='Geometry'}

MockHttpServletRequest:
      HTTP Method = GET
      Request URI = /teachers
       Parameters = {}
          Headers = []
             Body = <no character encoding set>
    Session Attrs = {}

Handler:
             Type = ua.com.foxminded.classtimetable.controllers.ui.TeacherController
           Method = ua.com.foxminded.classtimetable.controllers.ui.TeacherController#showAll(ModelMap)

Async:
    Async started = false
     Async result = null

Resolved Exception:
             Type = null

ModelAndView:
        View name = teachers/showAll
             View = null
        Attribute = teachers
            value = [TeacherDto{id=1, firstName='Albert', lastName='Johnson', facultyId=3, coursesId=[1]}, TeacherDto{id=2, firstName='Stanley', lastName='Gruber', facultyId=3, coursesId=[2]}, TeacherDto{id=3, firstName='Freya', lastName='Shepp', facultyId=3, coursesId=[3]}, TeacherDto{id=4, firstName='Olivia', lastName='Blake', facultyId=3, coursesId=[4]}, TeacherDto{id=5, firstName='Scarlett', lastName='Nimoy', facultyId=3, coursesId=[5]}, TeacherDto{id=6, firstName='Ellie', lastName='Purh', facultyId=1, coursesId=[6]}, TeacherDto{id=7, firstName='Charlie', lastName='Byrne', facultyId=1, coursesId=[6]}, TeacherDto{id=8, firstName='Samuel', lastName='Travis', facultyId=1, coursesId=[7]}, TeacherDto{id=9, firstName='Albert', lastName='Hill', facultyId=1, coursesId=[7]}, TeacherDto{id=10, firstName='Joshua', lastName='Eve', facultyId=2, coursesId=[8]}, TeacherDto{id=11, firstName='Sophia', lastName='Roos', facultyId=2, coursesId=[9]}, TeacherDto{id=12, firstName='Mia', lastName='Brown', facultyId=2, coursesId=[10]}]
        Attribute = faculties
            value = ua.com.foxminded.classtimetable.service.FacultyService@421acd02
           errors = []
        Attribute = courses
            value = ua.com.foxminded.classtimetable.service.CourseService@78d664d9
           errors = []

FlashMap:
       Attributes = null

MockHttpServletResponse:
           Status = 200
    Error message = null
          Headers = [Content-Language:"en", Content-Type:"text/html;charset=UTF-8"]
     Content type = text/html;charset=UTF-8
             Body = <!DOCTYPE html>
<html lang="en">
<head>
    <title>Teacher-listing</title>
    <meta charset="UTF-8">
    <meta name="viewport" content="width=device-width, initial-scale=1">
    <link rel="stylesheet" href="https://maxcdn.bootstrapcdn.com/bootstrap/4.0.0/css/bootstrap.min.css">
    <script src="https://code.jquery.com/jquery-3.2.1.slim.min.js"></script>
    <script src="https://cdnjs.cloudflare.com/ajax/libs/popper.js/1.12.9/umd/popper.min.js"></script>
    <script src="https://maxcdn.bootstrapcdn.com/bootstrap/4.0.0/js/bootstrap.min.js"></script>
</head>

<body>

<nav class="navbar navbar-expand-sm bg-dark navbar-dark sticky-top">
    <a class="navbar-brand" href="/">Class Timetable</a>
    <ul class="navbar-nav">
        <li class="nav-item">
            <a class="nav-link" href="/">Home</a>
        </li>
        <li class="nav-item dropdown">
            <a class="nav-link dropdown-toggle" data-toggle="dropdown" href="/">University structure</a>
            <div class="dropdown-menu">
                <a class="dropdown-item" href="/buildings">Buildings</a>
                <a class="dropdown-item" href="/classrooms">Study rooms</a>
                <a class="dropdown-item" href="/faculties">Faculties</a>
                <a class="dropdown-item" href="/courses">Courses</a>
            </div>
        </li>
        <li class="nav-item dropdown">
            <a class="nav-link dropdown-toggle" data-toggle="dropdown" href="/">Personalities</a>
            <div class="dropdown-menu">
                <a class="dropdown-item" href="/students">Students</a>
                <a class="dropdown-item" href="/teachers">Teachers</a>
            </div>
        </li>
        <li class="nav-item">
            <a class="nav-link" href="/lessons">Current lessons</a>
        </li>
        <li class="nav-item">
            <a class="nav-link" href="/schedule">Show the personal schedule</a>
        </li>
    </ul>
</nav>

<div class="container">
    <br/>
    <h2>Teachers</h2>
    <p style="color:red">
        <a></a>
    </p>
    <a class="btn btn-sm btn-secondary" href="/">Back to menu</a>
    <a class="btn btn-sm btn-success" href="/teachers/new">Create new teacher</a>
    <br/>
    <br/>
    <table class="table table-bordered table-hover">
        <thead class="table-secondary">
        <tr>
            <th class="text-dark">First name</th>
            <th class="text-dark">Last name</th>
            <th class="text-dark">Faculty</th>
            <th class="text-dark">Course (s)</th>
            <th class="text-dark">Removal</th>
        </tr>
        </thead>
        <tbody>
        <tr>
            <td>
                <a href="/teachers/1">Albert</a>
            </td>
            <td>
                <a href="/teachers/1">Johnson</a>
            </td>
            <td>
                <a href="/teachers/1">Faculty of Arts</a>
            </td>
            <td>
                
                    <a href="/teachers/1">History</a>
                    <br/>
                
            </td>
            <td>
                <form method="post" action="/teachers/1"><input type="hidden" name="_method" value="DELETE"/>
                    <input class="btn btn-sm btn-danger" type="submit" value="Delete!"/>
                </form>
            </td>
        </tr>
        <tr>
            <td>
                <a href="/teachers/2">Stanley</a>
            </td>
            <td>
                <a href="/teachers/2">Gruber</a>
            </td>
            <td>
                <a href="/teachers/2">Faculty of Arts</a>
            </td>
            <td>
                
                    <a href="/teachers/2">Philosophy</a>
                    <br/>
                
            </td>
            <td>
                <form method="post" action="/teachers/2"><input type="hidden" name="_method" value="DELETE"/>
                    <input class="btn btn-sm btn-danger" type="submit" value="Delete!"/>
                </form>
            </td>
        </tr>
        <tr>
            <td>
                <a href="/teachers/3">Freya</a>
            </td>
            <td>
                <a href="/teachers/3">Shepp</a>
            </td>
            <td>
                <a href="/teachers/3">Faculty of Arts</a>
            </td>
            <td>
                
                    <a href="/teachers/3">Another course&#39;s name</a>
                    <br/>
                
            </td>
            <td>
                <form method="post" action="/teachers/3"><input type="hidden" name="_method" value="DELETE"/>
                    <input class="btn btn-sm btn-danger" type="submit" value="Delete!"/>
                </form>
            </td>
        </tr>
        <tr>
            <td>
                <a href="/teachers/4">Olivia</a>
            </td>
            <td>
                <a href="/teachers/4">Blake</a>
            </td>
            <td>
                <a href="/teachers/4">Faculty of Arts</a>
            </td>
            <td>
                
                    <a href="/teachers/4">Political science</a>
                    <br/>
                
            </td>
            <td>
                <form method="post" action="/teachers/4"><input type="hidden" name="_method" value="DELETE"/>
                    <input class="btn btn-sm btn-danger" type="submit" value="Delete!"/>
                </form>
            </td>
        </tr>
        <tr>
            <td>
                <a href="/teachers/5">Scarlett</a>
            </td>
            <td>
                <a href="/teachers/5">Nimoy</a>
            </td>
            <td>
                <a href="/teachers/5">Faculty of Arts</a>
            </td>
            <td>
                
                    <a href="/teachers/5">Culture</a>
                    <br/>
                
            </td>
            <td>
                <form method="post" action="/teachers/5"><input type="hidden" name="_method" value="DELETE"/>
                    <input class="btn btn-sm btn-danger" type="submit" value="Delete!"/>
                </form>
            </td>
        </tr>
        <tr>
            <td>
                <a href="/teachers/6">Ellie</a>
            </td>
            <td>
                <a href="/teachers/6">Purh</a>
            </td>
            <td>
                <a href="/teachers/6">Changed faculty name</a>
            </td>
            <td>
                
                    <a href="/teachers/6">Biology</a>
                    <br/>
                
            </td>
            <td>
                <form method="post" action="/teachers/6"><input type="hidden" name="_method" value="DELETE"/>
                    <input class="btn btn-sm btn-danger" type="submit" value="Delete!"/>
                </form>
            </td>
        </tr>
        <tr>
            <td>
                <a href="/teachers/7">Charlie</a>
            </td>
            <td>
                <a href="/teachers/7">Byrne</a>
            </td>
            <td>
                <a href="/teachers/7">Changed faculty name</a>
            </td>
            <td>
                
                    <a href="/teachers/7">Biology</a>
                    <br/>
                
            </td>
            <td>
                <form method="post" action="/teachers/7"><input type="hidden" name="_method" value="DELETE"/>
                    <input class="btn btn-sm btn-danger" type="submit" value="Delete!"/>
                </form>
            </td>
        </tr>
        <tr>
            <td>
                <a href="/teachers/8">Samuel</a>
            </td>
            <td>
                <a href="/teachers/8">Travis</a>
            </td>
            <td>
                <a href="/teachers/8">Changed faculty name</a>
            </td>
            <td>
                
                    <a href="/teachers/8">Chemistry</a>
                    <br/>
                
            </td>
            <td>
                <form method="post" action="/teachers/8"><input type="hidden" name="_method" value="DELETE"/>
                    <input class="btn btn-sm btn-danger" type="submit" value="Delete!"/>
                </form>
            </td>
        </tr>
        <tr>
            <td>
                <a href="/teachers/9">Albert</a>
            </td>
            <td>
                <a href="/teachers/9">Hill</a>
            </td>
            <td>
                <a href="/teachers/9">Changed faculty name</a>
            </td>
            <td>
                
                    <a href="/teachers/9">Chemistry</a>
                    <br/>
                
            </td>
            <td>
                <form method="post" action="/teachers/9"><input type="hidden" name="_method" value="DELETE"/>
                    <input class="btn btn-sm btn-danger" type="submit" value="Delete!"/>
                </form>
            </td>
        </tr>
        <tr>
            <td>
                <a href="/teachers/10">Joshua</a>
            </td>
            <td>
                <a href="/teachers/10">Eve</a>
            </td>
            <td>
                <a href="/teachers/10">Changed faculty name</a>
            </td>
            <td>
                
                    <a href="/teachers/10">Mathematics</a>
                    <br/>
                
            </td>
            <td>
                <form method="post" action="/teachers/10"><input type="hidden" name="_method" value="DELETE"/>
                    <input class="btn btn-sm btn-danger" type="submit" value="Delete!"/>
                </form>
            </td>
        </tr>
        <tr>
            <td>
                <a href="/teachers/11">Sophia</a>
            </td>
            <td>
                <a href="/teachers/11">Roos</a>
            </td>
            <td>
                <a href="/teachers/11">Changed faculty name</a>
            </td>
            <td>
                
                    <a href="/teachers/11">Physics</a>
                    <br/>
                
            </td>
            <td>
                <form method="post" action="/teachers/11"><input type="hidden" name="_method" value="DELETE"/>
                    <input class="btn btn-sm btn-danger" type="submit" value="Delete!"/>
                </form>
            </td>
        </tr>
        <tr>
            <td>
                <a href="/teachers/12">Mia</a>
            </td>
            <td>
                <a href="/teachers/12">Brown</a>
            </td>
            <td>
                <a href="/teachers/12">Changed faculty name</a>
            </td>
            <td>
                
                    <a href="/teachers/12">Geometry</a>
                    <br/>
                
            </td>
            <td>
                <form method="post" action="/teachers/12"><input type="hidden" name="_method" value="DELETE"/>
                    <input class="btn btn-sm btn-danger" type="submit" value="Delete!"/>
                </form>
            </td>
        </tr>
        </tbody>
    </table>
</div>
</body>
</html>

    Forwarded URL = null
   Redirected URL = null
          Cookies = []
Hibernate: select teacher0_.id as id1_7_, teacher0_.faculty_id as faculty_4_7_, teacher0_.first_name as first_na2_7_, teacher0_.last_name as last_nam3_7_ from teachers teacher0_
Hibernate: select faculty0_.id as id1_3_0_, faculty0_.faculty_name as faculty_2_3_0_ from faculties faculty0_ where faculty0_.id=?
Hibernate: select faculty0_.id as id1_3_0_, faculty0_.faculty_name as faculty_2_3_0_ from faculties faculty0_ where faculty0_.id=?
Hibernate: select faculty0_.id as id1_3_0_, faculty0_.faculty_name as faculty_2_3_0_ from faculties faculty0_ where faculty0_.id=?
Hibernate: select teachercou0_.teacher_id as teacher_1_8_0_, teachercou0_.course_id as course_i2_8_0_, course1_.id as id1_2_1_, course1_.course_name as course_n2_2_1_ from teachers_courses teachercou0_ inner join courses course1_ on teachercou0_.course_id=course1_.id where teachercou0_.teacher_id=?
Hibernate: select courseteac0_.course_id as course_i2_8_0_, courseteac0_.teacher_id as teacher_1_8_0_, teacher1_.id as id1_7_1_, teacher1_.faculty_id as faculty_4_7_1_, teacher1_.first_name as first_na2_7_1_, teacher1_.last_name as last_nam3_7_1_, faculty2_.id as id1_3_2_, faculty2_.faculty_name as faculty_2_3_2_ from teachers_courses courseteac0_ inner join teachers teacher1_ on courseteac0_.teacher_id=teacher1_.id left outer join faculties faculty2_ on teacher1_.faculty_id=faculty2_.id where courseteac0_.course_id=?
Hibernate: select teachercou0_.teacher_id as teacher_1_8_0_, teachercou0_.course_id as course_i2_8_0_, course1_.id as id1_2_1_, course1_.course_name as course_n2_2_1_ from teachers_courses teachercou0_ inner join courses course1_ on teachercou0_.course_id=course1_.id where teachercou0_.teacher_id=?
Hibernate: select courseteac0_.course_id as course_i2_8_0_, courseteac0_.teacher_id as teacher_1_8_0_, teacher1_.id as id1_7_1_, teacher1_.faculty_id as faculty_4_7_1_, teacher1_.first_name as first_na2_7_1_, teacher1_.last_name as last_nam3_7_1_, faculty2_.id as id1_3_2_, faculty2_.faculty_name as faculty_2_3_2_ from teachers_courses courseteac0_ inner join teachers teacher1_ on courseteac0_.teacher_id=teacher1_.id left outer join faculties faculty2_ on teacher1_.faculty_id=faculty2_.id where courseteac0_.course_id=?
Hibernate: select teachercou0_.teacher_id as teacher_1_8_0_, teachercou0_.course_id as course_i2_8_0_, course1_.id as id1_2_1_, course1_.course_name as course_n2_2_1_ from teachers_courses teachercou0_ inner join courses course1_ on teachercou0_.course_id=course1_.id where teachercou0_.teacher_id=?
Hibernate: select courseteac0_.course_id as course_i2_8_0_, courseteac0_.teacher_id as teacher_1_8_0_, teacher1_.id as id1_7_1_, teacher1_.faculty_id as faculty_4_7_1_, teacher1_.first_name as first_na2_7_1_, teacher1_.last_name as last_nam3_7_1_, faculty2_.id as id1_3_2_, faculty2_.faculty_name as faculty_2_3_2_ from teachers_courses courseteac0_ inner join teachers teacher1_ on courseteac0_.teacher_id=teacher1_.id left outer join faculties faculty2_ on teacher1_.faculty_id=faculty2_.id where courseteac0_.course_id=?
Hibernate: select teachercou0_.teacher_id as teacher_1_8_0_, teachercou0_.course_id as course_i2_8_0_, course1_.id as id1_2_1_, course1_.course_name as course_n2_2_1_ from teachers_courses teachercou0_ inner join courses course1_ on teachercou0_.course_id=course1_.id where teachercou0_.teacher_id=?
Hibernate: select courseteac0_.course_id as course_i2_8_0_, courseteac0_.teacher_id as teacher_1_8_0_, teacher1_.id as id1_7_1_, teacher1_.faculty_id as faculty_4_7_1_, teacher1_.first_name as first_na2_7_1_, teacher1_.last_name as last_nam3_7_1_, faculty2_.id as id1_3_2_, faculty2_.faculty_name as faculty_2_3_2_ from teachers_courses courseteac0_ inner join teachers teacher1_ on courseteac0_.teacher_id=teacher1_.id left outer join faculties faculty2_ on teacher1_.faculty_id=faculty2_.id where courseteac0_.course_id=?
Hibernate: select teachercou0_.teacher_id as teacher_1_8_0_, teachercou0_.course_id as course_i2_8_0_, course1_.id as id1_2_1_, course1_.course_name as course_n2_2_1_ from teachers_courses teachercou0_ inner join courses course1_ on teachercou0_.course_id=course1_.id where teachercou0_.teacher_id=?
Hibernate: select teachercou0_.teacher_id as teacher_1_8_0_, teachercou0_.course_id as course_i2_8_0_, course1_.id as id1_2_1_, course1_.course_name as course_n2_2_1_ from teachers_courses teachercou0_ inner join courses course1_ on teachercou0_.course_id=course1_.id where teachercou0_.teacher_id=?
Hibernate: select courseteac0_.course_id as course_i2_8_0_, courseteac0_.teacher_id as teacher_1_8_0_, teacher1_.id as id1_7_1_, teacher1_.faculty_id as faculty_4_7_1_, teacher1_.first_name as first_na2_7_1_, teacher1_.last_name as last_nam3_7_1_, faculty2_.id as id1_3_2_, faculty2_.faculty_name as faculty_2_3_2_ from teachers_courses courseteac0_ inner join teachers teacher1_ on courseteac0_.teacher_id=teacher1_.id left outer join faculties faculty2_ on teacher1_.faculty_id=faculty2_.id where courseteac0_.course_id=?
Hibernate: select teachercou0_.teacher_id as teacher_1_8_0_, teachercou0_.course_id as course_i2_8_0_, course1_.id as id1_2_1_, course1_.course_name as course_n2_2_1_ from teachers_courses teachercou0_ inner join courses course1_ on teachercou0_.course_id=course1_.id where teachercou0_.teacher_id=?
Hibernate: select teachercou0_.teacher_id as teacher_1_8_0_, teachercou0_.course_id as course_i2_8_0_, course1_.id as id1_2_1_, course1_.course_name as course_n2_2_1_ from teachers_courses teachercou0_ inner join courses course1_ on teachercou0_.course_id=course1_.id where teachercou0_.teacher_id=?
Hibernate: select courseteac0_.course_id as course_i2_8_0_, courseteac0_.teacher_id as teacher_1_8_0_, teacher1_.id as id1_7_1_, teacher1_.faculty_id as faculty_4_7_1_, teacher1_.first_name as first_na2_7_1_, teacher1_.last_name as last_nam3_7_1_, faculty2_.id as id1_3_2_, faculty2_.faculty_name as faculty_2_3_2_ from teachers_courses courseteac0_ inner join teachers teacher1_ on courseteac0_.teacher_id=teacher1_.id left outer join faculties faculty2_ on teacher1_.faculty_id=faculty2_.id where courseteac0_.course_id=?
Hibernate: select teachercou0_.teacher_id as teacher_1_8_0_, teachercou0_.course_id as course_i2_8_0_, course1_.id as id1_2_1_, course1_.course_name as course_n2_2_1_ from teachers_courses teachercou0_ inner join courses course1_ on teachercou0_.course_id=course1_.id where teachercou0_.teacher_id=?
Hibernate: select courseteac0_.course_id as course_i2_8_0_, courseteac0_.teacher_id as teacher_1_8_0_, teacher1_.id as id1_7_1_, teacher1_.faculty_id as faculty_4_7_1_, teacher1_.first_name as first_na2_7_1_, teacher1_.last_name as last_nam3_7_1_, faculty2_.id as id1_3_2_, faculty2_.faculty_name as faculty_2_3_2_ from teachers_courses courseteac0_ inner join teachers teacher1_ on courseteac0_.teacher_id=teacher1_.id left outer join faculties faculty2_ on teacher1_.faculty_id=faculty2_.id where courseteac0_.course_id=?
Hibernate: select teachercou0_.teacher_id as teacher_1_8_0_, teachercou0_.course_id as course_i2_8_0_, course1_.id as id1_2_1_, course1_.course_name as course_n2_2_1_ from teachers_courses teachercou0_ inner join courses course1_ on teachercou0_.course_id=course1_.id where teachercou0_.teacher_id=?
Hibernate: select courseteac0_.course_id as course_i2_8_0_, courseteac0_.teacher_id as teacher_1_8_0_, teacher1_.id as id1_7_1_, teacher1_.faculty_id as faculty_4_7_1_, teacher1_.first_name as first_na2_7_1_, teacher1_.last_name as last_nam3_7_1_, faculty2_.id as id1_3_2_, faculty2_.faculty_name as faculty_2_3_2_ from teachers_courses courseteac0_ inner join teachers teacher1_ on courseteac0_.teacher_id=teacher1_.id left outer join faculties faculty2_ on teacher1_.faculty_id=faculty2_.id where courseteac0_.course_id=?
Hibernate: select teachercou0_.teacher_id as teacher_1_8_0_, teachercou0_.course_id as course_i2_8_0_, course1_.id as id1_2_1_, course1_.course_name as course_n2_2_1_ from teachers_courses teachercou0_ inner join courses course1_ on teachercou0_.course_id=course1_.id where teachercou0_.teacher_id=?
Hibernate: select courseteac0_.course_id as course_i2_8_0_, courseteac0_.teacher_id as teacher_1_8_0_, teacher1_.id as id1_7_1_, teacher1_.faculty_id as faculty_4_7_1_, teacher1_.first_name as first_na2_7_1_, teacher1_.last_name as last_nam3_7_1_, faculty2_.id as id1_3_2_, faculty2_.faculty_name as faculty_2_3_2_ from teachers_courses courseteac0_ inner join teachers teacher1_ on courseteac0_.teacher_id=teacher1_.id left outer join faculties faculty2_ on teacher1_.faculty_id=faculty2_.id where courseteac0_.course_id=?
Hibernate: select teachercou0_.teacher_id as teacher_1_8_0_, teachercou0_.course_id as course_i2_8_0_, course1_.id as id1_2_1_, course1_.course_name as course_n2_2_1_ from teachers_courses teachercou0_ inner join courses course1_ on teachercou0_.course_id=course1_.id where teachercou0_.teacher_id=?
Hibernate: select courseteac0_.course_id as course_i2_8_0_, courseteac0_.teacher_id as teacher_1_8_0_, teacher1_.id as id1_7_1_, teacher1_.faculty_id as faculty_4_7_1_, teacher1_.first_name as first_na2_7_1_, teacher1_.last_name as last_nam3_7_1_, faculty2_.id as id1_3_2_, faculty2_.faculty_name as faculty_2_3_2_ from teachers_courses courseteac0_ inner join teachers teacher1_ on courseteac0_.teacher_id=teacher1_.id left outer join faculties faculty2_ on teacher1_.faculty_id=faculty2_.id where courseteac0_.course_id=?
26 Feb;19:05:46.467 [main] INFO  u.c.f.c.service.TeacherService - getAll():
 [Teacher{id=1, firstName='Albert', lastName='Johnson', faculty=Faculty{id=3, facultyName='Faculty of Arts'}}, Teacher{id=2, firstName='Stanley', lastName='Gruber', faculty=Faculty{id=3, facultyName='Faculty of Arts'}}, Teacher{id=3, firstName='Freya', lastName='Shepp', faculty=Faculty{id=3, facultyName='Faculty of Arts'}}, Teacher{id=4, firstName='Olivia', lastName='Blake', faculty=Faculty{id=3, facultyName='Faculty of Arts'}}, Teacher{id=5, firstName='Scarlett', lastName='Nimoy', faculty=Faculty{id=3, facultyName='Faculty of Arts'}}, Teacher{id=6, firstName='Ellie', lastName='Purh', faculty=Faculty{id=1, facultyName='Changed faculty name'}}, Teacher{id=7, firstName='Charlie', lastName='Byrne', faculty=Faculty{id=1, facultyName='Changed faculty name'}}, Teacher{id=8, firstName='Samuel', lastName='Travis', faculty=Faculty{id=1, facultyName='Changed faculty name'}}, Teacher{id=9, firstName='Albert', lastName='Hill', faculty=Faculty{id=1, facultyName='Changed faculty name'}}, Teacher{id=10, firstName='Joshua', lastName='Eve', faculty=Faculty{id=2, facultyName='Changed faculty name'}}, Teacher{id=11, firstName='Sophia', lastName='Roos', faculty=Faculty{id=2, facultyName='Changed faculty name'}}, Teacher{id=12, firstName='Mia', lastName='Brown', faculty=Faculty{id=2, facultyName='Changed faculty name'}}]
]]></system-out>
  </testcase>
  <testcase name="should_addNewTeacherToDatabase_when_controllerCallsAddToDBMethod" classname="ua.com.foxminded.classtimetable.controllers.ui.TeacherControllerTest" time="0.016">
    <system-out><![CDATA[26 Feb;19:05:46.471 [main] INFO  o.s.b.t.m.w.SpringBootMockServletContext - Initializing Spring TestDispatcherServlet ''
26 Feb;19:05:46.471 [main] INFO  o.s.t.w.s.TestDispatcherServlet - Initializing Servlet ''
26 Feb;19:05:46.473 [main] INFO  o.s.t.w.s.TestDispatcherServlet - Completed initialization in 2 ms
Hibernate: select faculty0_.id as id1_3_0_, faculty0_.faculty_name as faculty_2_3_0_ from faculties faculty0_ where faculty0_.id=?
Hibernate: select course0_.id as id1_2_0_, course0_.course_name as course_n2_2_0_, courseteac1_.course_id as course_i2_8_1_, teacher2_.id as teacher_1_8_1_, teacher2_.id as id1_7_2_, teacher2_.faculty_id as faculty_4_7_2_, teacher2_.first_name as first_na2_7_2_, teacher2_.last_name as last_nam3_7_2_, faculty3_.id as id1_3_3_, faculty3_.faculty_name as faculty_2_3_3_ from courses course0_ left outer join teachers_courses courseteac1_ on course0_.id=courseteac1_.course_id left outer join teachers teacher2_ on courseteac1_.teacher_id=teacher2_.id left outer join faculties faculty3_ on teacher2_.faculty_id=faculty3_.id where course0_.id=?
Hibernate: select teachercou0_.teacher_id as teacher_1_8_0_, teachercou0_.course_id as course_i2_8_0_, course1_.id as id1_2_1_, course1_.course_name as course_n2_2_1_ from teachers_courses teachercou0_ inner join courses course1_ on teachercou0_.course_id=course1_.id where teachercou0_.teacher_id=?
Hibernate: select course0_.id as id1_2_0_, course0_.course_name as course_n2_2_0_, courseteac1_.course_id as course_i2_8_1_, teacher2_.id as teacher_1_8_1_, teacher2_.id as id1_7_2_, teacher2_.faculty_id as faculty_4_7_2_, teacher2_.first_name as first_na2_7_2_, teacher2_.last_name as last_nam3_7_2_, faculty3_.id as id1_3_3_, faculty3_.faculty_name as faculty_2_3_3_ from courses course0_ left outer join teachers_courses courseteac1_ on course0_.id=courseteac1_.course_id left outer join teachers teacher2_ on courseteac1_.teacher_id=teacher2_.id left outer join faculties faculty3_ on teacher2_.faculty_id=faculty3_.id where course0_.id=?
Hibernate: select teachercou0_.teacher_id as teacher_1_8_0_, teachercou0_.course_id as course_i2_8_0_, course1_.id as id1_2_1_, course1_.course_name as course_n2_2_1_ from teachers_courses teachercou0_ inner join courses course1_ on teachercou0_.course_id=course1_.id where teachercou0_.teacher_id=?
26 Feb;19:05:46.479 [main] INFO  u.c.f.c.service.TeacherService - create: teacher = Teacher{id=0, firstName='Jeff', lastName='Coff', faculty=Faculty{id=2, facultyName='Changed faculty name'}}
Hibernate: insert into teachers (faculty_id, first_name, last_name) values (?, ?, ?)
Hibernate: insert into teachers_courses (teacher_id, course_id) values (?, ?)
Hibernate: insert into teachers_courses (teacher_id, course_id) values (?, ?)
]]></system-out>
  </testcase>
  <testcase name="should_getOneTeacher_when_controllerCallsShowByIdMethod" classname="ua.com.foxminded.classtimetable.controllers.ui.TeacherControllerTest" time="0.032">
    <system-out><![CDATA[26 Feb;19:05:46.488 [main] INFO  o.s.b.t.m.w.SpringBootMockServletContext - Initializing Spring TestDispatcherServlet ''
26 Feb;19:05:46.488 [main] INFO  o.s.t.w.s.TestDispatcherServlet - Initializing Servlet ''
26 Feb;19:05:46.490 [main] INFO  o.s.t.w.s.TestDispatcherServlet - Completed initialization in 2 ms
Hibernate: select teacher0_.id as id1_7_0_, teacher0_.faculty_id as faculty_4_7_0_, teacher0_.first_name as first_na2_7_0_, teacher0_.last_name as last_nam3_7_0_, faculty1_.id as id1_3_1_, faculty1_.faculty_name as faculty_2_3_1_, teachercou2_.teacher_id as teacher_1_8_2_, course3_.id as course_i2_8_2_, course3_.id as id1_2_3_, course3_.course_name as course_n2_2_3_ from teachers teacher0_ left outer join faculties faculty1_ on teacher0_.faculty_id=faculty1_.id left outer join teachers_courses teachercou2_ on teacher0_.id=teachercou2_.teacher_id left outer join courses course3_ on teachercou2_.course_id=course3_.id where teacher0_.id=?
Hibernate: select courseteac0_.course_id as course_i2_8_0_, courseteac0_.teacher_id as teacher_1_8_0_, teacher1_.id as id1_7_1_, teacher1_.faculty_id as faculty_4_7_1_, teacher1_.first_name as first_na2_7_1_, teacher1_.last_name as last_nam3_7_1_, faculty2_.id as id1_3_2_, faculty2_.faculty_name as faculty_2_3_2_ from teachers_courses courseteac0_ inner join teachers teacher1_ on courseteac0_.teacher_id=teacher1_.id left outer join faculties faculty2_ on teacher1_.faculty_id=faculty2_.id where courseteac0_.course_id=?
Hibernate: select teachercou0_.teacher_id as teacher_1_8_0_, teachercou0_.course_id as course_i2_8_0_, course1_.id as id1_2_1_, course1_.course_name as course_n2_2_1_ from teachers_courses teachercou0_ inner join courses course1_ on teachercou0_.course_id=course1_.id where teachercou0_.teacher_id=?
26 Feb;19:05:46.493 [main] INFO  u.c.f.c.service.TeacherService - getById: teacher = Teacher{id=9, firstName='Albert', lastName='Hill', faculty=Faculty{id=1, facultyName='Changed faculty name'}}
Hibernate: select faculty0_.id as id1_3_, faculty0_.faculty_name as faculty_2_3_ from faculties faculty0_
26 Feb;19:05:46.494 [main] INFO  u.c.f.c.service.FacultyService - getAll():
 [Faculty{id=1, facultyName='Changed faculty name'}, Faculty{id=2, facultyName='Changed faculty name'}, Faculty{id=3, facultyName='Faculty of Arts'}, Faculty{id=5, facultyName='Faculty name'}, Faculty{id=7, facultyName='Faculty name'}]
Hibernate: select course0_.id as id1_2_, course0_.course_name as course_n2_2_ from courses course0_
Hibernate: select courseteac0_.course_id as course_i2_8_0_, courseteac0_.teacher_id as teacher_1_8_0_, teacher1_.id as id1_7_1_, teacher1_.faculty_id as faculty_4_7_1_, teacher1_.first_name as first_na2_7_1_, teacher1_.last_name as last_nam3_7_1_, faculty2_.id as id1_3_2_, faculty2_.faculty_name as faculty_2_3_2_ from teachers_courses courseteac0_ inner join teachers teacher1_ on courseteac0_.teacher_id=teacher1_.id left outer join faculties faculty2_ on teacher1_.faculty_id=faculty2_.id where courseteac0_.course_id=?
Hibernate: select courseteac0_.course_id as course_i2_8_0_, courseteac0_.teacher_id as teacher_1_8_0_, teacher1_.id as id1_7_1_, teacher1_.faculty_id as faculty_4_7_1_, teacher1_.first_name as first_na2_7_1_, teacher1_.last_name as last_nam3_7_1_, faculty2_.id as id1_3_2_, faculty2_.faculty_name as faculty_2_3_2_ from teachers_courses courseteac0_ inner join teachers teacher1_ on courseteac0_.teacher_id=teacher1_.id left outer join faculties faculty2_ on teacher1_.faculty_id=faculty2_.id where courseteac0_.course_id=?
Hibernate: select teachercou0_.teacher_id as teacher_1_8_0_, teachercou0_.course_id as course_i2_8_0_, course1_.id as id1_2_1_, course1_.course_name as course_n2_2_1_ from teachers_courses teachercou0_ inner join courses course1_ on teachercou0_.course_id=course1_.id where teachercou0_.teacher_id=?
Hibernate: select courseteac0_.course_id as course_i2_8_0_, courseteac0_.teacher_id as teacher_1_8_0_, teacher1_.id as id1_7_1_, teacher1_.faculty_id as faculty_4_7_1_, teacher1_.first_name as first_na2_7_1_, teacher1_.last_name as last_nam3_7_1_, faculty2_.id as id1_3_2_, faculty2_.faculty_name as faculty_2_3_2_ from teachers_courses courseteac0_ inner join teachers teacher1_ on courseteac0_.teacher_id=teacher1_.id left outer join faculties faculty2_ on teacher1_.faculty_id=faculty2_.id where courseteac0_.course_id=?
Hibernate: select teachercou0_.teacher_id as teacher_1_8_0_, teachercou0_.course_id as course_i2_8_0_, course1_.id as id1_2_1_, course1_.course_name as course_n2_2_1_ from teachers_courses teachercou0_ inner join courses course1_ on teachercou0_.course_id=course1_.id where teachercou0_.teacher_id=?
Hibernate: select courseteac0_.course_id as course_i2_8_0_, courseteac0_.teacher_id as teacher_1_8_0_, teacher1_.id as id1_7_1_, teacher1_.faculty_id as faculty_4_7_1_, teacher1_.first_name as first_na2_7_1_, teacher1_.last_name as last_nam3_7_1_, faculty2_.id as id1_3_2_, faculty2_.faculty_name as faculty_2_3_2_ from teachers_courses courseteac0_ inner join teachers teacher1_ on courseteac0_.teacher_id=teacher1_.id left outer join faculties faculty2_ on teacher1_.faculty_id=faculty2_.id where courseteac0_.course_id=?
Hibernate: select teachercou0_.teacher_id as teacher_1_8_0_, teachercou0_.course_id as course_i2_8_0_, course1_.id as id1_2_1_, course1_.course_name as course_n2_2_1_ from teachers_courses teachercou0_ inner join courses course1_ on teachercou0_.course_id=course1_.id where teachercou0_.teacher_id=?
Hibernate: select teachercou0_.teacher_id as teacher_1_8_0_, teachercou0_.course_id as course_i2_8_0_, course1_.id as id1_2_1_, course1_.course_name as course_n2_2_1_ from teachers_courses teachercou0_ inner join courses course1_ on teachercou0_.course_id=course1_.id where teachercou0_.teacher_id=?
Hibernate: select courseteac0_.course_id as course_i2_8_0_, courseteac0_.teacher_id as teacher_1_8_0_, teacher1_.id as id1_7_1_, teacher1_.faculty_id as faculty_4_7_1_, teacher1_.first_name as first_na2_7_1_, teacher1_.last_name as last_nam3_7_1_, faculty2_.id as id1_3_2_, faculty2_.faculty_name as faculty_2_3_2_ from teachers_courses courseteac0_ inner join teachers teacher1_ on courseteac0_.teacher_id=teacher1_.id left outer join faculties faculty2_ on teacher1_.faculty_id=faculty2_.id where courseteac0_.course_id=?
Hibernate: select teachercou0_.teacher_id as teacher_1_8_0_, teachercou0_.course_id as course_i2_8_0_, course1_.id as id1_2_1_, course1_.course_name as course_n2_2_1_ from teachers_courses teachercou0_ inner join courses course1_ on teachercou0_.course_id=course1_.id where teachercou0_.teacher_id=?
Hibernate: select teachercou0_.teacher_id as teacher_1_8_0_, teachercou0_.course_id as course_i2_8_0_, course1_.id as id1_2_1_, course1_.course_name as course_n2_2_1_ from teachers_courses teachercou0_ inner join courses course1_ on teachercou0_.course_id=course1_.id where teachercou0_.teacher_id=?
Hibernate: select courseteac0_.course_id as course_i2_8_0_, courseteac0_.teacher_id as teacher_1_8_0_, teacher1_.id as id1_7_1_, teacher1_.faculty_id as faculty_4_7_1_, teacher1_.first_name as first_na2_7_1_, teacher1_.last_name as last_nam3_7_1_, faculty2_.id as id1_3_2_, faculty2_.faculty_name as faculty_2_3_2_ from teachers_courses courseteac0_ inner join teachers teacher1_ on courseteac0_.teacher_id=teacher1_.id left outer join faculties faculty2_ on teacher1_.faculty_id=faculty2_.id where courseteac0_.course_id=?
Hibernate: select teachercou0_.teacher_id as teacher_1_8_0_, teachercou0_.course_id as course_i2_8_0_, course1_.id as id1_2_1_, course1_.course_name as course_n2_2_1_ from teachers_courses teachercou0_ inner join courses course1_ on teachercou0_.course_id=course1_.id where teachercou0_.teacher_id=?
Hibernate: select courseteac0_.course_id as course_i2_8_0_, courseteac0_.teacher_id as teacher_1_8_0_, teacher1_.id as id1_7_1_, teacher1_.faculty_id as faculty_4_7_1_, teacher1_.first_name as first_na2_7_1_, teacher1_.last_name as last_nam3_7_1_, faculty2_.id as id1_3_2_, faculty2_.faculty_name as faculty_2_3_2_ from teachers_courses courseteac0_ inner join teachers teacher1_ on courseteac0_.teacher_id=teacher1_.id left outer join faculties faculty2_ on teacher1_.faculty_id=faculty2_.id where courseteac0_.course_id=?
Hibernate: select teachercou0_.teacher_id as teacher_1_8_0_, teachercou0_.course_id as course_i2_8_0_, course1_.id as id1_2_1_, course1_.course_name as course_n2_2_1_ from teachers_courses teachercou0_ inner join courses course1_ on teachercou0_.course_id=course1_.id where teachercou0_.teacher_id=?
Hibernate: select courseteac0_.course_id as course_i2_8_0_, courseteac0_.teacher_id as teacher_1_8_0_, teacher1_.id as id1_7_1_, teacher1_.faculty_id as faculty_4_7_1_, teacher1_.first_name as first_na2_7_1_, teacher1_.last_name as last_nam3_7_1_, faculty2_.id as id1_3_2_, faculty2_.faculty_name as faculty_2_3_2_ from teachers_courses courseteac0_ inner join teachers teacher1_ on courseteac0_.teacher_id=teacher1_.id left outer join faculties faculty2_ on teacher1_.faculty_id=faculty2_.id where courseteac0_.course_id=?
Hibernate: select teachercou0_.teacher_id as teacher_1_8_0_, teachercou0_.course_id as course_i2_8_0_, course1_.id as id1_2_1_, course1_.course_name as course_n2_2_1_ from teachers_courses teachercou0_ inner join courses course1_ on teachercou0_.course_id=course1_.id where teachercou0_.teacher_id=?
Hibernate: select courseteac0_.course_id as course_i2_8_0_, courseteac0_.teacher_id as teacher_1_8_0_, teacher1_.id as id1_7_1_, teacher1_.faculty_id as faculty_4_7_1_, teacher1_.first_name as first_na2_7_1_, teacher1_.last_name as last_nam3_7_1_, faculty2_.id as id1_3_2_, faculty2_.faculty_name as faculty_2_3_2_ from teachers_courses courseteac0_ inner join teachers teacher1_ on courseteac0_.teacher_id=teacher1_.id left outer join faculties faculty2_ on teacher1_.faculty_id=faculty2_.id where courseteac0_.course_id=?
Hibernate: select teachercou0_.teacher_id as teacher_1_8_0_, teachercou0_.course_id as course_i2_8_0_, course1_.id as id1_2_1_, course1_.course_name as course_n2_2_1_ from teachers_courses teachercou0_ inner join courses course1_ on teachercou0_.course_id=course1_.id where teachercou0_.teacher_id=?
Hibernate: select courseteac0_.course_id as course_i2_8_0_, courseteac0_.teacher_id as teacher_1_8_0_, teacher1_.id as id1_7_1_, teacher1_.faculty_id as faculty_4_7_1_, teacher1_.first_name as first_na2_7_1_, teacher1_.last_name as last_nam3_7_1_, faculty2_.id as id1_3_2_, faculty2_.faculty_name as faculty_2_3_2_ from teachers_courses courseteac0_ inner join teachers teacher1_ on courseteac0_.teacher_id=teacher1_.id left outer join faculties faculty2_ on teacher1_.faculty_id=faculty2_.id where courseteac0_.course_id=?
Hibernate: select teachercou0_.teacher_id as teacher_1_8_0_, teachercou0_.course_id as course_i2_8_0_, course1_.id as id1_2_1_, course1_.course_name as course_n2_2_1_ from teachers_courses teachercou0_ inner join courses course1_ on teachercou0_.course_id=course1_.id where teachercou0_.teacher_id=?
26 Feb;19:05:46.498 [main] INFO  u.c.f.c.service.CourseService - getAll():
 [Course{id=1, courseName='History'}, Course{id=2, courseName='Philosophy'}, Course{id=3, courseName='Another course's name'}, Course{id=4, courseName='Political science'}, Course{id=5, courseName='Culture'}, Course{id=6, courseName='Biology'}, Course{id=7, courseName='Chemistry'}, Course{id=8, courseName='Mathematics'}, Course{id=9, courseName='Physics'}, Course{id=10, courseName='Geometry'}, Course{id=13, courseName='Course's name'}]

MockHttpServletRequest:
      HTTP Method = GET
      Request URI = /teachers/9
       Parameters = {}
          Headers = []
             Body = <no character encoding set>
    Session Attrs = {}

Handler:
             Type = ua.com.foxminded.classtimetable.controllers.ui.TeacherController
           Method = ua.com.foxminded.classtimetable.controllers.ui.TeacherController#showById(int, ModelMap)

Async:
    Async started = false
     Async result = null

Resolved Exception:
             Type = null

ModelAndView:
        View name = teachers/showById
             View = null
        Attribute = teacher
            value = TeacherDto{id=9, firstName='Albert', lastName='Hill', facultyId=1, coursesId=[7]}
           errors = []
        Attribute = faculties
            value = [Faculty{id=1, facultyName='Changed faculty name'}, Faculty{id=2, facultyName='Changed faculty name'}, Faculty{id=3, facultyName='Faculty of Arts'}, Faculty{id=5, facultyName='Faculty name'}, Faculty{id=7, facultyName='Faculty name'}]
        Attribute = allCourses
            value = [Course{id=1, courseName='History'}, Course{id=2, courseName='Philosophy'}, Course{id=3, courseName='Another course's name'}, Course{id=4, courseName='Political science'}, Course{id=5, courseName='Culture'}, Course{id=6, courseName='Biology'}, Course{id=7, courseName='Chemistry'}, Course{id=8, courseName='Mathematics'}, Course{id=9, courseName='Physics'}, Course{id=10, courseName='Geometry'}, Course{id=13, courseName='Course's name'}]

FlashMap:
       Attributes = null

MockHttpServletResponse:
           Status = 200
    Error message = null
          Headers = [Content-Language:"en", Content-Type:"text/html;charset=UTF-8"]
     Content type = text/html;charset=UTF-8
             Body = <!DOCTYPE html>
<html lang="en">
<head>
    <title>Teacher-editing</title>
    <meta charset="UTF-8">
    <meta name="viewport" content="width=device-width, initial-scale=1">
    <link rel="stylesheet" href="https://maxcdn.bootstrapcdn.com/bootstrap/4.0.0/css/bootstrap.min.css">
    <link rel="stylesheet"
          href="https://cdn.jsdelivr.net/npm/bootstrap-select@1.13.14/dist/css/bootstrap-select.min.css">
    <script src="https://code.jquery.com/jquery-3.2.1.slim.min.js"></script>
    <script src="https://cdnjs.cloudflare.com/ajax/libs/popper.js/1.12.9/umd/popper.min.js"></script>
    <script src="https://maxcdn.bootstrapcdn.com/bootstrap/4.0.0/js/bootstrap.min.js"></script>
    <script src="https://cdn.jsdelivr.net/npm/bootstrap-select@1.13.14/dist/js/bootstrap-select.min.js"></script>
</head>

<body>
<nav class="navbar navbar-expand-sm bg-dark navbar-dark sticky-top">
    <a class="navbar-brand" href="/">Class Timetable</a>
    <ul class="navbar-nav">
        <li class="nav-item">
            <a class="nav-link" href="/">Home</a>
        </li>
        <li class="nav-item dropdown">
            <a class="nav-link dropdown-toggle" data-toggle="dropdown" href="/">University structure</a>
            <div class="dropdown-menu">
                <a class="dropdown-item" href="/buildings">Buildings</a>
                <a class="dropdown-item" href="/classrooms">Study rooms</a>
                <a class="dropdown-item" href="/faculties">Faculties</a>
                <a class="dropdown-item" href="/courses">Courses</a>
            </div>
        </li>
        <li class="nav-item dropdown">
            <a class="nav-link dropdown-toggle" data-toggle="dropdown" href="/">Personalities</a>
            <div class="dropdown-menu">
                <a class="dropdown-item" href="/students">Students</a>
                <a class="dropdown-item" href="/teachers">Teachers</a>
            </div>
        </li>
        <li class="nav-item">
            <a class="nav-link" href="/lessons">Current lessons</a>
        </li>
        <li class="nav-item">
            <a class="nav-link" href="/schedule">Show the personal schedule</a>
        </li>
    </ul>
</nav>

<div class="container">
    <br/>
    <h2>Teacher changing page</h2>
    <p style="color:red">
        <a></a>
    </p>
    <a class="btn btn-sm btn-secondary" href="/students">Back to table</a>
    <br/>
    <br/>
    <form method="post" action="/teachers/9"><input type="hidden" name="_method" value="PUT"/>
        <label>Change first name:</label>
        <input class="form-control form-control-sm" type="text" id="firstName" name="firstName" value="Albert"/>

        <label>Change last name:</label>
        <input class="form-control form-control-sm" type="text" id="lastName" name="lastName" value="Hill"/>

        <label>Select faculty:</label>
        <select class="form-control form-control-sm" id="facultyId" name="facultyId">
            <option value="1" selected="selected">Changed faculty name</option>
            <option value="2">Changed faculty name</option>
            <option value="3">Faculty of Arts</option>
            <option value="5">Faculty name</option>
            <option value="7">Faculty name</option>
        </select>

        <label>Select course:</label>
        <input type="hidden" name="_coursesId" value="1"/><select class="form-control form-control-sm selectpicker" multiple data-dropup-auto="false" id="coursesId" name="coursesId">
            <option value="1">History</option>
            <option value="2">Philosophy</option>
            <option value="3">Another course&#39;s name</option>
            <option value="4">Political science</option>
            <option value="5">Culture</option>
            <option value="6">Biology</option>
            <option value="7" selected="selected">Chemistry</option>
            <option value="8">Mathematics</option>
            <option value="9">Physics</option>
            <option value="10">Geometry</option>
            <option value="13">Course&#39;s name</option>
        </select>
        <br/>
        <br/>
        <input class="btn btn-sm btn-success" type="submit" value="Update!">
    </form>
    <br/>
    <form method="post" action="/teachers/9"><input type="hidden" name="_method" value="DELETE"/>
        <input class="btn btn-sm btn-danger" type="submit" value="Delete!"/>
    </form>
</div>
</body>
</html>

    Forwarded URL = null
   Redirected URL = null
          Cookies = []
Hibernate: select teacher0_.id as id1_7_0_, teacher0_.faculty_id as faculty_4_7_0_, teacher0_.first_name as first_na2_7_0_, teacher0_.last_name as last_nam3_7_0_, faculty1_.id as id1_3_1_, faculty1_.faculty_name as faculty_2_3_1_, teachercou2_.teacher_id as teacher_1_8_2_, course3_.id as course_i2_8_2_, course3_.id as id1_2_3_, course3_.course_name as course_n2_2_3_ from teachers teacher0_ left outer join faculties faculty1_ on teacher0_.faculty_id=faculty1_.id left outer join teachers_courses teachercou2_ on teacher0_.id=teachercou2_.teacher_id left outer join courses course3_ on teachercou2_.course_id=course3_.id where teacher0_.id=?
Hibernate: select courseteac0_.course_id as course_i2_8_0_, courseteac0_.teacher_id as teacher_1_8_0_, teacher1_.id as id1_7_1_, teacher1_.faculty_id as faculty_4_7_1_, teacher1_.first_name as first_na2_7_1_, teacher1_.last_name as last_nam3_7_1_, faculty2_.id as id1_3_2_, faculty2_.faculty_name as faculty_2_3_2_ from teachers_courses courseteac0_ inner join teachers teacher1_ on courseteac0_.teacher_id=teacher1_.id left outer join faculties faculty2_ on teacher1_.faculty_id=faculty2_.id where courseteac0_.course_id=?
Hibernate: select teachercou0_.teacher_id as teacher_1_8_0_, teachercou0_.course_id as course_i2_8_0_, course1_.id as id1_2_1_, course1_.course_name as course_n2_2_1_ from teachers_courses teachercou0_ inner join courses course1_ on teachercou0_.course_id=course1_.id where teachercou0_.teacher_id=?
26 Feb;19:05:46.512 [main] INFO  u.c.f.c.service.TeacherService - getById: teacher = Teacher{id=9, firstName='Albert', lastName='Hill', faculty=Faculty{id=1, facultyName='Changed faculty name'}}
Hibernate: select faculty0_.id as id1_3_, faculty0_.faculty_name as faculty_2_3_ from faculties faculty0_
26 Feb;19:05:46.513 [main] INFO  u.c.f.c.service.FacultyService - getAll():
 [Faculty{id=1, facultyName='Changed faculty name'}, Faculty{id=2, facultyName='Changed faculty name'}, Faculty{id=3, facultyName='Faculty of Arts'}, Faculty{id=5, facultyName='Faculty name'}, Faculty{id=7, facultyName='Faculty name'}]
Hibernate: select course0_.id as id1_2_, course0_.course_name as course_n2_2_ from courses course0_
Hibernate: select courseteac0_.course_id as course_i2_8_0_, courseteac0_.teacher_id as teacher_1_8_0_, teacher1_.id as id1_7_1_, teacher1_.faculty_id as faculty_4_7_1_, teacher1_.first_name as first_na2_7_1_, teacher1_.last_name as last_nam3_7_1_, faculty2_.id as id1_3_2_, faculty2_.faculty_name as faculty_2_3_2_ from teachers_courses courseteac0_ inner join teachers teacher1_ on courseteac0_.teacher_id=teacher1_.id left outer join faculties faculty2_ on teacher1_.faculty_id=faculty2_.id where courseteac0_.course_id=?
Hibernate: select courseteac0_.course_id as course_i2_8_0_, courseteac0_.teacher_id as teacher_1_8_0_, teacher1_.id as id1_7_1_, teacher1_.faculty_id as faculty_4_7_1_, teacher1_.first_name as first_na2_7_1_, teacher1_.last_name as last_nam3_7_1_, faculty2_.id as id1_3_2_, faculty2_.faculty_name as faculty_2_3_2_ from teachers_courses courseteac0_ inner join teachers teacher1_ on courseteac0_.teacher_id=teacher1_.id left outer join faculties faculty2_ on teacher1_.faculty_id=faculty2_.id where courseteac0_.course_id=?
Hibernate: select teachercou0_.teacher_id as teacher_1_8_0_, teachercou0_.course_id as course_i2_8_0_, course1_.id as id1_2_1_, course1_.course_name as course_n2_2_1_ from teachers_courses teachercou0_ inner join courses course1_ on teachercou0_.course_id=course1_.id where teachercou0_.teacher_id=?
Hibernate: select courseteac0_.course_id as course_i2_8_0_, courseteac0_.teacher_id as teacher_1_8_0_, teacher1_.id as id1_7_1_, teacher1_.faculty_id as faculty_4_7_1_, teacher1_.first_name as first_na2_7_1_, teacher1_.last_name as last_nam3_7_1_, faculty2_.id as id1_3_2_, faculty2_.faculty_name as faculty_2_3_2_ from teachers_courses courseteac0_ inner join teachers teacher1_ on courseteac0_.teacher_id=teacher1_.id left outer join faculties faculty2_ on teacher1_.faculty_id=faculty2_.id where courseteac0_.course_id=?
Hibernate: select teachercou0_.teacher_id as teacher_1_8_0_, teachercou0_.course_id as course_i2_8_0_, course1_.id as id1_2_1_, course1_.course_name as course_n2_2_1_ from teachers_courses teachercou0_ inner join courses course1_ on teachercou0_.course_id=course1_.id where teachercou0_.teacher_id=?
Hibernate: select courseteac0_.course_id as course_i2_8_0_, courseteac0_.teacher_id as teacher_1_8_0_, teacher1_.id as id1_7_1_, teacher1_.faculty_id as faculty_4_7_1_, teacher1_.first_name as first_na2_7_1_, teacher1_.last_name as last_nam3_7_1_, faculty2_.id as id1_3_2_, faculty2_.faculty_name as faculty_2_3_2_ from teachers_courses courseteac0_ inner join teachers teacher1_ on courseteac0_.teacher_id=teacher1_.id left outer join faculties faculty2_ on teacher1_.faculty_id=faculty2_.id where courseteac0_.course_id=?
Hibernate: select teachercou0_.teacher_id as teacher_1_8_0_, teachercou0_.course_id as course_i2_8_0_, course1_.id as id1_2_1_, course1_.course_name as course_n2_2_1_ from teachers_courses teachercou0_ inner join courses course1_ on teachercou0_.course_id=course1_.id where teachercou0_.teacher_id=?
Hibernate: select teachercou0_.teacher_id as teacher_1_8_0_, teachercou0_.course_id as course_i2_8_0_, course1_.id as id1_2_1_, course1_.course_name as course_n2_2_1_ from teachers_courses teachercou0_ inner join courses course1_ on teachercou0_.course_id=course1_.id where teachercou0_.teacher_id=?
Hibernate: select courseteac0_.course_id as course_i2_8_0_, courseteac0_.teacher_id as teacher_1_8_0_, teacher1_.id as id1_7_1_, teacher1_.faculty_id as faculty_4_7_1_, teacher1_.first_name as first_na2_7_1_, teacher1_.last_name as last_nam3_7_1_, faculty2_.id as id1_3_2_, faculty2_.faculty_name as faculty_2_3_2_ from teachers_courses courseteac0_ inner join teachers teacher1_ on courseteac0_.teacher_id=teacher1_.id left outer join faculties faculty2_ on teacher1_.faculty_id=faculty2_.id where courseteac0_.course_id=?
Hibernate: select teachercou0_.teacher_id as teacher_1_8_0_, teachercou0_.course_id as course_i2_8_0_, course1_.id as id1_2_1_, course1_.course_name as course_n2_2_1_ from teachers_courses teachercou0_ inner join courses course1_ on teachercou0_.course_id=course1_.id where teachercou0_.teacher_id=?
Hibernate: select teachercou0_.teacher_id as teacher_1_8_0_, teachercou0_.course_id as course_i2_8_0_, course1_.id as id1_2_1_, course1_.course_name as course_n2_2_1_ from teachers_courses teachercou0_ inner join courses course1_ on teachercou0_.course_id=course1_.id where teachercou0_.teacher_id=?
Hibernate: select courseteac0_.course_id as course_i2_8_0_, courseteac0_.teacher_id as teacher_1_8_0_, teacher1_.id as id1_7_1_, teacher1_.faculty_id as faculty_4_7_1_, teacher1_.first_name as first_na2_7_1_, teacher1_.last_name as last_nam3_7_1_, faculty2_.id as id1_3_2_, faculty2_.faculty_name as faculty_2_3_2_ from teachers_courses courseteac0_ inner join teachers teacher1_ on courseteac0_.teacher_id=teacher1_.id left outer join faculties faculty2_ on teacher1_.faculty_id=faculty2_.id where courseteac0_.course_id=?
Hibernate: select teachercou0_.teacher_id as teacher_1_8_0_, teachercou0_.course_id as course_i2_8_0_, course1_.id as id1_2_1_, course1_.course_name as course_n2_2_1_ from teachers_courses teachercou0_ inner join courses course1_ on teachercou0_.course_id=course1_.id where teachercou0_.teacher_id=?
Hibernate: select teachercou0_.teacher_id as teacher_1_8_0_, teachercou0_.course_id as course_i2_8_0_, course1_.id as id1_2_1_, course1_.course_name as course_n2_2_1_ from teachers_courses teachercou0_ inner join courses course1_ on teachercou0_.course_id=course1_.id where teachercou0_.teacher_id=?
Hibernate: select courseteac0_.course_id as course_i2_8_0_, courseteac0_.teacher_id as teacher_1_8_0_, teacher1_.id as id1_7_1_, teacher1_.faculty_id as faculty_4_7_1_, teacher1_.first_name as first_na2_7_1_, teacher1_.last_name as last_nam3_7_1_, faculty2_.id as id1_3_2_, faculty2_.faculty_name as faculty_2_3_2_ from teachers_courses courseteac0_ inner join teachers teacher1_ on courseteac0_.teacher_id=teacher1_.id left outer join faculties faculty2_ on teacher1_.faculty_id=faculty2_.id where courseteac0_.course_id=?
Hibernate: select teachercou0_.teacher_id as teacher_1_8_0_, teachercou0_.course_id as course_i2_8_0_, course1_.id as id1_2_1_, course1_.course_name as course_n2_2_1_ from teachers_courses teachercou0_ inner join courses course1_ on teachercou0_.course_id=course1_.id where teachercou0_.teacher_id=?
Hibernate: select courseteac0_.course_id as course_i2_8_0_, courseteac0_.teacher_id as teacher_1_8_0_, teacher1_.id as id1_7_1_, teacher1_.faculty_id as faculty_4_7_1_, teacher1_.first_name as first_na2_7_1_, teacher1_.last_name as last_nam3_7_1_, faculty2_.id as id1_3_2_, faculty2_.faculty_name as faculty_2_3_2_ from teachers_courses courseteac0_ inner join teachers teacher1_ on courseteac0_.teacher_id=teacher1_.id left outer join faculties faculty2_ on teacher1_.faculty_id=faculty2_.id where courseteac0_.course_id=?
Hibernate: select teachercou0_.teacher_id as teacher_1_8_0_, teachercou0_.course_id as course_i2_8_0_, course1_.id as id1_2_1_, course1_.course_name as course_n2_2_1_ from teachers_courses teachercou0_ inner join courses course1_ on teachercou0_.course_id=course1_.id where teachercou0_.teacher_id=?
Hibernate: select courseteac0_.course_id as course_i2_8_0_, courseteac0_.teacher_id as teacher_1_8_0_, teacher1_.id as id1_7_1_, teacher1_.faculty_id as faculty_4_7_1_, teacher1_.first_name as first_na2_7_1_, teacher1_.last_name as last_nam3_7_1_, faculty2_.id as id1_3_2_, faculty2_.faculty_name as faculty_2_3_2_ from teachers_courses courseteac0_ inner join teachers teacher1_ on courseteac0_.teacher_id=teacher1_.id left outer join faculties faculty2_ on teacher1_.faculty_id=faculty2_.id where courseteac0_.course_id=?
Hibernate: select teachercou0_.teacher_id as teacher_1_8_0_, teachercou0_.course_id as course_i2_8_0_, course1_.id as id1_2_1_, course1_.course_name as course_n2_2_1_ from teachers_courses teachercou0_ inner join courses course1_ on teachercou0_.course_id=course1_.id where teachercou0_.teacher_id=?
Hibernate: select courseteac0_.course_id as course_i2_8_0_, courseteac0_.teacher_id as teacher_1_8_0_, teacher1_.id as id1_7_1_, teacher1_.faculty_id as faculty_4_7_1_, teacher1_.first_name as first_na2_7_1_, teacher1_.last_name as last_nam3_7_1_, faculty2_.id as id1_3_2_, faculty2_.faculty_name as faculty_2_3_2_ from teachers_courses courseteac0_ inner join teachers teacher1_ on courseteac0_.teacher_id=teacher1_.id left outer join faculties faculty2_ on teacher1_.faculty_id=faculty2_.id where courseteac0_.course_id=?
Hibernate: select teachercou0_.teacher_id as teacher_1_8_0_, teachercou0_.course_id as course_i2_8_0_, course1_.id as id1_2_1_, course1_.course_name as course_n2_2_1_ from teachers_courses teachercou0_ inner join courses course1_ on teachercou0_.course_id=course1_.id where teachercou0_.teacher_id=?
Hibernate: select courseteac0_.course_id as course_i2_8_0_, courseteac0_.teacher_id as teacher_1_8_0_, teacher1_.id as id1_7_1_, teacher1_.faculty_id as faculty_4_7_1_, teacher1_.first_name as first_na2_7_1_, teacher1_.last_name as last_nam3_7_1_, faculty2_.id as id1_3_2_, faculty2_.faculty_name as faculty_2_3_2_ from teachers_courses courseteac0_ inner join teachers teacher1_ on courseteac0_.teacher_id=teacher1_.id left outer join faculties faculty2_ on teacher1_.faculty_id=faculty2_.id where courseteac0_.course_id=?
Hibernate: select teachercou0_.teacher_id as teacher_1_8_0_, teachercou0_.course_id as course_i2_8_0_, course1_.id as id1_2_1_, course1_.course_name as course_n2_2_1_ from teachers_courses teachercou0_ inner join courses course1_ on teachercou0_.course_id=course1_.id where teachercou0_.teacher_id=?
26 Feb;19:05:46.517 [main] INFO  u.c.f.c.service.CourseService - getAll():
 [Course{id=1, courseName='History'}, Course{id=2, courseName='Philosophy'}, Course{id=3, courseName='Another course's name'}, Course{id=4, courseName='Political science'}, Course{id=5, courseName='Culture'}, Course{id=6, courseName='Biology'}, Course{id=7, courseName='Chemistry'}, Course{id=8, courseName='Mathematics'}, Course{id=9, courseName='Physics'}, Course{id=10, courseName='Geometry'}, Course{id=13, courseName='Course's name'}]
]]></system-out>
  </testcase>
  <testcase name="should_updateTeacherInDatabase_when_controllerCallsUpdateMethod" classname="ua.com.foxminded.classtimetable.controllers.ui.TeacherControllerTest" time="0.011">
    <system-out><![CDATA[26 Feb;19:05:46.521 [main] INFO  o.s.b.t.m.w.SpringBootMockServletContext - Initializing Spring TestDispatcherServlet ''
26 Feb;19:05:46.521 [main] INFO  o.s.t.w.s.TestDispatcherServlet - Initializing Servlet ''
26 Feb;19:05:46.522 [main] INFO  o.s.t.w.s.TestDispatcherServlet - Completed initialization in 1 ms
26 Feb;19:05:46.524 [main] WARN  o.s.validation.DataBinder - Skipping URI variable 'id' because request contains bind value with same name.
Hibernate: select faculty0_.id as id1_3_0_, faculty0_.faculty_name as faculty_2_3_0_ from faculties faculty0_ where faculty0_.id=?
Hibernate: select course0_.id as id1_2_0_, course0_.course_name as course_n2_2_0_, courseteac1_.course_id as course_i2_8_1_, teacher2_.id as teacher_1_8_1_, teacher2_.id as id1_7_2_, teacher2_.faculty_id as faculty_4_7_2_, teacher2_.first_name as first_na2_7_2_, teacher2_.last_name as last_nam3_7_2_, faculty3_.id as id1_3_3_, faculty3_.faculty_name as faculty_2_3_3_ from courses course0_ left outer join teachers_courses courseteac1_ on course0_.id=courseteac1_.course_id left outer join teachers teacher2_ on courseteac1_.teacher_id=teacher2_.id left outer join faculties faculty3_ on teacher2_.faculty_id=faculty3_.id where course0_.id=?
Hibernate: select teachercou0_.teacher_id as teacher_1_8_0_, teachercou0_.course_id as course_i2_8_0_, course1_.id as id1_2_1_, course1_.course_name as course_n2_2_1_ from teachers_courses teachercou0_ inner join courses course1_ on teachercou0_.course_id=course1_.id where teachercou0_.teacher_id=?
Hibernate: select course0_.id as id1_2_0_, course0_.course_name as course_n2_2_0_, courseteac1_.course_id as course_i2_8_1_, teacher2_.id as teacher_1_8_1_, teacher2_.id as id1_7_2_, teacher2_.faculty_id as faculty_4_7_2_, teacher2_.first_name as first_na2_7_2_, teacher2_.last_name as last_nam3_7_2_, faculty3_.id as id1_3_3_, faculty3_.faculty_name as faculty_2_3_3_ from courses course0_ left outer join teachers_courses courseteac1_ on course0_.id=courseteac1_.course_id left outer join teachers teacher2_ on courseteac1_.teacher_id=teacher2_.id left outer join faculties faculty3_ on teacher2_.faculty_id=faculty3_.id where course0_.id=?
Hibernate: select teachercou0_.teacher_id as teacher_1_8_0_, teachercou0_.course_id as course_i2_8_0_, course1_.id as id1_2_1_, course1_.course_name as course_n2_2_1_ from teachers_courses teachercou0_ inner join courses course1_ on teachercou0_.course_id=course1_.id where teachercou0_.teacher_id=?
26 Feb;19:05:46.526 [main] INFO  u.c.f.c.service.TeacherService - update: teacher = Teacher{id=3, firstName='Francesco', lastName='Donni', faculty=Faculty{id=2, facultyName='Changed faculty name'}}
Hibernate: update teachers set faculty_id=?, first_name=?, last_name=? where id=?
Hibernate: insert into teachers_courses (teacher_id, course_id) values (?, ?)
]]></system-out>
  </testcase>
  <testcase name="should_showCreationView_when_controllerCallsCreateMethod" classname="ua.com.foxminded.classtimetable.controllers.ui.TeacherControllerTest" time="0.021">
    <system-out><![CDATA[26 Feb;19:05:46.533 [main] INFO  o.s.b.t.m.w.SpringBootMockServletContext - Initializing Spring TestDispatcherServlet ''
26 Feb;19:05:46.533 [main] INFO  o.s.t.w.s.TestDispatcherServlet - Initializing Servlet ''
26 Feb;19:05:46.534 [main] INFO  o.s.t.w.s.TestDispatcherServlet - Completed initialization in 1 ms
Hibernate: select faculty0_.id as id1_3_, faculty0_.faculty_name as faculty_2_3_ from faculties faculty0_
26 Feb;19:05:46.536 [main] INFO  u.c.f.c.service.FacultyService - getAll():
 [Faculty{id=1, facultyName='Changed faculty name'}, Faculty{id=2, facultyName='Changed faculty name'}, Faculty{id=3, facultyName='Faculty of Arts'}, Faculty{id=5, facultyName='Faculty name'}, Faculty{id=7, facultyName='Faculty name'}]
Hibernate: select course0_.id as id1_2_, course0_.course_name as course_n2_2_ from courses course0_
Hibernate: select courseteac0_.course_id as course_i2_8_0_, courseteac0_.teacher_id as teacher_1_8_0_, teacher1_.id as id1_7_1_, teacher1_.faculty_id as faculty_4_7_1_, teacher1_.first_name as first_na2_7_1_, teacher1_.last_name as last_nam3_7_1_, faculty2_.id as id1_3_2_, faculty2_.faculty_name as faculty_2_3_2_ from teachers_courses courseteac0_ inner join teachers teacher1_ on courseteac0_.teacher_id=teacher1_.id left outer join faculties faculty2_ on teacher1_.faculty_id=faculty2_.id where courseteac0_.course_id=?
Hibernate: select courseteac0_.course_id as course_i2_8_0_, courseteac0_.teacher_id as teacher_1_8_0_, teacher1_.id as id1_7_1_, teacher1_.faculty_id as faculty_4_7_1_, teacher1_.first_name as first_na2_7_1_, teacher1_.last_name as last_nam3_7_1_, faculty2_.id as id1_3_2_, faculty2_.faculty_name as faculty_2_3_2_ from teachers_courses courseteac0_ inner join teachers teacher1_ on courseteac0_.teacher_id=teacher1_.id left outer join faculties faculty2_ on teacher1_.faculty_id=faculty2_.id where courseteac0_.course_id=?
Hibernate: select teachercou0_.teacher_id as teacher_1_8_0_, teachercou0_.course_id as course_i2_8_0_, course1_.id as id1_2_1_, course1_.course_name as course_n2_2_1_ from teachers_courses teachercou0_ inner join courses course1_ on teachercou0_.course_id=course1_.id where teachercou0_.teacher_id=?
Hibernate: select courseteac0_.course_id as course_i2_8_0_, courseteac0_.teacher_id as teacher_1_8_0_, teacher1_.id as id1_7_1_, teacher1_.faculty_id as faculty_4_7_1_, teacher1_.first_name as first_na2_7_1_, teacher1_.last_name as last_nam3_7_1_, faculty2_.id as id1_3_2_, faculty2_.faculty_name as faculty_2_3_2_ from teachers_courses courseteac0_ inner join teachers teacher1_ on courseteac0_.teacher_id=teacher1_.id left outer join faculties faculty2_ on teacher1_.faculty_id=faculty2_.id where courseteac0_.course_id=?
Hibernate: select teachercou0_.teacher_id as teacher_1_8_0_, teachercou0_.course_id as course_i2_8_0_, course1_.id as id1_2_1_, course1_.course_name as course_n2_2_1_ from teachers_courses teachercou0_ inner join courses course1_ on teachercou0_.course_id=course1_.id where teachercou0_.teacher_id=?
Hibernate: select courseteac0_.course_id as course_i2_8_0_, courseteac0_.teacher_id as teacher_1_8_0_, teacher1_.id as id1_7_1_, teacher1_.faculty_id as faculty_4_7_1_, teacher1_.first_name as first_na2_7_1_, teacher1_.last_name as last_nam3_7_1_, faculty2_.id as id1_3_2_, faculty2_.faculty_name as faculty_2_3_2_ from teachers_courses courseteac0_ inner join teachers teacher1_ on courseteac0_.teacher_id=teacher1_.id left outer join faculties faculty2_ on teacher1_.faculty_id=faculty2_.id where courseteac0_.course_id=?
Hibernate: select teachercou0_.teacher_id as teacher_1_8_0_, teachercou0_.course_id as course_i2_8_0_, course1_.id as id1_2_1_, course1_.course_name as course_n2_2_1_ from teachers_courses teachercou0_ inner join courses course1_ on teachercou0_.course_id=course1_.id where teachercou0_.teacher_id=?
Hibernate: select teachercou0_.teacher_id as teacher_1_8_0_, teachercou0_.course_id as course_i2_8_0_, course1_.id as id1_2_1_, course1_.course_name as course_n2_2_1_ from teachers_courses teachercou0_ inner join courses course1_ on teachercou0_.course_id=course1_.id where teachercou0_.teacher_id=?
[...]
Hibernate: select teachercou0_.teacher_id as teacher_1_8_0_, teachercou0_.course_id as course_i2_8_0_, course1_.id as id1_2_1_, course1_.course_name as course_n2_2_1_ from teachers_courses teachercou0_ inner join courses course1_ on teachercou0_.course_id=course1_.id where teachercou0_.teacher_id=?
Hibernate: select courseteac0_.course_id as course_i2_8_0_, courseteac0_.teacher_id as teacher_1_8_0_, teacher1_.id as id1_7_1_, teacher1_.faculty_id as faculty_4_7_1_, teacher1_.first_name as first_na2_7_1_, teacher1_.last_name as last_nam3_7_1_, faculty2_.id as id1_3_2_, faculty2_.faculty_name as faculty_2_3_2_ from teachers_courses courseteac0_ inner join teachers teacher1_ on courseteac0_.teacher_id=teacher1_.id left outer join faculties faculty2_ on teacher1_.faculty_id=faculty2_.id where courseteac0_.course_id=?
Hibernate: select teachercou0_.teacher_id as teacher_1_8_0_, teachercou0_.course_id as course_i2_8_0_, course1_.id as id1_2_1_, course1_.course_name as course_n2_2_1_ from teachers_courses teachercou0_ inner join courses course1_ on teachercou0_.course_id=course1_.id where teachercou0_.teacher_id=?
Hibernate: select courseteac0_.course_id as course_i2_8_0_, courseteac0_.teacher_id as teacher_1_8_0_, teacher1_.id as id1_7_1_, teacher1_.faculty_id as faculty_4_7_1_, teacher1_.first_name as first_na2_7_1_, teacher1_.last_name as last_nam3_7_1_, faculty2_.id as id1_3_2_, faculty2_.faculty_name as faculty_2_3_2_ from teachers_courses courseteac0_ inner join teachers teacher1_ on courseteac0_.teacher_id=teacher1_.id left outer join faculties faculty2_ on teacher1_.faculty_id=faculty2_.id where courseteac0_.course_id=?
Hibernate: select teachercou0_.teacher_id as teacher_1_8_0_, teachercou0_.course_id as course_i2_8_0_, course1_.id as id1_2_1_, course1_.course_name as course_n2_2_1_ from teachers_courses teachercou0_ inner join courses course1_ on teachercou0_.course_id=course1_.id where teachercou0_.teacher_id=?
Hibernate: select courseteac0_.course_id as course_i2_8_0_, courseteac0_.teacher_id as teacher_1_8_0_, teacher1_.id as id1_7_1_, teacher1_.faculty_id as faculty_4_7_1_, teacher1_.first_name as first_na2_7_1_, teacher1_.last_name as last_nam3_7_1_, faculty2_.id as id1_3_2_, faculty2_.faculty_name as faculty_2_3_2_ from teachers_courses courseteac0_ inner join teachers teacher1_ on courseteac0_.teacher_id=teacher1_.id left outer join faculties faculty2_ on teacher1_.faculty_id=faculty2_.id where courseteac0_.course_id=?
Hibernate: select teachercou0_.teacher_id as teacher_1_8_0_, teachercou0_.course_id as course_i2_8_0_, course1_.id as id1_2_1_, course1_.course_name as course_n2_2_1_ from teachers_courses teachercou0_ inner join courses course1_ on teachercou0_.course_id=course1_.id where teachercou0_.teacher_id=?
26 Feb;19:05:46.539 [main] INFO  u.c.f.c.service.CourseService - getAll():
 [Course{id=1, courseName='History'}, Course{id=2, courseName='Philosophy'}, Course{id=3, courseName='Another course's name'}, Course{id=4, courseName='Political science'}, Course{id=5, courseName='Culture'}, Course{id=6, courseName='Biology'}, Course{id=7, courseName='Chemistry'}, Course{id=8, courseName='Mathematics'}, Course{id=9, courseName='Physics'}, Course{id=10, courseName='Geometry'}, Course{id=13, courseName='Course's name'}]

MockHttpServletRequest:
      HTTP Method = GET
      Request URI = /teachers/new
       Parameters = {}
          Headers = []
             Body = <no character encoding set>
    Session Attrs = {}

Handler:
             Type = ua.com.foxminded.classtimetable.controllers.ui.TeacherController
           Method = ua.com.foxminded.classtimetable.controllers.ui.TeacherController#create(TeacherDto, ModelMap)

Async:
    Async started = false
     Async result = null

Resolved Exception:
             Type = null

ModelAndView:
        View name = teachers/create
             View = null
        Attribute = teacher
            value = TeacherDto{id=0, firstName='null', lastName='null', facultyId=0, coursesId=null}
           errors = []
        Attribute = faculties
            value = [Faculty{id=1, facultyName='Changed faculty name'}, Faculty{id=2, facultyName='Changed faculty name'}, Faculty{id=3, facultyName='Faculty of Arts'}, Faculty{id=5, facultyName='Faculty name'}, Faculty{id=7, facultyName='Faculty name'}]
        Attribute = allCourses
            value = [Course{id=1, courseName='History'}, Course{id=2, courseName='Philosophy'}, Course{id=3, courseName='Another course's name'}, Course{id=4, courseName='Political science'}, Course{id=5, courseName='Culture'}, Course{id=6, courseName='Biology'}, Course{id=7, courseName='Chemistry'}, Course{id=8, courseName='Mathematics'}, Course{id=9, courseName='Physics'}, Course{id=10, courseName='Geometry'}, Course{id=13, courseName='Course's name'}]

FlashMap:
       Attributes = null

MockHttpServletResponse:
           Status = 200
    Error message = null
          Headers = [Content-Language:"en", Content-Type:"text/html;charset=UTF-8"]
     Content type = text/html;charset=UTF-8
             Body = <!DOCTYPE html>
<html lang="en">
<head>
    <title>Teacher-creation</title>
    <meta charset="UTF-8">
    <meta name="viewport" content="width=device-width, initial-scale=1">
    <link rel="stylesheet" href="https://maxcdn.bootstrapcdn.com/bootstrap/4.0.0/css/bootstrap.min.css">
    <link rel="stylesheet"
          href="https://cdn.jsdelivr.net/npm/bootstrap-select@1.13.14/dist/css/bootstrap-select.min.css">
    <script src="https://code.jquery.com/jquery-3.2.1.slim.min.js"></script>
    <script src="https://cdnjs.cloudflare.com/ajax/libs/popper.js/1.12.9/umd/popper.min.js"></script>
    <script src="https://maxcdn.bootstrapcdn.com/bootstrap/4.0.0/js/bootstrap.min.js"></script>
    <script src="https://cdn.jsdelivr.net/npm/bootstrap-select@1.13.14/dist/js/bootstrap-select.min.js"></script>
</head>

<body>
<nav class="navbar navbar-expand-sm bg-dark navbar-dark sticky-top">
    <a class="navbar-brand" href="/">Class Timetable</a>
    <ul class="navbar-nav">
        <li class="nav-item">
            <a class="nav-link" href="/">Home</a>
        </li>
        <li class="nav-item dropdown">
            <a class="nav-link dropdown-toggle" data-toggle="dropdown" href="/">University structure</a>
            <div class="dropdown-menu">
                <a class="dropdown-item" href="/buildings">Buildings</a>
                <a class="dropdown-item" href="/classrooms">Study rooms</a>
                <a class="dropdown-item" href="/faculties">Faculties</a>
                <a class="dropdown-item" href="/courses">Courses</a>
            </div>
        </li>
        <li class="nav-item dropdown">
            <a class="nav-link dropdown-toggle" data-toggle="dropdown" href="/">Personalities</a>
            <div class="dropdown-menu">
                <a class="dropdown-item" href="/students">Students</a>
                <a class="dropdown-item" href="/teachers">Teachers</a>
            </div>
        </li>
        <li class="nav-item">
            <a class="nav-link" href="/lessons">Current lessons</a>
        </li>
        <li class="nav-item">
            <a class="nav-link" href="/schedule">Show the personal schedule</a>
        </li>
    </ul>
</nav>

<div class="container">
    <br/>
    <h2>New teacher creation page</h2>
    <a class="btn btn-sm btn-secondary" href="/teachers">Back to table</a>
    <br/>
    <br/>
    <form method="POST" action="/teachers">
        <label>Enter first name:</label>
        <input class="form-control form-control-sm" type="text" id="firstName" name="firstName" value=""/>

        <label>Enter last name:</label>
        <input class="form-control form-control-sm" type="text" id="lastName" name="lastName" value=""/>

        <label>Select faculty:</label>
        <select class="form-control form-control-sm" id="facultyId" name="facultyId">
            <option value="1">Changed faculty name</option>
            <option value="2">Changed faculty name</option>
            <option value="3">Faculty of Arts</option>
            <option value="5">Faculty name</option>
            <option value="7">Faculty name</option>
        </select>

        <label>Select course:</label>
        <input type="hidden" name="_coursesId" value="1"/><select class="form-control form-control-sm selectpicker" multiple data-dropup-auto="false" id="coursesId" name="coursesId">
            <option value="1">History</option>
            <option value="2">Philosophy</option>
            <option value="3">Another course&#39;s name</option>
            <option value="4">Political science</option>
            <option value="5">Culture</option>
            <option value="6">Biology</option>
            <option value="7">Chemistry</option>
            <option value="8">Mathematics</option>
            <option value="9">Physics</option>
            <option value="10">Geometry</option>
            <option value="13">Course&#39;s name</option>
        </select>
        <br/>
        <br/>
        <input class="btn btn-sm btn-success" type="submit" value="Create!">
    </form>
</div>
</body>
</html>

    Forwarded URL = null
   Redirected URL = null
          Cookies = []
Hibernate: select faculty0_.id as id1_3_, faculty0_.faculty_name as faculty_2_3_ from faculties faculty0_
26 Feb;19:05:46.549 [main] INFO  u.c.f.c.service.FacultyService - getAll():
 [Faculty{id=1, facultyName='Changed faculty name'}, Faculty{id=2, facultyName='Changed faculty name'}, Faculty{id=3, facultyName='Faculty of Arts'}, Faculty{id=5, facultyName='Faculty name'}, Faculty{id=7, facultyName='Faculty name'}]
Hibernate: select course0_.id as id1_2_, course0_.course_name as course_n2_2_ from courses course0_
Hibernate: select courseteac0_.course_id as course_i2_8_0_, courseteac0_.teacher_id as teacher_1_8_0_, teacher1_.id as id1_7_1_, teacher1_.faculty_id as faculty_4_7_1_, teacher1_.first_name as first_na2_7_1_, teacher1_.last_name as last_nam3_7_1_, faculty2_.id as id1_3_2_, faculty2_.faculty_name as faculty_2_3_2_ from teachers_courses courseteac0_ inner join teachers teacher1_ on courseteac0_.teacher_id=teacher1_.id left outer join faculties faculty2_ on teacher1_.faculty_id=faculty2_.id where courseteac0_.course_id=?
Hibernate: select courseteac0_.course_id as course_i2_8_0_, courseteac0_.teacher_id as teacher_1_8_0_, teacher1_.id as id1_7_1_, teacher1_.faculty_id as faculty_4_7_1_, teacher1_.first_name as first_na2_7_1_, teacher1_.last_name as last_nam3_7_1_, faculty2_.id as id1_3_2_, faculty2_.faculty_name as faculty_2_3_2_ from teachers_courses courseteac0_ inner join teachers teacher1_ on courseteac0_.teacher_id=teacher1_.id left outer join faculties faculty2_ on teacher1_.faculty_id=faculty2_.id where courseteac0_.course_id=?
Hibernate: select teachercou0_.teacher_id as teacher_1_8_0_, teachercou0_.course_id as course_i2_8_0_, course1_.id as id1_2_1_, course1_.course_name as course_n2_2_1_ from teachers_courses teachercou0_ inner join courses course1_ on teachercou0_.course_id=course1_.id where teachercou0_.teacher_id=?
Hibernate: select courseteac0_.course_id as course_i2_8_0_, courseteac0_.teacher_id as teacher_1_8_0_, teacher1_.id as id1_7_1_, teacher1_.faculty_id as faculty_4_7_1_, teacher1_.first_name as first_na2_7_1_, teacher1_.last_name as last_nam3_7_1_, faculty2_.id as id1_3_2_, faculty2_.faculty_name as faculty_2_3_2_ from teachers_courses courseteac0_ inner join teachers teacher1_ on courseteac0_.teacher_id=teacher1_.id left outer join faculties faculty2_ on teacher1_.faculty_id=faculty2_.id where courseteac0_.course_id=?
Hibernate: select teachercou0_.teacher_id as teacher_1_8_0_, teachercou0_.course_id as course_i2_8_0_, course1_.id as id1_2_1_, course1_.course_name as course_n2_2_1_ from teachers_courses teachercou0_ inner join courses course1_ on teachercou0_.course_id=course1_.id where teachercou0_.teacher_id=?
Hibernate: select courseteac0_.course_id as course_i2_8_0_, courseteac0_.teacher_id as teacher_1_8_0_, teacher1_.id as id1_7_1_, teacher1_.faculty_id as faculty_4_7_1_, teacher1_.first_name as first_na2_7_1_, teacher1_.last_name as last_nam3_7_1_, faculty2_.id as id1_3_2_, faculty2_.faculty_name as faculty_2_3_2_ from teachers_courses courseteac0_ inner join teachers teacher1_ on courseteac0_.teacher_id=teacher1_.id left outer join faculties faculty2_ on teacher1_.faculty_id=faculty2_.id where courseteac0_.course_id=?
Hibernate: select teachercou0_.teacher_id as teacher_1_8_0_, teachercou0_.course_id as course_i2_8_0_, course1_.id as id1_2_1_, course1_.course_name as course_n2_2_1_ from teachers_courses teachercou0_ inner join courses course1_ on teachercou0_.course_id=course1_.id where teachercou0_.teacher_id=?
Hibernate: select teachercou0_.teacher_id as teacher_1_8_0_, teachercou0_.course_id as course_i2_8_0_, course1_.id as id1_2_1_, course1_.course_name as course_n2_2_1_ from teachers_courses teachercou0_ inner join courses course1_ on teachercou0_.course_id=course1_.id where teachercou0_.teacher_id=?
Hibernate: select courseteac0_.course_id as course_i2_8_0_, courseteac0_.teacher_id as teacher_1_8_0_, teacher1_.id as id1_7_1_, teacher1_.faculty_id as faculty_4_7_1_, teacher1_.first_name as first_na2_7_1_, teacher1_.last_name as last_nam3_7_1_, faculty2_.id as id1_3_2_, faculty2_.faculty_name as faculty_2_3_2_ from teachers_courses courseteac0_ inner join teachers teacher1_ on courseteac0_.teacher_id=teacher1_.id left outer join faculties faculty2_ on teacher1_.faculty_id=faculty2_.id where courseteac0_.course_id=?
Hibernate: select teachercou0_.teacher_id as teacher_1_8_0_, teachercou0_.course_id as course_i2_8_0_, course1_.id as id1_2_1_, course1_.course_name as course_n2_2_1_ from teachers_courses teachercou0_ inner join courses course1_ on teachercou0_.course_id=course1_.id where teachercou0_.teacher_id=?
Hibernate: select teachercou0_.teacher_id as teacher_1_8_0_, teachercou0_.course_id as course_i2_8_0_, course1_.id as id1_2_1_, course1_.course_name as course_n2_2_1_ from teachers_courses teachercou0_ inner join courses course1_ on teachercou0_.course_id=course1_.id where teachercou0_.teacher_id=?
Hibernate: select courseteac0_.course_id as course_i2_8_0_, courseteac0_.teacher_id as teacher_1_8_0_, teacher1_.id as id1_7_1_, teacher1_.faculty_id as faculty_4_7_1_, teacher1_.first_name as first_na2_7_1_, teacher1_.last_name as last_nam3_7_1_, faculty2_.id as id1_3_2_, faculty2_.faculty_name as faculty_2_3_2_ from teachers_courses courseteac0_ inner join teachers teacher1_ on courseteac0_.teacher_id=teacher1_.id left outer join faculties faculty2_ on teacher1_.faculty_id=faculty2_.id where courseteac0_.course_id=?
Hibernate: select teachercou0_.teacher_id as teacher_1_8_0_, teachercou0_.course_id as course_i2_8_0_, course1_.id as id1_2_1_, course1_.course_name as course_n2_2_1_ from teachers_courses teachercou0_ inner join courses course1_ on teachercou0_.course_id=course1_.id where teachercou0_.teacher_id=?
Hibernate: select teachercou0_.teacher_id as teacher_1_8_0_, teachercou0_.course_id as course_i2_8_0_, course1_.id as id1_2_1_, course1_.course_name as course_n2_2_1_ from teachers_courses teachercou0_ inner join courses course1_ on teachercou0_.course_id=course1_.id where teachercou0_.teacher_id=?
Hibernate: select courseteac0_.course_id as course_i2_8_0_, courseteac0_.teacher_id as teacher_1_8_0_, teacher1_.id as id1_7_1_, teacher1_.faculty_id as faculty_4_7_1_, teacher1_.first_name as first_na2_7_1_, teacher1_.last_name as last_nam3_7_1_, faculty2_.id as id1_3_2_, faculty2_.faculty_name as faculty_2_3_2_ from teachers_courses courseteac0_ inner join teachers teacher1_ on courseteac0_.teacher_id=teacher1_.id left outer join faculties faculty2_ on teacher1_.faculty_id=faculty2_.id where courseteac0_.course_id=?
Hibernate: select teachercou0_.teacher_id as teacher_1_8_0_, teachercou0_.course_id as course_i2_8_0_, course1_.id as id1_2_1_, course1_.course_name as course_n2_2_1_ from teachers_courses teachercou0_ inner join courses course1_ on teachercou0_.course_id=course1_.id where teachercou0_.teacher_id=?
Hibernate: select courseteac0_.course_id as course_i2_8_0_, courseteac0_.teacher_id as teacher_1_8_0_, teacher1_.id as id1_7_1_, teacher1_.faculty_id as faculty_4_7_1_, teacher1_.first_name as first_na2_7_1_, teacher1_.last_name as last_nam3_7_1_, faculty2_.id as id1_3_2_, faculty2_.faculty_name as faculty_2_3_2_ from teachers_courses courseteac0_ inner join teachers teacher1_ on courseteac0_.teacher_id=teacher1_.id left outer join faculties faculty2_ on teacher1_.faculty_id=faculty2_.id where courseteac0_.course_id=?
Hibernate: select teachercou0_.teacher_id as teacher_1_8_0_, teachercou0_.course_id as course_i2_8_0_, course1_.id as id1_2_1_, course1_.course_name as course_n2_2_1_ from teachers_courses teachercou0_ inner join courses course1_ on teachercou0_.course_id=course1_.id where teachercou0_.teacher_id=?
Hibernate: select courseteac0_.course_id as course_i2_8_0_, courseteac0_.teacher_id as teacher_1_8_0_, teacher1_.id as id1_7_1_, teacher1_.faculty_id as faculty_4_7_1_, teacher1_.first_name as first_na2_7_1_, teacher1_.last_name as last_nam3_7_1_, faculty2_.id as id1_3_2_, faculty2_.faculty_name as faculty_2_3_2_ from teachers_courses courseteac0_ inner join teachers teacher1_ on courseteac0_.teacher_id=teacher1_.id left outer join faculties faculty2_ on teacher1_.faculty_id=faculty2_.id where courseteac0_.course_id=?
Hibernate: select teachercou0_.teacher_id as teacher_1_8_0_, teachercou0_.course_id as course_i2_8_0_, course1_.id as id1_2_1_, course1_.course_name as course_n2_2_1_ from teachers_courses teachercou0_ inner join courses course1_ on teachercou0_.course_id=course1_.id where teachercou0_.teacher_id=?
Hibernate: select courseteac0_.course_id as course_i2_8_0_, courseteac0_.teacher_id as teacher_1_8_0_, teacher1_.id as id1_7_1_, teacher1_.faculty_id as faculty_4_7_1_, teacher1_.first_name as first_na2_7_1_, teacher1_.last_name as last_nam3_7_1_, faculty2_.id as id1_3_2_, faculty2_.faculty_name as faculty_2_3_2_ from teachers_courses courseteac0_ inner join teachers teacher1_ on courseteac0_.teacher_id=teacher1_.id left outer join faculties faculty2_ on teacher1_.faculty_id=faculty2_.id where courseteac0_.course_id=?
Hibernate: select teachercou0_.teacher_id as teacher_1_8_0_, teachercou0_.course_id as course_i2_8_0_, course1_.id as id1_2_1_, course1_.course_name as course_n2_2_1_ from teachers_courses teachercou0_ inner join courses course1_ on teachercou0_.course_id=course1_.id where teachercou0_.teacher_id=?
Hibernate: select courseteac0_.course_id as course_i2_8_0_, courseteac0_.teacher_id as teacher_1_8_0_, teacher1_.id as id1_7_1_, teacher1_.faculty_id as faculty_4_7_1_, teacher1_.first_name as first_na2_7_1_, teacher1_.last_name as last_nam3_7_1_, faculty2_.id as id1_3_2_, faculty2_.faculty_name as faculty_2_3_2_ from teachers_courses courseteac0_ inner join teachers teacher1_ on courseteac0_.teacher_id=teacher1_.id left outer join faculties faculty2_ on teacher1_.faculty_id=faculty2_.id where courseteac0_.course_id=?
Hibernate: select teachercou0_.teacher_id as teacher_1_8_0_, teachercou0_.course_id as course_i2_8_0_, course1_.id as id1_2_1_, course1_.course_name as course_n2_2_1_ from teachers_courses teachercou0_ inner join courses course1_ on teachercou0_.course_id=course1_.id where teachercou0_.teacher_id=?
26 Feb;19:05:46.552 [main] INFO  u.c.f.c.service.CourseService - getAll():
 [Course{id=1, courseName='History'}, Course{id=2, courseName='Philosophy'}, Course{id=3, courseName='Another course's name'}, Course{id=4, courseName='Political science'}, Course{id=5, courseName='Culture'}, Course{id=6, courseName='Biology'}, Course{id=7, courseName='Chemistry'}, Course{id=8, courseName='Mathematics'}, Course{id=9, courseName='Physics'}, Course{id=10, courseName='Geometry'}, Course{id=13, courseName='Course's name'}]
]]></system-out>
  </testcase>
</testsuite>