<?xml version="1.0" encoding="UTF-8"?>
<testsuite xmlns:xsi="http://www.w3.org/2001/XMLSchema-instance" xsi:noNamespaceSchemaLocation="https://maven.apache.org/surefire/maven-surefire-plugin/xsd/surefire-test-report-3.0.xsd" version="3.0" name="ua.com.foxminded.classtimetable.controllers.ui.StudentControllerTest" time="0.269" tests="6" errors="0" skipped="0" failures="0">
  <properties>
[...]
</properties>
  <testcase name="should_deleteStudentFromDatabase_when_controllerCallsDeleteMethodForDeletableEntity" classname="ua.com.foxminded.classtimetable.controllers.ui.StudentControllerTest" time="0.037">
    <system-out><![CDATA[26 Feb;19:05:46.162 [main] INFO  o.s.b.t.m.w.SpringBootMockServletContext - Initializing Spring TestDispatcherServlet ''
26 Feb;19:05:46.162 [main] INFO  o.s.t.w.s.TestDispatcherServlet - Initializing Servlet ''
26 Feb;19:05:46.163 [main] INFO  o.s.t.w.s.TestDispatcherServlet - Completed initialization in 1 ms
Hibernate: select faculty0_.id as id1_3_0_, faculty0_.faculty_name as faculty_2_3_0_ from faculties faculty0_ where faculty0_.id=?
Hibernate: select course0_.id as id1_2_0_, course0_.course_name as course_n2_2_0_, courseteac1_.course_id as course_i2_8_1_, teacher2_.id as teacher_1_8_1_, teacher2_.id as id1_7_2_, teacher2_.faculty_id as faculty_4_7_2_, teacher2_.first_name as first_na2_7_2_, teacher2_.last_name as last_nam3_7_2_, faculty3_.id as id1_3_3_, faculty3_.faculty_name as faculty_2_3_3_ from courses course0_ left outer join teachers_courses courseteac1_ on course0_.id=courseteac1_.course_id left outer join teachers teacher2_ on courseteac1_.teacher_id=teacher2_.id left outer join faculties faculty3_ on teacher2_.faculty_id=faculty3_.id where course0_.id=?
Hibernate: select teachercou0_.teacher_id as teacher_1_8_0_, teachercou0_.course_id as course_i2_8_0_, course1_.id as id1_2_1_, course1_.course_name as course_n2_2_1_ from teachers_courses teachercou0_ inner join courses course1_ on teachercou0_.course_id=course1_.id where teachercou0_.teacher_id=?
Hibernate: select course0_.id as id1_2_0_, course0_.course_name as course_n2_2_0_, courseteac1_.course_id as course_i2_8_1_, teacher2_.id as teacher_1_8_1_, teacher2_.id as id1_7_2_, teacher2_.faculty_id as faculty_4_7_2_, teacher2_.first_name as first_na2_7_2_, teacher2_.last_name as last_nam3_7_2_, faculty3_.id as id1_3_3_, faculty3_.faculty_name as faculty_2_3_3_ from courses course0_ left outer join teachers_courses courseteac1_ on course0_.id=courseteac1_.course_id left outer join teachers teacher2_ on courseteac1_.teacher_id=teacher2_.id left outer join faculties faculty3_ on teacher2_.faculty_id=faculty3_.id where course0_.id=?
Hibernate: select teachercou0_.teacher_id as teacher_1_8_0_, teachercou0_.course_id as course_i2_8_0_, course1_.id as id1_2_1_, course1_.course_name as course_n2_2_1_ from teachers_courses teachercou0_ inner join courses course1_ on teachercou0_.course_id=course1_.id where teachercou0_.teacher_id=?
Hibernate: select course0_.id as id1_2_0_, course0_.course_name as course_n2_2_0_, courseteac1_.course_id as course_i2_8_1_, teacher2_.id as teacher_1_8_1_, teacher2_.id as id1_7_2_, teacher2_.faculty_id as faculty_4_7_2_, teacher2_.first_name as first_na2_7_2_, teacher2_.last_name as last_nam3_7_2_, faculty3_.id as id1_3_3_, faculty3_.faculty_name as faculty_2_3_3_ from courses course0_ left outer join teachers_courses courseteac1_ on course0_.id=courseteac1_.course_id left outer join teachers teacher2_ on courseteac1_.teacher_id=teacher2_.id left outer join faculties faculty3_ on teacher2_.faculty_id=faculty3_.id where course0_.id=?
Hibernate: select teachercou0_.teacher_id as teacher_1_8_0_, teachercou0_.course_id as course_i2_8_0_, course1_.id as id1_2_1_, course1_.course_name as course_n2_2_1_ from teachers_courses teachercou0_ inner join courses course1_ on teachercou0_.course_id=course1_.id where teachercou0_.teacher_id=?
26 Feb;19:05:46.169 [main] INFO  u.c.f.c.service.StudentService - create: student = Student{id=61, firstName='Frank', lastName='Bowman', faculty=Faculty{id=1, facultyName='Changed faculty name'}}
Hibernate: select student0_.id as id1_5_0_, student0_.faculty_id as faculty_4_5_0_, student0_.first_name as first_na2_5_0_, student0_.last_name as last_nam3_5_0_ from students student0_ where student0_.id=?
Hibernate: select faculty0_.id as id1_3_0_, faculty0_.faculty_name as faculty_2_3_0_ from faculties faculty0_ where faculty0_.id=?
Hibernate: select studentcou0_.student_id as student_1_6_0_, studentcou0_.course_id as course_i2_6_0_, course1_.id as id1_2_1_, course1_.course_name as course_n2_2_1_ from students_courses studentcou0_ inner join courses course1_ on studentcou0_.course_id=course1_.id where studentcou0_.student_id=?
Hibernate: select courseteac0_.course_id as course_i2_8_0_, courseteac0_.teacher_id as teacher_1_8_0_, teacher1_.id as id1_7_1_, teacher1_.faculty_id as faculty_4_7_1_, teacher1_.first_name as first_na2_7_1_, teacher1_.last_name as last_nam3_7_1_, faculty2_.id as id1_3_2_, faculty2_.faculty_name as faculty_2_3_2_ from teachers_courses courseteac0_ inner join teachers teacher1_ on courseteac0_.teacher_id=teacher1_.id left outer join faculties faculty2_ on teacher1_.faculty_id=faculty2_.id where courseteac0_.course_id=?
Hibernate: select teachercou0_.teacher_id as teacher_1_8_0_, teachercou0_.course_id as course_i2_8_0_, course1_.id as id1_2_1_, course1_.course_name as course_n2_2_1_ from teachers_courses teachercou0_ inner join courses course1_ on teachercou0_.course_id=course1_.id where teachercou0_.teacher_id=?
Hibernate: select teachercou0_.teacher_id as teacher_1_8_0_, teachercou0_.course_id as course_i2_8_0_, course1_.id as id1_2_1_, course1_.course_name as course_n2_2_1_ from teachers_courses teachercou0_ inner join courses course1_ on teachercou0_.course_id=course1_.id where teachercou0_.teacher_id=?
Hibernate: select courseteac0_.course_id as course_i2_8_0_, courseteac0_.teacher_id as teacher_1_8_0_, teacher1_.id as id1_7_1_, teacher1_.faculty_id as faculty_4_7_1_, teacher1_.first_name as first_na2_7_1_, teacher1_.last_name as last_nam3_7_1_, faculty2_.id as id1_3_2_, faculty2_.faculty_name as faculty_2_3_2_ from teachers_courses courseteac0_ inner join teachers teacher1_ on courseteac0_.teacher_id=teacher1_.id left outer join faculties faculty2_ on teacher1_.faculty_id=faculty2_.id where courseteac0_.course_id=?
Hibernate: select teachercou0_.teacher_id as teacher_1_8_0_, teachercou0_.course_id as course_i2_8_0_, course1_.id as id1_2_1_, course1_.course_name as course_n2_2_1_ from teachers_courses teachercou0_ inner join courses course1_ on teachercou0_.course_id=course1_.id where teachercou0_.teacher_id=?
Hibernate: select course0_.id as id1_2_0_, course0_.course_name as course_n2_2_0_, courseteac1_.course_id as course_i2_8_1_, teacher2_.id as teacher_1_8_1_, teacher2_.id as id1_7_2_, teacher2_.faculty_id as faculty_4_7_2_, teacher2_.first_name as first_na2_7_2_, teacher2_.last_name as last_nam3_7_2_, faculty3_.id as id1_3_3_, faculty3_.faculty_name as faculty_2_3_3_ from courses course0_ left outer join teachers_courses courseteac1_ on course0_.id=courseteac1_.course_id left outer join teachers teacher2_ on courseteac1_.teacher_id=teacher2_.id left outer join faculties faculty3_ on teacher2_.faculty_id=faculty3_.id where course0_.id=?
Hibernate: select teachercou0_.teacher_id as teacher_1_8_0_, teachercou0_.course_id as course_i2_8_0_, course1_.id as id1_2_1_, course1_.course_name as course_n2_2_1_ from teachers_courses teachercou0_ inner join courses course1_ on teachercou0_.course_id=course1_.id where teachercou0_.teacher_id=?
Hibernate: select course0_.id as id1_2_0_, course0_.course_name as course_n2_2_0_, courseteac1_.course_id as course_i2_8_1_, teacher2_.id as teacher_1_8_1_, teacher2_.id as id1_7_2_, teacher2_.faculty_id as faculty_4_7_2_, teacher2_.first_name as first_na2_7_2_, teacher2_.last_name as last_nam3_7_2_, faculty3_.id as id1_3_3_, faculty3_.faculty_name as faculty_2_3_3_ from courses course0_ left outer join teachers_courses courseteac1_ on course0_.id=courseteac1_.course_id left outer join teachers teacher2_ on courseteac1_.teacher_id=teacher2_.id left outer join faculties faculty3_ on teacher2_.faculty_id=faculty3_.id where course0_.id=?
Hibernate: select teachercou0_.teacher_id as teacher_1_8_0_, teachercou0_.course_id as course_i2_8_0_, course1_.id as id1_2_1_, course1_.course_name as course_n2_2_1_ from teachers_courses teachercou0_ inner join courses course1_ on teachercou0_.course_id=course1_.id where teachercou0_.teacher_id=?
Hibernate: select course0_.id as id1_2_0_, course0_.course_name as course_n2_2_0_, courseteac1_.course_id as course_i2_8_1_, teacher2_.id as teacher_1_8_1_, teacher2_.id as id1_7_2_, teacher2_.faculty_id as faculty_4_7_2_, teacher2_.first_name as first_na2_7_2_, teacher2_.last_name as last_nam3_7_2_, faculty3_.id as id1_3_3_, faculty3_.faculty_name as faculty_2_3_3_ from courses course0_ left outer join teachers_courses courseteac1_ on course0_.id=courseteac1_.course_id left outer join teachers teacher2_ on courseteac1_.teacher_id=teacher2_.id left outer join faculties faculty3_ on teacher2_.faculty_id=faculty3_.id where course0_.id=?
Hibernate: select teachercou0_.teacher_id as teacher_1_8_0_, teachercou0_.course_id as course_i2_8_0_, course1_.id as id1_2_1_, course1_.course_name as course_n2_2_1_ from teachers_courses teachercou0_ inner join courses course1_ on teachercou0_.course_id=course1_.id where teachercou0_.teacher_id=?
Hibernate: update students set faculty_id=?, first_name=?, last_name=? where id=?
Hibernate: delete from students_courses where student_id=? and course_id=?
Hibernate: delete from students_courses where student_id=? and course_id=?
Hibernate: insert into students_courses (student_id, course_id) values (?, ?)
Hibernate: insert into students_courses (student_id, course_id) values (?, ?)
Hibernate: insert into students_courses (student_id, course_id) values (?, ?)
26 Feb;19:05:46.186 [main] WARN  o.s.validation.DataBinder - Skipping URI variable 'id' because request contains bind value with same name.
26 Feb;19:05:46.189 [main] INFO  u.c.f.c.service.StudentService - delete: student with ID = 61
Hibernate: select student0_.id as id1_5_0_, student0_.faculty_id as faculty_4_5_0_, student0_.first_name as first_na2_5_0_, student0_.last_name as last_nam3_5_0_, faculty1_.id as id1_3_1_, faculty1_.faculty_name as faculty_2_3_1_, studentcou2_.student_id as student_1_6_2_, course3_.id as course_i2_6_2_, course3_.id as id1_2_3_, course3_.course_name as course_n2_2_3_, courseteac4_.course_id as course_i2_8_4_, teacher5_.id as teacher_1_8_4_, teacher5_.id as id1_7_5_, teacher5_.faculty_id as faculty_4_7_5_, teacher5_.first_name as first_na2_7_5_, teacher5_.last_name as last_nam3_7_5_, faculty6_.id as id1_3_6_, faculty6_.faculty_name as faculty_2_3_6_ from students student0_ left outer join faculties faculty1_ on student0_.faculty_id=faculty1_.id left outer join students_courses studentcou2_ on student0_.id=studentcou2_.student_id left outer join courses course3_ on studentcou2_.course_id=course3_.id left outer join teachers_courses courseteac4_ on course3_.id=courseteac4_.course_id left outer join teachers teacher5_ on courseteac4_.teacher_id=teacher5_.id left outer join faculties faculty6_ on teacher5_.faculty_id=faculty6_.id where student0_.id=?
Hibernate: select teachercou0_.teacher_id as teacher_1_8_0_, teachercou0_.course_id as course_i2_8_0_, course1_.id as id1_2_1_, course1_.course_name as course_n2_2_1_ from teachers_courses teachercou0_ inner join courses course1_ on teachercou0_.course_id=course1_.id where teachercou0_.teacher_id=?
Hibernate: select teachercou0_.teacher_id as teacher_1_8_0_, teachercou0_.course_id as course_i2_8_0_, course1_.id as id1_2_1_, course1_.course_name as course_n2_2_1_ from teachers_courses teachercou0_ inner join courses course1_ on teachercou0_.course_id=course1_.id where teachercou0_.teacher_id=?
Hibernate: select teachercou0_.teacher_id as teacher_1_8_0_, teachercou0_.course_id as course_i2_8_0_, course1_.id as id1_2_1_, course1_.course_name as course_n2_2_1_ from teachers_courses teachercou0_ inner join courses course1_ on teachercou0_.course_id=course1_.id where teachercou0_.teacher_id=?
Hibernate: delete from students_courses where student_id=?
Hibernate: delete from students where id=?
]]></system-out>
  </testcase>
  <testcase name="should_getListOfStudents_when_controllerCallsShowAllMethod" classname="ua.com.foxminded.classtimetable.controllers.ui.StudentControllerTest" time="0.125">
    <system-out><![CDATA[26 Feb;19:05:46.200 [main] INFO  o.s.b.t.m.w.SpringBootMockServletContext - Initializing Spring TestDispatcherServlet ''
26 Feb;19:05:46.201 [main] INFO  o.s.t.w.s.TestDispatcherServlet - Initializing Servlet ''
26 Feb;19:05:46.202 [main] INFO  o.s.t.w.s.TestDispatcherServlet - Completed initialization in 1 ms
Hibernate: select student0_.id as id1_5_, student0_.faculty_id as faculty_4_5_, student0_.first_name as first_na2_5_, student0_.last_name as last_nam3_5_ from students student0_
Hibernate: select faculty0_.id as id1_3_0_, faculty0_.faculty_name as faculty_2_3_0_ from faculties faculty0_ where faculty0_.id=?
Hibernate: select faculty0_.id as id1_3_0_, faculty0_.faculty_name as faculty_2_3_0_ from faculties faculty0_ where faculty0_.id=?
Hibernate: select faculty0_.id as id1_3_0_, faculty0_.faculty_name as faculty_2_3_0_ from faculties faculty0_ where faculty0_.id=?
Hibernate: select studentcou0_.student_id as student_1_6_0_, studentcou0_.course_id as course_i2_6_0_, course1_.id as id1_2_1_, course1_.course_name as course_n2_2_1_ from students_courses studentcou0_ inner join courses course1_ on studentcou0_.course_id=course1_.id where studentcou0_.student_id=?
Hibernate: select courseteac0_.course_id as course_i2_8_0_, courseteac0_.teacher_id as teacher_1_8_0_, teacher1_.id as id1_7_1_, teacher1_.faculty_id as faculty_4_7_1_, teacher1_.first_name as first_na2_7_1_, teacher1_.last_name as last_nam3_7_1_, faculty2_.id as id1_3_2_, faculty2_.faculty_name as faculty_2_3_2_ from teachers_courses courseteac0_ inner join teachers teacher1_ on courseteac0_.teacher_id=teacher1_.id left outer join faculties faculty2_ on teacher1_.faculty_id=faculty2_.id where courseteac0_.course_id=?
Hibernate: select teachercou0_.teacher_id as teacher_1_8_0_, teachercou0_.course_id as course_i2_8_0_, course1_.id as id1_2_1_, course1_.course_name as course_n2_2_1_ from teachers_courses teachercou0_ inner join courses course1_ on teachercou0_.course_id=course1_.id where teachercou0_.teacher_id=?
Hibernate: select courseteac0_.course_id as course_i2_8_0_, courseteac0_.teacher_id as teacher_1_8_0_, teacher1_.id as id1_7_1_, teacher1_.faculty_id as faculty_4_7_1_, teacher1_.first_name as first_na2_7_1_, teacher1_.last_name as last_nam3_7_1_, faculty2_.id as id1_3_2_, faculty2_.faculty_name as faculty_2_3_2_ from teachers_courses courseteac0_ inner join teachers teacher1_ on courseteac0_.teacher_id=teacher1_.id left outer join faculties faculty2_ on teacher1_.faculty_id=faculty2_.id where courseteac0_.course_id=?
Hibernate: select teachercou0_.teacher_id as teacher_1_8_0_, teachercou0_.course_id as course_i2_8_0_, course1_.id as id1_2_1_, course1_.course_name as course_n2_2_1_ from teachers_courses teachercou0_ inner join courses course1_ on teachercou0_.course_id=course1_.id where teachercou0_.teacher_id=?
Hibernate: select studentcou0_.student_id as student_1_6_0_, studentcou0_.course_id as course_i2_6_0_, course1_.id as id1_2_1_, course1_.course_name as course_n2_2_1_ from students_courses studentcou0_ inner join courses course1_ on studentcou0_.course_id=course1_.id where studentcou0_.student_id=?
Hibernate: select courseteac0_.course_id as course_i2_8_0_, courseteac0_.teacher_id as teacher_1_8_0_, teacher1_.id as id1_7_1_, teacher1_.faculty_id as faculty_4_7_1_, teacher1_.first_name as first_na2_7_1_, teacher1_.last_name as last_nam3_7_1_, faculty2_.id as id1_3_2_, faculty2_.faculty_name as faculty_2_3_2_ from teachers_courses courseteac0_ inner join teachers teacher1_ on courseteac0_.teacher_id=teacher1_.id left outer join faculties faculty2_ on teacher1_.faculty_id=faculty2_.id where courseteac0_.course_id=?
Hibernate: select teachercou0_.teacher_id as teacher_1_8_0_, teachercou0_.course_id as course_i2_8_0_, course1_.id as id1_2_1_, course1_.course_name as course_n2_2_1_ from teachers_courses teachercou0_ inner join courses course1_ on teachercou0_.course_id=course1_.id where teachercou0_.teacher_id=?
Hibernate: select courseteac0_.course_id as course_i2_8_0_, courseteac0_.teacher_id as teacher_1_8_0_, teacher1_.id as id1_7_1_, teacher1_.faculty_id as faculty_4_7_1_, teacher1_.first_name as first_na2_7_1_, teacher1_.last_name as last_nam3_7_1_, faculty2_.id as id1_3_2_, faculty2_.faculty_name as faculty_2_3_2_ from teachers_courses courseteac0_ inner join teachers teacher1_ on courseteac0_.teacher_id=teacher1_.id left outer join faculties faculty2_ on teacher1_.faculty_id=faculty2_.id where courseteac0_.course_id=?
Hibernate: select teachercou0_.teacher_id as teacher_1_8_0_, teachercou0_.course_id as course_i2_8_0_, course1_.id as id1_2_1_, course1_.course_name as course_n2_2_1_ from teachers_courses teachercou0_ inner join courses course1_ on teachercou0_.course_id=course1_.id where teachercou0_.teacher_id=?
Hibernate: select studentcou0_.student_id as student_1_6_0_, studentcou0_.course_id as course_i2_6_0_, course1_.id as id1_2_1_, course1_.course_name as course_n2_2_1_ from students_courses studentcou0_ inner join courses course1_ on studentcou0_.course_id=course1_.id where studentcou0_.student_id=?
Hibernate: select courseteac0_.course_id as course_i2_8_0_, courseteac0_.teacher_id as teacher_1_8_0_, teacher1_.id as id1_7_1_, teacher1_.faculty_id as faculty_4_7_1_, teacher1_.first_name as first_na2_7_1_, teacher1_.last_name as last_nam3_7_1_, faculty2_.id as id1_3_2_, faculty2_.faculty_name as faculty_2_3_2_ from teachers_courses courseteac0_ inner join teachers teacher1_ on courseteac0_.teacher_id=teacher1_.id left outer join faculties faculty2_ on teacher1_.faculty_id=faculty2_.id where courseteac0_.course_id=?
Hibernate: select teachercou0_.teacher_id as teacher_1_8_0_, teachercou0_.course_id as course_i2_8_0_, course1_.id as id1_2_1_, course1_.course_name as course_n2_2_1_ from teachers_courses teachercou0_ inner join courses course1_ on teachercou0_.course_id=course1_.id where teachercou0_.teacher_id=?
Hibernate: select studentcou0_.student_id as student_1_6_0_, studentcou0_.course_id as course_i2_6_0_, course1_.id as id1_2_1_, course1_.course_name as course_n2_2_1_ from students_courses studentcou0_ inner join courses course1_ on studentcou0_.course_id=course1_.id where studentcou0_.student_id=?
Hibernate: select studentcou0_.student_id as student_1_6_0_, studentcou0_.course_id as course_i2_6_0_, course1_.id as id1_2_1_, course1_.course_name as course_n2_2_1_ from students_courses studentcou0_ inner join courses course1_ on studentcou0_.course_id=course1_.id where studentcou0_.student_id=?
Hibernate: select studentcou0_.student_id as student_1_6_0_, studentcou0_.course_id as course_i2_6_0_, course1_.id as id1_2_1_, course1_.course_name as course_n2_2_1_ from students_courses studentcou0_ inner join courses course1_ on studentcou0_.course_id=course1_.id where studentcou0_.student_id=?
Hibernate: select studentcou0_.student_id as student_1_6_0_, studentcou0_.course_id as course_i2_6_0_, course1_.id as id1_2_1_, course1_.course_name as course_n2_2_1_ from students_courses studentcou0_ inner join courses course1_ on studentcou0_.course_id=course1_.id where studentcou0_.student_id=?
Hibernate: select studentcou0_.student_id as student_1_6_0_, studentcou0_.course_id as course_i2_6_0_, course1_.id as id1_2_1_, course1_.course_name as course_n2_2_1_ from students_courses studentcou0_ inner join courses course1_ on studentcou0_.course_id=course1_.id where studentcou0_.student_id=?
Hibernate: select studentcou0_.student_id as student_1_6_0_, studentcou0_.course_id as course_i2_6_0_, course1_.id as id1_2_1_, course1_.course_name as course_n2_2_1_ from students_courses studentcou0_ inner join courses course1_ on studentcou0_.course_id=course1_.id where studentcou0_.student_id=?
Hibernate: select studentcou0_.student_id as student_1_6_0_, studentcou0_.course_id as course_i2_6_0_, course1_.id as id1_2_1_, course1_.course_name as course_n2_2_1_ from students_courses studentcou0_ inner join courses course1_ on studentcou0_.course_id=course1_.id where studentcou0_.student_id=?
Hibernate: select studentcou0_.student_id as student_1_6_0_, studentcou0_.course_id as course_i2_6_0_, course1_.id as id1_2_1_, course1_.course_name as course_n2_2_1_ from students_courses studentcou0_ inner join courses course1_ on studentcou0_.course_id=course1_.id where studentcou0_.student_id=?
Hibernate: select studentcou0_.student_id as student_1_6_0_, studentcou0_.course_id as course_i2_6_0_, course1_.id as id1_2_1_, course1_.course_name as course_n2_2_1_ from students_courses studentcou0_ inner join courses course1_ on studentcou0_.course_id=course1_.id where studentcou0_.student_id=?
Hibernate: select studentcou0_.student_id as student_1_6_0_, studentcou0_.course_id as course_i2_6_0_, course1_.id as id1_2_1_, course1_.course_name as course_n2_2_1_ from students_courses studentcou0_ inner join courses course1_ on studentcou0_.course_id=course1_.id where studentcou0_.student_id=?
Hibernate: select studentcou0_.student_id as student_1_6_0_, studentcou0_.course_id as course_i2_6_0_, course1_.id as id1_2_1_, course1_.course_name as course_n2_2_1_ from students_courses studentcou0_ inner join courses course1_ on studentcou0_.course_id=course1_.id where studentcou0_.student_id=?
Hibernate: select studentcou0_.student_id as student_1_6_0_, studentcou0_.course_id as course_i2_6_0_, course1_.id as id1_2_1_, course1_.course_name as course_n2_2_1_ from students_courses studentcou0_ inner join courses course1_ on studentcou0_.course_id=course1_.id where studentcou0_.student_id=?
Hibernate: select studentcou0_.student_id as student_1_6_0_, studentcou0_.course_id as course_i2_6_0_, course1_.id as id1_2_1_, course1_.course_name as course_n2_2_1_ from students_courses studentcou0_ inner join courses course1_ on studentcou0_.course_id=course1_.id where studentcou0_.student_id=?
Hibernate: select studentcou0_.student_id as student_1_6_0_, studentcou0_.course_id as course_i2_6_0_, course1_.id as id1_2_1_, course1_.course_name as course_n2_2_1_ from students_courses studentcou0_ inner join courses course1_ on studentcou0_.course_id=course1_.id where studentcou0_.student_id=?
Hibernate: select studentcou0_.student_id as student_1_6_0_, studentcou0_.course_id as course_i2_6_0_, course1_.id as id1_2_1_, course1_.course_name as course_n2_2_1_ from students_courses studentcou0_ inner join courses course1_ on studentcou0_.course_id=course1_.id where studentcou0_.student_id=?
Hibernate: select studentcou0_.student_id as student_1_6_0_, studentcou0_.course_id as course_i2_6_0_, course1_.id as id1_2_1_, course1_.course_name as course_n2_2_1_ from students_courses studentcou0_ inner join courses course1_ on studentcou0_.course_id=course1_.id where studentcou0_.student_id=?
Hibernate: select studentcou0_.student_id as student_1_6_0_, studentcou0_.course_id as course_i2_6_0_, course1_.id as id1_2_1_, course1_.course_name as course_n2_2_1_ from students_courses studentcou0_ inner join courses course1_ on studentcou0_.course_id=course1_.id where studentcou0_.student_id=?
Hibernate: select studentcou0_.student_id as student_1_6_0_, studentcou0_.course_id as course_i2_6_0_, course1_.id as id1_2_1_, course1_.course_name as course_n2_2_1_ from students_courses studentcou0_ inner join courses course1_ on studentcou0_.course_id=course1_.id where studentcou0_.student_id=?
Hibernate: select studentcou0_.student_id as student_1_6_0_, studentcou0_.course_id as course_i2_6_0_, course1_.id as id1_2_1_, course1_.course_name as course_n2_2_1_ from students_courses studentcou0_ inner join courses course1_ on studentcou0_.course_id=course1_.id where studentcou0_.student_id=?
Hibernate: select courseteac0_.course_id as course_i2_8_0_, courseteac0_.teacher_id as teacher_1_8_0_, teacher1_.id as id1_7_1_, teacher1_.faculty_id as faculty_4_7_1_, teacher1_.first_name as first_na2_7_1_, teacher1_.last_name as last_nam3_7_1_, faculty2_.id as id1_3_2_, faculty2_.faculty_name as faculty_2_3_2_ from teachers_courses courseteac0_ inner join teachers teacher1_ on courseteac0_.teacher_id=teacher1_.id left outer join faculties faculty2_ on teacher1_.faculty_id=faculty2_.id where courseteac0_.course_id=?
Hibernate: select teachercou0_.teacher_id as teacher_1_8_0_, teachercou0_.course_id as course_i2_8_0_, course1_.id as id1_2_1_, course1_.course_name as course_n2_2_1_ from teachers_courses teachercou0_ inner join courses course1_ on teachercou0_.course_id=course1_.id where teachercou0_.teacher_id=?
Hibernate: select courseteac0_.course_id as course_i2_8_0_, courseteac0_.teacher_id as teacher_1_8_0_, teacher1_.id as id1_7_1_, teacher1_.faculty_id as faculty_4_7_1_, teacher1_.first_name as first_na2_7_1_, teacher1_.last_name as last_nam3_7_1_, faculty2_.id as id1_3_2_, faculty2_.faculty_name as faculty_2_3_2_ from teachers_courses courseteac0_ inner join teachers teacher1_ on courseteac0_.teacher_id=teacher1_.id left outer join faculties faculty2_ on teacher1_.faculty_id=faculty2_.id where courseteac0_.course_id=?
Hibernate: select teachercou0_.teacher_id as teacher_1_8_0_, teachercou0_.course_id as course_i2_8_0_, course1_.id as id1_2_1_, course1_.course_name as course_n2_2_1_ from teachers_courses teachercou0_ inner join courses course1_ on teachercou0_.course_id=course1_.id where teachercou0_.teacher_id=?
Hibernate: select studentcou0_.student_id as student_1_6_0_, studentcou0_.course_id as course_i2_6_0_, course1_.id as id1_2_1_, course1_.course_name as course_n2_2_1_ from students_courses studentcou0_ inner join courses course1_ on studentcou0_.course_id=course1_.id where studentcou0_.student_id=?
Hibernate: select courseteac0_.course_id as course_i2_8_0_, courseteac0_.teacher_id as teacher_1_8_0_, teacher1_.id as id1_7_1_, teacher1_.faculty_id as faculty_4_7_1_, teacher1_.first_name as first_na2_7_1_, teacher1_.last_name as last_nam3_7_1_, faculty2_.id as id1_3_2_, faculty2_.faculty_name as faculty_2_3_2_ from teachers_courses courseteac0_ inner join teachers teacher1_ on courseteac0_.teacher_id=teacher1_.id left outer join faculties faculty2_ on teacher1_.faculty_id=faculty2_.id where courseteac0_.course_id=?
Hibernate: select teachercou0_.teacher_id as teacher_1_8_0_, teachercou0_.course_id as course_i2_8_0_, course1_.id as id1_2_1_, course1_.course_name as course_n2_2_1_ from teachers_courses teachercou0_ inner join courses course1_ on teachercou0_.course_id=course1_.id where teachercou0_.teacher_id=?
Hibernate: select studentcou0_.student_id as student_1_6_0_, studentcou0_.course_id as course_i2_6_0_, course1_.id as id1_2_1_, course1_.course_name as course_n2_2_1_ from students_courses studentcou0_ inner join courses course1_ on studentcou0_.course_id=course1_.id where studentcou0_.student_id=?
Hibernate: select studentcou0_.student_id as student_1_6_0_, studentcou0_.course_id as course_i2_6_0_, course1_.id as id1_2_1_, course1_.course_name as course_n2_2_1_ from students_courses studentcou0_ inner join courses course1_ on studentcou0_.course_id=course1_.id where studentcou0_.student_id=?
Hibernate: select studentcou0_.student_id as student_1_6_0_, studentcou0_.course_id as course_i2_6_0_, course1_.id as id1_2_1_, course1_.course_name as course_n2_2_1_ from students_courses studentcou0_ inner join courses course1_ on studentcou0_.course_id=course1_.id where studentcou0_.student_id=?
Hibernate: select studentcou0_.student_id as student_1_6_0_, studentcou0_.course_id as course_i2_6_0_, course1_.id as id1_2_1_, course1_.course_name as course_n2_2_1_ from students_courses studentcou0_ inner join courses course1_ on studentcou0_.course_id=course1_.id where studentcou0_.student_id=?
Hibernate: select studentcou0_.student_id as student_1_6_0_, studentcou0_.course_id as course_i2_6_0_, course1_.id as id1_2_1_, course1_.course_name as course_n2_2_1_ from students_courses studentcou0_ inner join courses course1_ on studentcou0_.course_id=course1_.id where studentcou0_.student_id=?
Hibernate: select studentcou0_.student_id as student_1_6_0_, studentcou0_.course_id as course_i2_6_0_, course1_.id as id1_2_1_, course1_.course_name as course_n2_2_1_ from students_courses studentcou0_ inner join courses course1_ on studentcou0_.course_id=course1_.id where studentcou0_.student_id=?
Hibernate: select studentcou0_.student_id as student_1_6_0_, studentcou0_.course_id as course_i2_6_0_, course1_.id as id1_2_1_, course1_.course_name as course_n2_2_1_ from students_courses studentcou0_ inner join courses course1_ on studentcou0_.course_id=course1_.id where studentcou0_.student_id=?
Hibernate: select studentcou0_.student_id as student_1_6_0_, studentcou0_.course_id as course_i2_6_0_, course1_.id as id1_2_1_, course1_.course_name as course_n2_2_1_ from students_courses studentcou0_ inner join courses course1_ on studentcou0_.course_id=course1_.id where studentcou0_.student_id=?
Hibernate: select studentcou0_.student_id as student_1_6_0_, studentcou0_.course_id as course_i2_6_0_, course1_.id as id1_2_1_, course1_.course_name as course_n2_2_1_ from students_courses studentcou0_ inner join courses course1_ on studentcou0_.course_id=course1_.id where studentcou0_.student_id=?
Hibernate: select studentcou0_.student_id as student_1_6_0_, studentcou0_.course_id as course_i2_6_0_, course1_.id as id1_2_1_, course1_.course_name as course_n2_2_1_ from students_courses studentcou0_ inner join courses course1_ on studentcou0_.course_id=course1_.id where studentcou0_.student_id=?
Hibernate: select studentcou0_.student_id as student_1_6_0_, studentcou0_.course_id as course_i2_6_0_, course1_.id as id1_2_1_, course1_.course_name as course_n2_2_1_ from students_courses studentcou0_ inner join courses course1_ on studentcou0_.course_id=course1_.id where studentcou0_.student_id=?
Hibernate: select studentcou0_.student_id as student_1_6_0_, studentcou0_.course_id as course_i2_6_0_, course1_.id as id1_2_1_, course1_.course_name as course_n2_2_1_ from students_courses studentcou0_ inner join courses course1_ on studentcou0_.course_id=course1_.id where studentcou0_.student_id=?
Hibernate: select studentcou0_.student_id as student_1_6_0_, studentcou0_.course_id as course_i2_6_0_, course1_.id as id1_2_1_, course1_.course_name as course_n2_2_1_ from students_courses studentcou0_ inner join courses course1_ on studentcou0_.course_id=course1_.id where studentcou0_.student_id=?
Hibernate: select studentcou0_.student_id as student_1_6_0_, studentcou0_.course_id as course_i2_6_0_, course1_.id as id1_2_1_, course1_.course_name as course_n2_2_1_ from students_courses studentcou0_ inner join courses course1_ on studentcou0_.course_id=course1_.id where studentcou0_.student_id=?
Hibernate: select studentcou0_.student_id as student_1_6_0_, studentcou0_.course_id as course_i2_6_0_, course1_.id as id1_2_1_, course1_.course_name as course_n2_2_1_ from students_courses studentcou0_ inner join courses course1_ on studentcou0_.course_id=course1_.id where studentcou0_.student_id=?
Hibernate: select studentcou0_.student_id as student_1_6_0_, studentcou0_.course_id as course_i2_6_0_, course1_.id as id1_2_1_, course1_.course_name as course_n2_2_1_ from students_courses studentcou0_ inner join courses course1_ on studentcou0_.course_id=course1_.id where studentcou0_.student_id=?
Hibernate: select studentcou0_.student_id as student_1_6_0_, studentcou0_.course_id as course_i2_6_0_, course1_.id as id1_2_1_, course1_.course_name as course_n2_2_1_ from students_courses studentcou0_ inner join courses course1_ on studentcou0_.course_id=course1_.id where studentcou0_.student_id=?
Hibernate: select studentcou0_.student_id as student_1_6_0_, studentcou0_.course_id as course_i2_6_0_, course1_.id as id1_2_1_, course1_.course_name as course_n2_2_1_ from students_courses studentcou0_ inner join courses course1_ on studentcou0_.course_id=course1_.id where studentcou0_.student_id=?
Hibernate: select studentcou0_.student_id as student_1_6_0_, studentcou0_.course_id as course_i2_6_0_, course1_.id as id1_2_1_, course1_.course_name as course_n2_2_1_ from students_courses studentcou0_ inner join courses course1_ on studentcou0_.course_id=course1_.id where studentcou0_.student_id=?
Hibernate: select courseteac0_.course_id as course_i2_8_0_, courseteac0_.teacher_id as teacher_1_8_0_, teacher1_.id as id1_7_1_, teacher1_.faculty_id as faculty_4_7_1_, teacher1_.first_name as first_na2_7_1_, teacher1_.last_name as last_nam3_7_1_, faculty2_.id as id1_3_2_, faculty2_.faculty_name as faculty_2_3_2_ from teachers_courses courseteac0_ inner join teachers teacher1_ on courseteac0_.teacher_id=teacher1_.id left outer join faculties faculty2_ on teacher1_.faculty_id=faculty2_.id where courseteac0_.course_id=?
Hibernate: select teachercou0_.teacher_id as teacher_1_8_0_, teachercou0_.course_id as course_i2_8_0_, course1_.id as id1_2_1_, course1_.course_name as course_n2_2_1_ from teachers_courses teachercou0_ inner join courses course1_ on teachercou0_.course_id=course1_.id where teachercou0_.teacher_id=?
Hibernate: select teachercou0_.teacher_id as teacher_1_8_0_, teachercou0_.course_id as course_i2_8_0_, course1_.id as id1_2_1_, course1_.course_name as course_n2_2_1_ from teachers_courses teachercou0_ inner join courses course1_ on teachercou0_.course_id=course1_.id where teachercou0_.teacher_id=?
Hibernate: select studentcou0_.student_id as student_1_6_0_, studentcou0_.course_id as course_i2_6_0_, course1_.id as id1_2_1_, course1_.course_name as course_n2_2_1_ from students_courses studentcou0_ inner join courses course1_ on studentcou0_.course_id=course1_.id where studentcou0_.student_id=?
Hibernate: select courseteac0_.course_id as course_i2_8_0_, courseteac0_.teacher_id as teacher_1_8_0_, teacher1_.id as id1_7_1_, teacher1_.faculty_id as faculty_4_7_1_, teacher1_.first_name as first_na2_7_1_, teacher1_.last_name as last_nam3_7_1_, faculty2_.id as id1_3_2_, faculty2_.faculty_name as faculty_2_3_2_ from teachers_courses courseteac0_ inner join teachers teacher1_ on courseteac0_.teacher_id=teacher1_.id left outer join faculties faculty2_ on teacher1_.faculty_id=faculty2_.id where courseteac0_.course_id=?
Hibernate: select teachercou0_.teacher_id as teacher_1_8_0_, teachercou0_.course_id as course_i2_8_0_, course1_.id as id1_2_1_, course1_.course_name as course_n2_2_1_ from teachers_courses teachercou0_ inner join courses course1_ on teachercou0_.course_id=course1_.id where teachercou0_.teacher_id=?
Hibernate: select teachercou0_.teacher_id as teacher_1_8_0_, teachercou0_.course_id as course_i2_8_0_, course1_.id as id1_2_1_, course1_.course_name as course_n2_2_1_ from teachers_courses teachercou0_ inner join courses course1_ on teachercou0_.course_id=course1_.id where teachercou0_.teacher_id=?
Hibernate: select studentcou0_.student_id as student_1_6_0_, studentcou0_.course_id as course_i2_6_0_, course1_.id as id1_2_1_, course1_.course_name as course_n2_2_1_ from students_courses studentcou0_ inner join courses course1_ on studentcou0_.course_id=course1_.id where studentcou0_.student_id=?
Hibernate: select studentcou0_.student_id as student_1_6_0_, studentcou0_.course_id as course_i2_6_0_, course1_.id as id1_2_1_, course1_.course_name as course_n2_2_1_ from students_courses studentcou0_ inner join courses course1_ on studentcou0_.course_id=course1_.id where studentcou0_.student_id=?
Hibernate: select studentcou0_.student_id as student_1_6_0_, studentcou0_.course_id as course_i2_6_0_, course1_.id as id1_2_1_, course1_.course_name as course_n2_2_1_ from students_courses studentcou0_ inner join courses course1_ on studentcou0_.course_id=course1_.id where studentcou0_.student_id=?
Hibernate: select studentcou0_.student_id as student_1_6_0_, studentcou0_.course_id as course_i2_6_0_, course1_.id as id1_2_1_, course1_.course_name as course_n2_2_1_ from students_courses studentcou0_ inner join courses course1_ on studentcou0_.course_id=course1_.id where studentcou0_.student_id=?
Hibernate: select studentcou0_.student_id as student_1_6_0_, studentcou0_.course_id as course_i2_6_0_, course1_.id as id1_2_1_, course1_.course_name as course_n2_2_1_ from students_courses studentcou0_ inner join courses course1_ on studentcou0_.course_id=course1_.id where studentcou0_.student_id=?
Hibernate: select studentcou0_.student_id as student_1_6_0_, studentcou0_.course_id as course_i2_6_0_, course1_.id as id1_2_1_, course1_.course_name as course_n2_2_1_ from students_courses studentcou0_ inner join courses course1_ on studentcou0_.course_id=course1_.id where studentcou0_.student_id=?
Hibernate: select studentcou0_.student_id as student_1_6_0_, studentcou0_.course_id as course_i2_6_0_, course1_.id as id1_2_1_, course1_.course_name as course_n2_2_1_ from students_courses studentcou0_ inner join courses course1_ on studentcou0_.course_id=course1_.id where studentcou0_.student_id=?
Hibernate: select studentcou0_.student_id as student_1_6_0_, studentcou0_.course_id as course_i2_6_0_, course1_.id as id1_2_1_, course1_.course_name as course_n2_2_1_ from students_courses studentcou0_ inner join courses course1_ on studentcou0_.course_id=course1_.id where studentcou0_.student_id=?
Hibernate: select studentcou0_.student_id as student_1_6_0_, studentcou0_.course_id as course_i2_6_0_, course1_.id as id1_2_1_, course1_.course_name as course_n2_2_1_ from students_courses studentcou0_ inner join courses course1_ on studentcou0_.course_id=course1_.id where studentcou0_.student_id=?
Hibernate: select studentcou0_.student_id as student_1_6_0_, studentcou0_.course_id as course_i2_6_0_, course1_.id as id1_2_1_, course1_.course_name as course_n2_2_1_ from students_courses studentcou0_ inner join courses course1_ on studentcou0_.course_id=course1_.id where studentcou0_.student_id=?
Hibernate: select studentcou0_.student_id as student_1_6_0_, studentcou0_.course_id as course_i2_6_0_, course1_.id as id1_2_1_, course1_.course_name as course_n2_2_1_ from students_courses studentcou0_ inner join courses course1_ on studentcou0_.course_id=course1_.id where studentcou0_.student_id=?
Hibernate: select studentcou0_.student_id as student_1_6_0_, studentcou0_.course_id as course_i2_6_0_, course1_.id as id1_2_1_, course1_.course_name as course_n2_2_1_ from students_courses studentcou0_ inner join courses course1_ on studentcou0_.course_id=course1_.id where studentcou0_.student_id=?
Hibernate: select studentcou0_.student_id as student_1_6_0_, studentcou0_.course_id as course_i2_6_0_, course1_.id as id1_2_1_, course1_.course_name as course_n2_2_1_ from students_courses studentcou0_ inner join courses course1_ on studentcou0_.course_id=course1_.id where studentcou0_.student_id=?
Hibernate: select studentcou0_.student_id as student_1_6_0_, studentcou0_.course_id as course_i2_6_0_, course1_.id as id1_2_1_, course1_.course_name as course_n2_2_1_ from students_courses studentcou0_ inner join courses course1_ on studentcou0_.course_id=course1_.id where studentcou0_.student_id=?
Hibernate: select studentcou0_.student_id as student_1_6_0_, studentcou0_.course_id as course_i2_6_0_, course1_.id as id1_2_1_, course1_.course_name as course_n2_2_1_ from students_courses studentcou0_ inner join courses course1_ on studentcou0_.course_id=course1_.id where studentcou0_.student_id=?
Hibernate: select studentcou0_.student_id as student_1_6_0_, studentcou0_.course_id as course_i2_6_0_, course1_.id as id1_2_1_, course1_.course_name as course_n2_2_1_ from students_courses studentcou0_ inner join courses course1_ on studentcou0_.course_id=course1_.id where studentcou0_.student_id=?
Hibernate: select studentcou0_.student_id as student_1_6_0_, studentcou0_.course_id as course_i2_6_0_, course1_.id as id1_2_1_, course1_.course_name as course_n2_2_1_ from students_courses studentcou0_ inner join courses course1_ on studentcou0_.course_id=course1_.id where studentcou0_.student_id=?
Hibernate: select studentcou0_.student_id as student_1_6_0_, studentcou0_.course_id as course_i2_6_0_, course1_.id as id1_2_1_, course1_.course_name as course_n2_2_1_ from students_courses studentcou0_ inner join courses course1_ on studentcou0_.course_id=course1_.id where studentcou0_.student_id=?
26 Feb;19:05:46.217 [main] INFO  u.c.f.c.service.StudentService - getAll():
 [Student{id=1, firstName='Jacob', lastName='Johnson', faculty=Faculty{id=1, facultyName='Changed faculty name'}}, Student{id=2, firstName='Jacob', lastName='Sykes', faculty=Faculty{id=1, facultyName='Changed faculty name'}}, Student{id=3, firstName='Jacob', lastName='Eve', faculty=Faculty{id=1, facultyName='Changed faculty name'}}, Student{id=4, firstName='Jacob', lastName='King', faculty=Faculty{id=1, facultyName='Changed faculty name'}}, Student{id=5, firstName='Jacob', lastName='Tucci', faculty=Faculty{id=1, facultyName='Changed faculty name'}}, Student{id=6, firstName='Oliver', lastName='Rose', faculty=Faculty{id=1, facultyName='Changed faculty name'}}, Student{id=7, firstName='Oliver', lastName='Sykes', faculty=Faculty{id=1, facultyName='Changed faculty name'}}, Student{id=8, firstName='Oliver', lastName='Eve', faculty=Faculty{id=1, facultyName='Changed faculty name'}}, Student{id=9, firstName='Oliver', lastName='King', faculty=Faculty{id=1, facultyName='Changed faculty name'}}, Student{id=10, firstName='Oliver', lastName='Tucci', faculty=Faculty{id=1, facultyName='Changed faculty name'}}, Student{id=11, firstName='Ellie', lastName='Rose', faculty=Faculty{id=1, facultyName='Changed faculty name'}}, Student{id=12, firstName='Ellie', lastName='Sykes', faculty=Faculty{id=1, facultyName='Changed faculty name'}}, Student{id=13, firstName='Ellie', lastName='Eve', faculty=Faculty{id=1, facultyName='Changed faculty name'}}, Student{id=14, firstName='Ellie', lastName='King', faculty=Faculty{id=1, facultyName='Changed faculty name'}}, Student{id=15, firstName='Ellie', lastName='Tucci', faculty=Faculty{id=1, facultyName='Changed faculty name'}}, Student{id=16, firstName='Ruby', lastName='Rose', faculty=Faculty{id=1, facultyName='Changed faculty name'}}, Student{id=17, firstName='Ruby', lastName='Sykes', faculty=Faculty{id=1, facultyName='Changed faculty name'}}, Student{id=18, firstName='Ruby', lastName='Eve', faculty=Faculty{id=1, facultyName='Changed faculty name'}}, Student{id=19, firstName='Ruby', lastName='King', faculty=Faculty{id=1, facultyName='Changed faculty name'}}, Student{id=20, firstName='Ruby', lastName='Tucci', faculty=Faculty{id=1, facultyName='Changed faculty name'}}, Student{id=21, firstName='Mary', lastName='Rose', faculty=Faculty{id=2, facultyName='Changed faculty name'}}, Student{id=22, firstName='Mary', lastName='Sykes', faculty=Faculty{id=2, facultyName='Changed faculty name'}}, Student{id=23, firstName='Mary', lastName='Eve', faculty=Faculty{id=2, facultyName='Changed faculty name'}}, Student{id=24, firstName='Mary', lastName='King', faculty=Faculty{id=2, facultyName='Changed faculty name'}}, Student{id=25, firstName='Mary', lastName='Tucci', faculty=Faculty{id=2, facultyName='Changed faculty name'}}, Student{id=26, firstName='Albert', lastName='Rose', faculty=Faculty{id=2, facultyName='Changed faculty name'}}, Student{id=27, firstName='Albert', lastName='Sykes', faculty=Faculty{id=2, facultyName='Changed faculty name'}}, Student{id=28, firstName='Albert', lastName='Eve', faculty=Faculty{id=2, facultyName='Changed faculty name'}}, Student{id=29, firstName='Albert', lastName='King', faculty=Faculty{id=2, facultyName='Changed faculty name'}}, Student{id=30, firstName='Albert', lastName='Tucci', faculty=Faculty{id=2, facultyName='Changed faculty name'}}, Student{id=31, firstName='Charlie', lastName='Rose', faculty=Faculty{id=2, facultyName='Changed faculty name'}}, Student{id=32, firstName='Charlie', lastName='Sykes', faculty=Faculty{id=2, facultyName='Changed faculty name'}}, Student{id=33, firstName='Charlie', lastName='Eve', faculty=Faculty{id=2, facultyName='Changed faculty name'}}, Student{id=34, firstName='Charlie', lastName='King', faculty=Faculty{id=2, facultyName='Changed faculty name'}}, Student{id=35, firstName='Charlie', lastName='Tucci', faculty=Faculty{id=2, facultyName='Changed faculty name'}}, Student{id=36, firstName='Samuel', lastName='Rose', faculty=Faculty{id=2, facultyName='Changed faculty name'}}, Student{id=37, firstName='Samuel', lastName='Sykes', faculty=Faculty{id=2, facultyName='Changed faculty name'}}, Student{id=38, firstName='Samuel', lastName='Eve', faculty=Faculty{id=2, facultyName='Changed faculty name'}}, Student{id=39, firstName='Samuel', lastName='King', faculty=Faculty{id=2, facultyName='Changed faculty name'}}, Student{id=40, firstName='Samuel', lastName='Tucci', faculty=Faculty{id=2, facultyName='Changed faculty name'}}, Student{id=41, firstName='Thomas', lastName='Rose', faculty=Faculty{id=3, facultyName='Faculty of Arts'}}, Student{id=42, firstName='Thomas', lastName='Sykes', faculty=Faculty{id=3, facultyName='Faculty of Arts'}}, Student{id=43, firstName='Thomas', lastName='Eve', faculty=Faculty{id=3, facultyName='Faculty of Arts'}}, Student{id=44, firstName='Thomas', lastName='King', faculty=Faculty{id=3, facultyName='Faculty of Arts'}}, Student{id=45, firstName='Thomas', lastName='Tucci', faculty=Faculty{id=3, facultyName='Faculty of Arts'}}, Student{id=46, firstName='Leonard', lastName='Rose', faculty=Faculty{id=3, facultyName='Faculty of Arts'}}, Student{id=47, firstName='Leonard', lastName='Sykes', faculty=Faculty{id=3, facultyName='Faculty of Arts'}}, Student{id=48, firstName='Leonard', lastName='Eve', faculty=Faculty{id=3, facultyName='Faculty of Arts'}}, Student{id=49, firstName='Leonard', lastName='King', faculty=Faculty{id=3, facultyName='Faculty of Arts'}}, Student{id=50, firstName='Leonard', lastName='Tucci', faculty=Faculty{id=3, facultyName='Faculty of Arts'}}, Student{id=51, firstName='Joshua', lastName='Rose', faculty=Faculty{id=3, facultyName='Faculty of Arts'}}, Student{id=52, firstName='Joshua', lastName='Sykes', faculty=Faculty{id=3, facultyName='Faculty of Arts'}}, Student{id=53, firstName='Joshua', lastName='Eve', faculty=Faculty{id=3, facultyName='Faculty of Arts'}}, Student{id=54, firstName='Joshua', lastName='King', faculty=Faculty{id=3, facultyName='Faculty of Arts'}}, Student{id=55, firstName='Joshua', lastName='Tucci', faculty=Faculty{id=3, facultyName='Faculty of Arts'}}, Student{id=56, firstName='Jack', lastName='Rose', faculty=Faculty{id=3, facultyName='Faculty of Arts'}}, Student{id=57, firstName='Jack', lastName='Sykes', faculty=Faculty{id=3, facultyName='Faculty of Arts'}}, Student{id=58, firstName='Jack', lastName='Eve', faculty=Faculty{id=3, facultyName='Faculty of Arts'}}, Student{id=59, firstName='Jack', lastName='King', faculty=Faculty{id=3, facultyName='Faculty of Arts'}}, Student{id=60, firstName='Jack', lastName='Tucci', faculty=Faculty{id=3, facultyName='Faculty of Arts'}}, Student{id=62, firstName='Nick', lastName='Jackson', faculty=Faculty{id=1, facultyName='Changed faculty name'}}]
26 Feb;19:05:46.226 [main] INFO  u.c.f.c.service.FacultyService - getById: faculty = Faculty{id=1, facultyName='Changed faculty name'}
26 Feb;19:05:46.227 [main] INFO  u.c.f.c.service.CourseService - getById: course = Course{id=6, courseName='Biology'}
26 Feb;19:05:46.232 [main] INFO  u.c.f.c.service.FacultyService - getById: faculty = Faculty{id=1, facultyName='Changed faculty name'}
26 Feb;19:05:46.233 [main] INFO  u.c.f.c.service.CourseService - getById: course = Course{id=7, courseName='Chemistry'}
26 Feb;19:05:46.233 [main] INFO  u.c.f.c.service.FacultyService - getById: faculty = Faculty{id=1, facultyName='Changed faculty name'}
26 Feb;19:05:46.234 [main] INFO  u.c.f.c.service.CourseService - getById: course = Course{id=6, courseName='Biology'}
26 Feb;19:05:46.235 [main] INFO  u.c.f.c.service.FacultyService - getById: faculty = Faculty{id=1, facultyName='Changed faculty name'}
26 Feb;19:05:46.236 [main] INFO  u.c.f.c.service.CourseService - getById: course = Course{id=7, courseName='Chemistry'}
26 Feb;19:05:46.236 [main] INFO  u.c.f.c.service.FacultyService - getById: faculty = Faculty{id=1, facultyName='Changed faculty name'}
26 Feb;19:05:46.237 [main] INFO  u.c.f.c.service.CourseService - getById: course = Course{id=6, courseName='Biology'}
26 Feb;19:05:46.238 [main] INFO  u.c.f.c.service.FacultyService - getById: faculty = Faculty{id=1, facultyName='Changed faculty name'}
26 Feb;19:05:46.238 [main] INFO  u.c.f.c.service.CourseService - getById: course = Course{id=7, courseName='Chemistry'}
26 Feb;19:05:46.239 [main] INFO  u.c.f.c.service.FacultyService - getById: faculty = Faculty{id=1, facultyName='Changed faculty name'}
26 Feb;19:05:46.240 [main] INFO  u.c.f.c.service.CourseService - getById: course = Course{id=6, courseName='Biology'}
26 Feb;19:05:46.240 [main] INFO  u.c.f.c.service.FacultyService - getById: faculty = Faculty{id=1, facultyName='Changed faculty name'}
26 Feb;19:05:46.241 [main] INFO  u.c.f.c.service.CourseService - getById: course = Course{id=7, courseName='Chemistry'}
26 Feb;19:05:46.241 [main] INFO  u.c.f.c.service.FacultyService - getById: faculty = Faculty{id=1, facultyName='Changed faculty name'}
26 Feb;19:05:46.242 [main] INFO  u.c.f.c.service.CourseService - getById: course = Course{id=6, courseName='Biology'}
26 Feb;19:05:46.242 [main] INFO  u.c.f.c.service.FacultyService - getById: faculty = Faculty{id=1, facultyName='Changed faculty name'}
26 Feb;19:05:46.243 [main] INFO  u.c.f.c.service.CourseService - getById: course = Course{id=7, courseName='Chemistry'}
26 Feb;19:05:46.243 [main] INFO  u.c.f.c.service.FacultyService - getById: faculty = Faculty{id=1, facultyName='Changed faculty name'}
26 Feb;19:05:46.243 [main] INFO  u.c.f.c.service.CourseService - getById: course = Course{id=6, courseName='Biology'}
26 Feb;19:05:46.244 [main] INFO  u.c.f.c.service.FacultyService - getById: faculty = Faculty{id=1, facultyName='Changed faculty name'}
26 Feb;19:05:46.244 [main] INFO  u.c.f.c.service.CourseService - getById: course = Course{id=7, courseName='Chemistry'}
26 Feb;19:05:46.245 [main] INFO  u.c.f.c.service.FacultyService - getById: faculty = Faculty{id=1, facultyName='Changed faculty name'}
26 Feb;19:05:46.245 [main] INFO  u.c.f.c.service.CourseService - getById: course = Course{id=6, courseName='Biology'}
26 Feb;19:05:46.246 [main] INFO  u.c.f.c.service.FacultyService - getById: faculty = Faculty{id=1, facultyName='Changed faculty name'}
26 Feb;19:05:46.246 [main] INFO  u.c.f.c.service.CourseService - getById: course = Course{id=7, courseName='Chemistry'}
26 Feb;19:05:46.247 [main] INFO  u.c.f.c.service.FacultyService - getById: faculty = Faculty{id=1, facultyName='Changed faculty name'}
26 Feb;19:05:46.248 [main] INFO  u.c.f.c.service.CourseService - getById: course = Course{id=6, courseName='Biology'}
26 Feb;19:05:46.249 [main] INFO  u.c.f.c.service.FacultyService - getById: faculty = Faculty{id=1, facultyName='Changed faculty name'}
26 Feb;19:05:46.250 [main] INFO  u.c.f.c.service.CourseService - getById: course = Course{id=7, courseName='Chemistry'}
26 Feb;19:05:46.250 [main] INFO  u.c.f.c.service.FacultyService - getById: faculty = Faculty{id=1, facultyName='Changed faculty name'}
26 Feb;19:05:46.251 [main] INFO  u.c.f.c.service.CourseService - getById: course = Course{id=6, courseName='Biology'}
26 Feb;19:05:46.252 [main] INFO  u.c.f.c.service.FacultyService - getById: faculty = Faculty{id=1, facultyName='Changed faculty name'}
26 Feb;19:05:46.252 [main] INFO  u.c.f.c.service.CourseService - getById: course = Course{id=7, courseName='Chemistry'}
26 Feb;19:05:46.253 [main] INFO  u.c.f.c.service.FacultyService - getById: faculty = Faculty{id=1, facultyName='Changed faculty name'}
26 Feb;19:05:46.253 [main] INFO  u.c.f.c.service.CourseService - getById: course = Course{id=6, courseName='Biology'}
26 Feb;19:05:46.254 [main] INFO  u.c.f.c.service.FacultyService - getById: faculty = Faculty{id=1, facultyName='Changed faculty name'}
26 Feb;19:05:46.254 [main] INFO  u.c.f.c.service.CourseService - getById: course = Course{id=7, courseName='Chemistry'}
26 Feb;19:05:46.254 [main] INFO  u.c.f.c.service.FacultyService - getById: faculty = Faculty{id=2, facultyName='Changed faculty name'}
26 Feb;19:05:46.255 [main] INFO  u.c.f.c.service.CourseService - getById: course = Course{id=8, courseName='Mathematics'}
26 Feb;19:05:46.255 [main] INFO  u.c.f.c.service.CourseService - getById: course = Course{id=9, courseName='Physics'}
26 Feb;19:05:46.256 [main] INFO  u.c.f.c.service.FacultyService - getById: faculty = Faculty{id=2, facultyName='Changed faculty name'}
26 Feb;19:05:46.256 [main] INFO  u.c.f.c.service.CourseService - getById: course = Course{id=8, courseName='Mathematics'}
26 Feb;19:05:46.256 [main] INFO  u.c.f.c.service.CourseService - getById: course = Course{id=10, courseName='Geometry'}
26 Feb;19:05:46.257 [main] INFO  u.c.f.c.service.FacultyService - getById: faculty = Faculty{id=2, facultyName='Changed faculty name'}
26 Feb;19:05:46.257 [main] INFO  u.c.f.c.service.CourseService - getById: course = Course{id=9, courseName='Physics'}
26 Feb;19:05:46.257 [main] INFO  u.c.f.c.service.CourseService - getById: course = Course{id=10, courseName='Geometry'}
26 Feb;19:05:46.258 [main] INFO  u.c.f.c.service.FacultyService - getById: faculty = Faculty{id=2, facultyName='Changed faculty name'}
26 Feb;19:05:46.258 [main] INFO  u.c.f.c.service.CourseService - getById: course = Course{id=8, courseName='Mathematics'}
26 Feb;19:05:46.258 [main] INFO  u.c.f.c.service.CourseService - getById: course = Course{id=9, courseName='Physics'}
26 Feb;19:05:46.259 [main] INFO  u.c.f.c.service.FacultyService - getById: faculty = Faculty{id=2, facultyName='Changed faculty name'}
26 Feb;19:05:46.259 [main] INFO  u.c.f.c.service.CourseService - getById: course = Course{id=8, courseName='Mathematics'}
26 Feb;19:05:46.260 [main] INFO  u.c.f.c.service.CourseService - getById: course = Course{id=10, courseName='Geometry'}
26 Feb;19:05:46.260 [main] INFO  u.c.f.c.service.FacultyService - getById: faculty = Faculty{id=2, facultyName='Changed faculty name'}
26 Feb;19:05:46.260 [main] INFO  u.c.f.c.service.CourseService - getById: course = Course{id=9, courseName='Physics'}
26 Feb;19:05:46.261 [main] INFO  u.c.f.c.service.CourseService - getById: course = Course{id=10, courseName='Geometry'}
26 Feb;19:05:46.261 [main] INFO  u.c.f.c.service.FacultyService - getById: faculty = Faculty{id=2, facultyName='Changed faculty name'}
26 Feb;19:05:46.262 [main] INFO  u.c.f.c.service.CourseService - getById: course = Course{id=8, courseName='Mathematics'}
26 Feb;19:05:46.262 [main] INFO  u.c.f.c.service.CourseService - getById: course = Course{id=9, courseName='Physics'}
26 Feb;19:05:46.262 [main] INFO  u.c.f.c.service.FacultyService - getById: faculty = Faculty{id=2, facultyName='Changed faculty name'}
26 Feb;19:05:46.263 [main] INFO  u.c.f.c.service.CourseService - getById: course = Course{id=8, courseName='Mathematics'}
26 Feb;19:05:46.263 [main] INFO  u.c.f.c.service.CourseService - getById: course = Course{id=10, courseName='Geometry'}
26 Feb;19:05:46.264 [main] INFO  u.c.f.c.service.FacultyService - getById: faculty = Faculty{id=2, facultyName='Changed faculty name'}
26 Feb;19:05:46.264 [main] INFO  u.c.f.c.service.CourseService - getById: course = Course{id=9, courseName='Physics'}
26 Feb;19:05:46.264 [main] INFO  u.c.f.c.service.CourseService - getById: course = Course{id=10, courseName='Geometry'}
26 Feb;19:05:46.265 [main] INFO  u.c.f.c.service.FacultyService - getById: faculty = Faculty{id=2, facultyName='Changed faculty name'}
26 Feb;19:05:46.265 [main] INFO  u.c.f.c.service.CourseService - getById: course = Course{id=8, courseName='Mathematics'}
26 Feb;19:05:46.266 [main] INFO  u.c.f.c.service.CourseService - getById: course = Course{id=9, courseName='Physics'}
26 Feb;19:05:46.266 [main] INFO  u.c.f.c.service.FacultyService - getById: faculty = Faculty{id=2, facultyName='Changed faculty name'}
26 Feb;19:05:46.266 [main] INFO  u.c.f.c.service.CourseService - getById: course = Course{id=8, courseName='Mathematics'}
26 Feb;19:05:46.267 [main] INFO  u.c.f.c.service.CourseService - getById: course = Course{id=10, courseName='Geometry'}
26 Feb;19:05:46.267 [main] INFO  u.c.f.c.service.FacultyService - getById: faculty = Faculty{id=2, facultyName='Changed faculty name'}
26 Feb;19:05:46.268 [main] INFO  u.c.f.c.service.CourseService - getById: course = Course{id=9, courseName='Physics'}
26 Feb;19:05:46.268 [main] INFO  u.c.f.c.service.CourseService - getById: course = Course{id=10, courseName='Geometry'}
26 Feb;19:05:46.268 [main] INFO  u.c.f.c.service.FacultyService - getById: faculty = Faculty{id=2, facultyName='Changed faculty name'}
26 Feb;19:05:46.269 [main] INFO  u.c.f.c.service.CourseService - getById: course = Course{id=8, courseName='Mathematics'}
26 Feb;19:05:46.269 [main] INFO  u.c.f.c.service.CourseService - getById: course = Course{id=9, courseName='Physics'}
26 Feb;19:05:46.270 [main] INFO  u.c.f.c.service.FacultyService - getById: faculty = Faculty{id=2, facultyName='Changed faculty name'}
26 Feb;19:05:46.270 [main] INFO  u.c.f.c.service.CourseService - getById: course = Course{id=8, courseName='Mathematics'}
26 Feb;19:05:46.270 [main] INFO  u.c.f.c.service.CourseService - getById: course = Course{id=10, courseName='Geometry'}
26 Feb;19:05:46.271 [main] INFO  u.c.f.c.service.FacultyService - getById: faculty = Faculty{id=2, facultyName='Changed faculty name'}
26 Feb;19:05:46.271 [main] INFO  u.c.f.c.service.CourseService - getById: course = Course{id=9, courseName='Physics'}
26 Feb;19:05:46.271 [main] INFO  u.c.f.c.service.CourseService - getById: course = Course{id=10, courseName='Geometry'}
26 Feb;19:05:46.272 [main] INFO  u.c.f.c.service.FacultyService - getById: faculty = Faculty{id=2, facultyName='Changed faculty name'}
26 Feb;19:05:46.272 [main] INFO  u.c.f.c.service.CourseService - getById: course = Course{id=8, courseName='Mathematics'}
26 Feb;19:05:46.272 [main] INFO  u.c.f.c.service.CourseService - getById: course = Course{id=9, courseName='Physics'}
26 Feb;19:05:46.273 [main] INFO  u.c.f.c.service.FacultyService - getById: faculty = Faculty{id=2, facultyName='Changed faculty name'}
26 Feb;19:05:46.273 [main] INFO  u.c.f.c.service.CourseService - getById: course = Course{id=8, courseName='Mathematics'}
26 Feb;19:05:46.273 [main] INFO  u.c.f.c.service.CourseService - getById: course = Course{id=10, courseName='Geometry'}
26 Feb;19:05:46.273 [main] INFO  u.c.f.c.service.FacultyService - getById: faculty = Faculty{id=2, facultyName='Changed faculty name'}
26 Feb;19:05:46.274 [main] INFO  u.c.f.c.service.CourseService - getById: course = Course{id=9, courseName='Physics'}
26 Feb;19:05:46.274 [main] INFO  u.c.f.c.service.CourseService - getById: course = Course{id=10, courseName='Geometry'}
26 Feb;19:05:46.274 [main] INFO  u.c.f.c.service.FacultyService - getById: faculty = Faculty{id=2, facultyName='Changed faculty name'}
26 Feb;19:05:46.275 [main] INFO  u.c.f.c.service.CourseService - getById: course = Course{id=8, courseName='Mathematics'}
26 Feb;19:05:46.275 [main] INFO  u.c.f.c.service.CourseService - getById: course = Course{id=9, courseName='Physics'}
26 Feb;19:05:46.275 [main] INFO  u.c.f.c.service.FacultyService - getById: faculty = Faculty{id=2, facultyName='Changed faculty name'}
26 Feb;19:05:46.276 [main] INFO  u.c.f.c.service.CourseService - getById: course = Course{id=8, courseName='Mathematics'}
26 Feb;19:05:46.276 [main] INFO  u.c.f.c.service.CourseService - getById: course = Course{id=10, courseName='Geometry'}
26 Feb;19:05:46.276 [main] INFO  u.c.f.c.service.FacultyService - getById: faculty = Faculty{id=3, facultyName='Faculty of Arts'}
26 Feb;19:05:46.277 [main] INFO  u.c.f.c.service.CourseService - getById: course = Course{id=1, courseName='History'}
26 Feb;19:05:46.277 [main] INFO  u.c.f.c.service.CourseService - getById: course = Course{id=2, courseName='Philosophy'}
26 Feb;19:05:46.277 [main] INFO  u.c.f.c.service.CourseService - getById: course = Course{id=3, courseName='Another course's name'}
26 Feb;19:05:46.278 [main] INFO  u.c.f.c.service.FacultyService - getById: faculty = Faculty{id=3, facultyName='Faculty of Arts'}
26 Feb;19:05:46.278 [main] INFO  u.c.f.c.service.CourseService - getById: course = Course{id=1, courseName='History'}
26 Feb;19:05:46.278 [main] INFO  u.c.f.c.service.CourseService - getById: course = Course{id=4, courseName='Political science'}
26 Feb;19:05:46.279 [main] INFO  u.c.f.c.service.CourseService - getById: course = Course{id=5, courseName='Culture'}
26 Feb;19:05:46.279 [main] INFO  u.c.f.c.service.FacultyService - getById: faculty = Faculty{id=3, facultyName='Faculty of Arts'}
26 Feb;19:05:46.279 [main] INFO  u.c.f.c.service.CourseService - getById: course = Course{id=2, courseName='Philosophy'}
26 Feb;19:05:46.280 [main] INFO  u.c.f.c.service.CourseService - getById: course = Course{id=3, courseName='Another course's name'}
26 Feb;19:05:46.280 [main] INFO  u.c.f.c.service.CourseService - getById: course = Course{id=4, courseName='Political science'}
26 Feb;19:05:46.280 [main] INFO  u.c.f.c.service.FacultyService - getById: faculty = Faculty{id=3, facultyName='Faculty of Arts'}
26 Feb;19:05:46.281 [main] INFO  u.c.f.c.service.CourseService - getById: course = Course{id=1, courseName='History'}
26 Feb;19:05:46.281 [main] INFO  u.c.f.c.service.CourseService - getById: course = Course{id=2, courseName='Philosophy'}
26 Feb;19:05:46.281 [main] INFO  u.c.f.c.service.CourseService - getById: course = Course{id=5, courseName='Culture'}
26 Feb;19:05:46.282 [main] INFO  u.c.f.c.service.FacultyService - getById: faculty = Faculty{id=3, facultyName='Faculty of Arts'}
26 Feb;19:05:46.282 [main] INFO  u.c.f.c.service.CourseService - getById: course = Course{id=3, courseName='Another course's name'}
26 Feb;19:05:46.282 [main] INFO  u.c.f.c.service.CourseService - getById: course = Course{id=4, courseName='Political science'}
26 Feb;19:05:46.283 [main] INFO  u.c.f.c.service.CourseService - getById: course = Course{id=5, courseName='Culture'}
26 Feb;19:05:46.283 [main] INFO  u.c.f.c.service.FacultyService - getById: faculty = Faculty{id=3, facultyName='Faculty of Arts'}
26 Feb;19:05:46.283 [main] INFO  u.c.f.c.service.CourseService - getById: course = Course{id=1, courseName='History'}
26 Feb;19:05:46.284 [main] INFO  u.c.f.c.service.CourseService - getById: course = Course{id=2, courseName='Philosophy'}
26 Feb;19:05:46.284 [main] INFO  u.c.f.c.service.CourseService - getById: course = Course{id=3, courseName='Another course's name'}
26 Feb;19:05:46.284 [main] INFO  u.c.f.c.service.FacultyService - getById: faculty = Faculty{id=3, facultyName='Faculty of Arts'}
26 Feb;19:05:46.285 [main] INFO  u.c.f.c.service.CourseService - getById: course = Course{id=1, courseName='History'}
26 Feb;19:05:46.285 [main] INFO  u.c.f.c.service.CourseService - getById: course = Course{id=4, courseName='Political science'}
26 Feb;19:05:46.285 [main] INFO  u.c.f.c.service.CourseService - getById: course = Course{id=5, courseName='Culture'}
26 Feb;19:05:46.286 [main] INFO  u.c.f.c.service.FacultyService - getById: faculty = Faculty{id=3, facultyName='Faculty of Arts'}
26 Feb;19:05:46.286 [main] INFO  u.c.f.c.service.CourseService - getById: course = Course{id=2, courseName='Philosophy'}
26 Feb;19:05:46.286 [main] INFO  u.c.f.c.service.CourseService - getById: course = Course{id=3, courseName='Another course's name'}
26 Feb;19:05:46.287 [main] INFO  u.c.f.c.service.CourseService - getById: course = Course{id=4, courseName='Political science'}
26 Feb;19:05:46.287 [main] INFO  u.c.f.c.service.FacultyService - getById: faculty = Faculty{id=3, facultyName='Faculty of Arts'}
26 Feb;19:05:46.287 [main] INFO  u.c.f.c.service.CourseService - getById: course = Course{id=1, courseName='History'}
26 Feb;19:05:46.288 [main] INFO  u.c.f.c.service.CourseService - getById: course = Course{id=2, courseName='Philosophy'}
26 Feb;19:05:46.288 [main] INFO  u.c.f.c.service.CourseService - getById: course = Course{id=5, courseName='Culture'}
26 Feb;19:05:46.288 [main] INFO  u.c.f.c.service.FacultyService - getById: faculty = Faculty{id=3, facultyName='Faculty of Arts'}
26 Feb;19:05:46.289 [main] INFO  u.c.f.c.service.CourseService - getById: course = Course{id=3, courseName='Another course's name'}
26 Feb;19:05:46.289 [main] INFO  u.c.f.c.service.CourseService - getById: course = Course{id=4, courseName='Political science'}
26 Feb;19:05:46.289 [main] INFO  u.c.f.c.service.CourseService - getById: course = Course{id=5, courseName='Culture'}
26 Feb;19:05:46.290 [main] INFO  u.c.f.c.service.FacultyService - getById: faculty = Faculty{id=3, facultyName='Faculty of Arts'}
26 Feb;19:05:46.290 [main] INFO  u.c.f.c.service.CourseService - getById: course = Course{id=1, courseName='History'}
26 Feb;19:05:46.290 [main] INFO  u.c.f.c.service.CourseService - getById: course = Course{id=2, courseName='Philosophy'}
26 Feb;19:05:46.291 [main] INFO  u.c.f.c.service.CourseService - getById: course = Course{id=3, courseName='Another course's name'}
26 Feb;19:05:46.291 [main] INFO  u.c.f.c.service.FacultyService - getById: faculty = Faculty{id=3, facultyName='Faculty of Arts'}
26 Feb;19:05:46.291 [main] INFO  u.c.f.c.service.CourseService - getById: course = Course{id=1, courseName='History'}
26 Feb;19:05:46.292 [main] INFO  u.c.f.c.service.CourseService - getById: course = Course{id=4, courseName='Political science'}
26 Feb;19:05:46.292 [main] INFO  u.c.f.c.service.CourseService - getById: course = Course{id=5, courseName='Culture'}
26 Feb;19:05:46.292 [main] INFO  u.c.f.c.service.FacultyService - getById: faculty = Faculty{id=3, facultyName='Faculty of Arts'}
26 Feb;19:05:46.292 [main] INFO  u.c.f.c.service.CourseService - getById: course = Course{id=2, courseName='Philosophy'}
26 Feb;19:05:46.293 [main] INFO  u.c.f.c.service.CourseService - getById: course = Course{id=3, courseName='Another course's name'}
26 Feb;19:05:46.293 [main] INFO  u.c.f.c.service.CourseService - getById: course = Course{id=4, courseName='Political science'}
26 Feb;19:05:46.293 [main] INFO  u.c.f.c.service.FacultyService - getById: faculty = Faculty{id=3, facultyName='Faculty of Arts'}
26 Feb;19:05:46.294 [main] INFO  u.c.f.c.service.CourseService - getById: course = Course{id=1, courseName='History'}
26 Feb;19:05:46.294 [main] INFO  u.c.f.c.service.CourseService - getById: course = Course{id=2, courseName='Philosophy'}
26 Feb;19:05:46.294 [main] INFO  u.c.f.c.service.CourseService - getById: course = Course{id=5, courseName='Culture'}
26 Feb;19:05:46.295 [main] INFO  u.c.f.c.service.FacultyService - getById: faculty = Faculty{id=3, facultyName='Faculty of Arts'}
26 Feb;19:05:46.295 [main] INFO  u.c.f.c.service.CourseService - getById: course = Course{id=3, courseName='Another course's name'}
26 Feb;19:05:46.295 [main] INFO  u.c.f.c.service.CourseService - getById: course = Course{id=4, courseName='Political science'}
26 Feb;19:05:46.296 [main] INFO  u.c.f.c.service.CourseService - getById: course = Course{id=5, courseName='Culture'}
26 Feb;19:05:46.296 [main] INFO  u.c.f.c.service.FacultyService - getById: faculty = Faculty{id=3, facultyName='Faculty of Arts'}
26 Feb;19:05:46.296 [main] INFO  u.c.f.c.service.CourseService - getById: course = Course{id=1, courseName='History'}
26 Feb;19:05:46.297 [main] INFO  u.c.f.c.service.CourseService - getById: course = Course{id=2, courseName='Philosophy'}
26 Feb;19:05:46.297 [main] INFO  u.c.f.c.service.CourseService - getById: course = Course{id=3, courseName='Another course's name'}
26 Feb;19:05:46.297 [main] INFO  u.c.f.c.service.FacultyService - getById: faculty = Faculty{id=3, facultyName='Faculty of Arts'}
26 Feb;19:05:46.298 [main] INFO  u.c.f.c.service.CourseService - getById: course = Course{id=1, courseName='History'}
26 Feb;19:05:46.298 [main] INFO  u.c.f.c.service.CourseService - getById: course = Course{id=4, courseName='Political science'}
26 Feb;19:05:46.298 [main] INFO  u.c.f.c.service.CourseService - getById: course = Course{id=5, courseName='Culture'}
26 Feb;19:05:46.299 [main] INFO  u.c.f.c.service.FacultyService - getById: faculty = Faculty{id=3, facultyName='Faculty of Arts'}
26 Feb;19:05:46.299 [main] INFO  u.c.f.c.service.CourseService - getById: course = Course{id=2, courseName='Philosophy'}
26 Feb;19:05:46.299 [main] INFO  u.c.f.c.service.CourseService - getById: course = Course{id=3, courseName='Another course's name'}
26 Feb;19:05:46.300 [main] INFO  u.c.f.c.service.CourseService - getById: course = Course{id=4, courseName='Political science'}
26 Feb;19:05:46.300 [main] INFO  u.c.f.c.service.FacultyService - getById: faculty = Faculty{id=3, facultyName='Faculty of Arts'}
26 Feb;19:05:46.300 [main] INFO  u.c.f.c.service.CourseService - getById: course = Course{id=1, courseName='History'}
26 Feb;19:05:46.301 [main] INFO  u.c.f.c.service.CourseService - getById: course = Course{id=2, courseName='Philosophy'}
26 Feb;19:05:46.301 [main] INFO  u.c.f.c.service.CourseService - getById: course = Course{id=5, courseName='Culture'}
26 Feb;19:05:46.301 [main] INFO  u.c.f.c.service.FacultyService - getById: faculty = Faculty{id=3, facultyName='Faculty of Arts'}
26 Feb;19:05:46.302 [main] INFO  u.c.f.c.service.CourseService - getById: course = Course{id=3, courseName='Another course's name'}
26 Feb;19:05:46.302 [main] INFO  u.c.f.c.service.CourseService - getById: course = Course{id=4, courseName='Political science'}
26 Feb;19:05:46.302 [main] INFO  u.c.f.c.service.CourseService - getById: course = Course{id=5, courseName='Culture'}
26 Feb;19:05:46.303 [main] INFO  u.c.f.c.service.FacultyService - getById: faculty = Faculty{id=1, facultyName='Changed faculty name'}
26 Feb;19:05:46.303 [main] INFO  u.c.f.c.service.CourseService - getById: course = Course{id=1, courseName='History'}
26 Feb;19:05:46.303 [main] INFO  u.c.f.c.service.CourseService - getById: course = Course{id=3, courseName='Another course's name'}

MockHttpServletRequest:
      HTTP Method = GET
      Request URI = /students
       Parameters = {}
          Headers = []
             Body = <no character encoding set>
    Session Attrs = {}

Handler:
             Type = ua.com.foxminded.classtimetable.controllers.ui.StudentController
           Method = ua.com.foxminded.classtimetable.controllers.ui.StudentController#showAll(ModelMap)

Async:
    Async started = false
     Async result = null

Resolved Exception:
             Type = null

ModelAndView:
        View name = students/showAll
             View = null
        Attribute = students
            value = [StudentDto{id=1, firstName='Jacob', lastName='Johnson', facultyId=1, coursesId=[6]}, StudentDto{id=2, firstName='Jacob', lastName='Sykes', facultyId=1, coursesId=[7]}, StudentDto{id=3, firstName='Jacob', lastName='Eve', facultyId=1, coursesId=[6]}, StudentDto{id=4, firstName='Jacob', lastName='King', facultyId=1, coursesId=[7]}, StudentDto{id=5, firstName='Jacob', lastName='Tucci', facultyId=1, coursesId=[6]}, StudentDto{id=6, firstName='Oliver', lastName='Rose', facultyId=1, coursesId=[7]}, StudentDto{id=7, firstName='Oliver', lastName='Sykes', facultyId=1, coursesId=[6]}, StudentDto{id=8, firstName='Oliver', lastName='Eve', facultyId=1, coursesId=[7]}, StudentDto{id=9, firstName='Oliver', lastName='King', facultyId=1, coursesId=[6]}, StudentDto{id=10, firstName='Oliver', lastName='Tucci', facultyId=1, coursesId=[7]}, StudentDto{id=11, firstName='Ellie', lastName='Rose', facultyId=1, coursesId=[6]}, StudentDto{id=12, firstName='Ellie', lastName='Sykes', facultyId=1, coursesId=[7]}, StudentDto{id=13, firstName='Ellie', lastName='Eve', facultyId=1, coursesId=[6]}, StudentDto{id=14, firstName='Ellie', lastName='King', facultyId=1, coursesId=[7]}, StudentDto{id=15, firstName='Ellie', lastName='Tucci', facultyId=1, coursesId=[6]}, StudentDto{id=16, firstName='Ruby', lastName='Rose', facultyId=1, coursesId=[7]}, StudentDto{id=17, firstName='Ruby', lastName='Sykes', facultyId=1, coursesId=[6]}, StudentDto{id=18, firstName='Ruby', lastName='Eve', facultyId=1, coursesId=[7]}, StudentDto{id=19, firstName='Ruby', lastName='King', facultyId=1, coursesId=[6]}, StudentDto{id=20, firstName='Ruby', lastName='Tucci', facultyId=1, coursesId=[7]}, StudentDto{id=21, firstName='Mary', lastName='Rose', facultyId=2, coursesId=[8, 9]}, StudentDto{id=22, firstName='Mary', lastName='Sykes', facultyId=2, coursesId=[8, 10]}, StudentDto{id=23, firstName='Mary', lastName='Eve', facultyId=2, coursesId=[9, 10]}, StudentDto{id=24, firstName='Mary', lastName='King', facultyId=2, coursesId=[8, 9]}, StudentDto{id=25, firstName='Mary', lastName='Tucci', facultyId=2, coursesId=[8, 10]}, StudentDto{id=26, firstName='Albert', lastName='Rose', facultyId=2, coursesId=[9, 10]}, StudentDto{id=27, firstName='Albert', lastName='Sykes', facultyId=2, coursesId=[8, 9]}, StudentDto{id=28, firstName='Albert', lastName='Eve', facultyId=2, coursesId=[8, 10]}, StudentDto{id=29, firstName='Albert', lastName='King', facultyId=2, coursesId=[9, 10]}, StudentDto{id=30, firstName='Albert', lastName='Tucci', facultyId=2, coursesId=[8, 9]}, StudentDto{id=31, firstName='Charlie', lastName='Rose', facultyId=2, coursesId=[8, 10]}, StudentDto{id=32, firstName='Charlie', lastName='Sykes', facultyId=2, coursesId=[9, 10]}, StudentDto{id=33, firstName='Charlie', lastName='Eve', facultyId=2, coursesId=[8, 9]}, StudentDto{id=34, firstName='Charlie', lastName='King', facultyId=2, coursesId=[8, 10]}, StudentDto{id=35, firstName='Charlie', lastName='Tucci', facultyId=2, coursesId=[9, 10]}, StudentDto{id=36, firstName='Samuel', lastName='Rose', facultyId=2, coursesId=[8, 9]}, StudentDto{id=37, firstName='Samuel', lastName='Sykes', facultyId=2, coursesId=[8, 10]}, StudentDto{id=38, firstName='Samuel', lastName='Eve', facultyId=2, coursesId=[9, 10]}, StudentDto{id=39, firstName='Samuel', lastName='King', facultyId=2, coursesId=[8, 9]}, StudentDto{id=40, firstName='Samuel', lastName='Tucci', facultyId=2, coursesId=[8, 10]}, StudentDto{id=41, firstName='Thomas', lastName='Rose', facultyId=3, coursesId=[1, 2, 3]}, StudentDto{id=42, firstName='Thomas', lastName='Sykes', facultyId=3, coursesId=[1, 4, 5]}, StudentDto{id=43, firstName='Thomas', lastName='Eve', facultyId=3, coursesId=[2, 3, 4]}, StudentDto{id=44, firstName='Thomas', lastName='King', facultyId=3, coursesId=[1, 2, 5]}, StudentDto{id=45, firstName='Thomas', lastName='Tucci', facultyId=3, coursesId=[3, 4, 5]}, StudentDto{id=46, firstName='Leonard', lastName='Rose', facultyId=3, coursesId=[1, 2, 3]}, StudentDto{id=47, firstName='Leonard', lastName='Sykes', facultyId=3, coursesId=[1, 4, 5]}, StudentDto{id=48, firstName='Leonard', lastName='Eve', facultyId=3, coursesId=[2, 3, 4]}, StudentDto{id=49, firstName='Leonard', lastName='King', facultyId=3, coursesId=[1, 2, 5]}, StudentDto{id=50, firstName='Leonard', lastName='Tucci', facultyId=3, coursesId=[3, 4, 5]}, StudentDto{id=51, firstName='Joshua', lastName='Rose', facultyId=3, coursesId=[1, 2, 3]}, StudentDto{id=52, firstName='Joshua', lastName='Sykes', facultyId=3, coursesId=[1, 4, 5]}, StudentDto{id=53, firstName='Joshua', lastName='Eve', facultyId=3, coursesId=[2, 3, 4]}, StudentDto{id=54, firstName='Joshua', lastName='King', facultyId=3, coursesId=[1, 2, 5]}, StudentDto{id=55, firstName='Joshua', lastName='Tucci', facultyId=3, coursesId=[3, 4, 5]}, StudentDto{id=56, firstName='Jack', lastName='Rose', facultyId=3, coursesId=[1, 2, 3]}, StudentDto{id=57, firstName='Jack', lastName='Sykes', facultyId=3, coursesId=[1, 4, 5]}, StudentDto{id=58, firstName='Jack', lastName='Eve', facultyId=3, coursesId=[2, 3, 4]}, StudentDto{id=59, firstName='Jack', lastName='King', facultyId=3, coursesId=[1, 2, 5]}, StudentDto{id=60, firstName='Jack', lastName='Tucci', facultyId=3, coursesId=[3, 4, 5]}, StudentDto{id=62, firstName='Nick', lastName='Jackson', facultyId=1, coursesId=[1, 3]}]
        Attribute = faculties
            value = ua.com.foxminded.classtimetable.service.FacultyService@421acd02
           errors = []
        Attribute = courses
            value = ua.com.foxminded.classtimetable.service.CourseService@78d664d9
           errors = []

FlashMap:
       Attributes = null

MockHttpServletResponse:
           Status = 200
    Error message = null
          Headers = [Content-Language:"en", Content-Type:"text/html;charset=UTF-8"]
     Content type = text/html;charset=UTF-8
             Body = <!DOCTYPE html>
<html lang="en">
<head>
    <title>Student-listing</title>
    <meta charset="UTF-8">
    <meta name="viewport" content="width=device-width, initial-scale=1">
    <link rel="stylesheet" href="https://maxcdn.bootstrapcdn.com/bootstrap/4.0.0/css/bootstrap.min.css">
    <script src="https://code.jquery.com/jquery-3.2.1.slim.min.js"></script>
    <script src="https://cdnjs.cloudflare.com/ajax/libs/popper.js/1.12.9/umd/popper.min.js"></script>
    <script src="https://maxcdn.bootstrapcdn.com/bootstrap/4.0.0/js/bootstrap.min.js"></script>
</head>

<body>
<nav class="navbar navbar-expand-sm bg-dark navbar-dark sticky-top">
    <a class="navbar-brand" href="/">Class Timetable</a>
    <ul class="navbar-nav">
        <li class="nav-item">
            <a class="nav-link" href="/">Home</a>
        </li>
        <li class="nav-item dropdown">
            <a class="nav-link dropdown-toggle" data-toggle="dropdown" href="/">University structure</a>
            <div class="dropdown-menu">
                <a class="dropdown-item" href="/buildings">Buildings</a>
                <a class="dropdown-item" href="/classrooms">Study rooms</a>
                <a class="dropdown-item" href="/faculties">Faculties</a>
                <a class="dropdown-item" href="/courses">Courses</a>
            </div>
        </li>
        <li class="nav-item dropdown">
            <a class="nav-link dropdown-toggle" data-toggle="dropdown" href="/">Personalities</a>
            <div class="dropdown-menu">
                <a class="dropdown-item" href="/students">Students</a>
                <a class="dropdown-item" href="/teachers">Teachers</a>
            </div>
        </li>
        <li class="nav-item">
            <a class="nav-link" href="/lessons">Current lessons</a>
        </li>
        <li class="nav-item">
            <a class="nav-link" href="/schedule">Show the personal schedule</a>
        </li>
    </ul>
</nav>

<div class="container">
    <br/>
    <h2>Students</h2>
    <a class="btn btn-sm btn-secondary" href="/">Back to menu</a>
    <a class="btn btn-sm btn-success" href="/students/new">Create new student</a>
    <br/>
    <br/>
    <table class="table table-bordered table-hover">
        <thead class="table-secondary">
        <tr>
            <th class="text-dark">First name</th>
            <th class="text-dark">Last name</th>
            <th class="text-dark">Faculty</th>
            <th class="text-dark">Course (s)</th>
            <th class="text-dark">Removal</th>
        </tr>
        </thead>
        <tbody>
        <tr>
            <td>
                <a href="/students/1">Jacob</a>
            </td>
            <td>
                <a href="/students/1">Johnson</a>
            </td>
            <td>
                <a href="/students/1">Changed faculty name</a>
            </td>
            <td>
                
                    <a href="/students/1">Biology</a>
                    <br/>
                
            </td>
            <td>
                <form method="post" action="/students/1"><input type="hidden" name="_method" value="DELETE"/>
[...]
Hibernate: select teachercou0_.teacher_id as teacher_1_8_0_, teachercou0_.course_id as course_i2_8_0_, course1_.id as id1_2_1_, course1_.course_name as course_n2_2_1_ from teachers_courses teachercou0_ inner join courses course1_ on teachercou0_.course_id=course1_.id where teachercou0_.teacher_id=?
Hibernate: select courseteac0_.course_id as course_i2_8_0_, courseteac0_.teacher_id as teacher_1_8_0_, teacher1_.id as id1_7_1_, teacher1_.faculty_id as faculty_4_7_1_, teacher1_.first_name as first_na2_7_1_, teacher1_.last_name as last_nam3_7_1_, faculty2_.id as id1_3_2_, faculty2_.faculty_name as faculty_2_3_2_ from teachers_courses courseteac0_ inner join teachers teacher1_ on courseteac0_.teacher_id=teacher1_.id left outer join faculties faculty2_ on teacher1_.faculty_id=faculty2_.id where courseteac0_.course_id=?
Hibernate: select teachercou0_.teacher_id as teacher_1_8_0_, teachercou0_.course_id as course_i2_8_0_, course1_.id as id1_2_1_, course1_.course_name as course_n2_2_1_ from teachers_courses teachercou0_ inner join courses course1_ on teachercou0_.course_id=course1_.id where teachercou0_.teacher_id=?
Hibernate: select courseteac0_.course_id as course_i2_8_0_, courseteac0_.teacher_id as teacher_1_8_0_, teacher1_.id as id1_7_1_, teacher1_.faculty_id as faculty_4_7_1_, teacher1_.first_name as first_na2_7_1_, teacher1_.last_name as last_nam3_7_1_, faculty2_.id as id1_3_2_, faculty2_.faculty_name as faculty_2_3_2_ from teachers_courses courseteac0_ inner join teachers teacher1_ on courseteac0_.teacher_id=teacher1_.id left outer join faculties faculty2_ on teacher1_.faculty_id=faculty2_.id where courseteac0_.course_id=?
Hibernate: select teachercou0_.teacher_id as teacher_1_8_0_, teachercou0_.course_id as course_i2_8_0_, course1_.id as id1_2_1_, course1_.course_name as course_n2_2_1_ from teachers_courses teachercou0_ inner join courses course1_ on teachercou0_.course_id=course1_.id where teachercou0_.teacher_id=?
Hibernate: select courseteac0_.course_id as course_i2_8_0_, courseteac0_.teacher_id as teacher_1_8_0_, teacher1_.id as id1_7_1_, teacher1_.faculty_id as faculty_4_7_1_, teacher1_.first_name as first_na2_7_1_, teacher1_.last_name as last_nam3_7_1_, faculty2_.id as id1_3_2_, faculty2_.faculty_name as faculty_2_3_2_ from teachers_courses courseteac0_ inner join teachers teacher1_ on courseteac0_.teacher_id=teacher1_.id left outer join faculties faculty2_ on teacher1_.faculty_id=faculty2_.id where courseteac0_.course_id=?
Hibernate: select teachercou0_.teacher_id as teacher_1_8_0_, teachercou0_.course_id as course_i2_8_0_, course1_.id as id1_2_1_, course1_.course_name as course_n2_2_1_ from teachers_courses teachercou0_ inner join courses course1_ on teachercou0_.course_id=course1_.id where teachercou0_.teacher_id=?
26 Feb;19:05:46.408 [main] INFO  u.c.f.c.service.CourseService - getAll():
 [Course{id=1, courseName='History'}, Course{id=2, courseName='Philosophy'}, Course{id=3, courseName='Another course's name'}, Course{id=4, courseName='Political science'}, Course{id=5, courseName='Culture'}, Course{id=6, courseName='Biology'}, Course{id=7, courseName='Chemistry'}, Course{id=8, courseName='Mathematics'}, Course{id=9, courseName='Physics'}, Course{id=10, courseName='Geometry'}, Course{id=13, courseName='Course's name'}]

MockHttpServletRequest:
      HTTP Method = GET
      Request URI = /students/new
       Parameters = {}
          Headers = []
             Body = <no character encoding set>
    Session Attrs = {}

Handler:
             Type = ua.com.foxminded.classtimetable.controllers.ui.StudentController
           Method = ua.com.foxminded.classtimetable.controllers.ui.StudentController#create(StudentDto, ModelMap)

Async:
    Async started = false
     Async result = null

Resolved Exception:
             Type = null

ModelAndView:
        View name = students/create
             View = null
        Attribute = student
            value = StudentDto{id=0, firstName='null', lastName='null', facultyId=0, coursesId=null}
           errors = []
        Attribute = faculties
            value = [Faculty{id=1, facultyName='Changed faculty name'}, Faculty{id=2, facultyName='Changed faculty name'}, Faculty{id=3, facultyName='Faculty of Arts'}, Faculty{id=5, facultyName='Faculty name'}, Faculty{id=7, facultyName='Faculty name'}]
        Attribute = allCourses
            value = [Course{id=1, courseName='History'}, Course{id=2, courseName='Philosophy'}, Course{id=3, courseName='Another course's name'}, Course{id=4, courseName='Political science'}, Course{id=5, courseName='Culture'}, Course{id=6, courseName='Biology'}, Course{id=7, courseName='Chemistry'}, Course{id=8, courseName='Mathematics'}, Course{id=9, courseName='Physics'}, Course{id=10, courseName='Geometry'}, Course{id=13, courseName='Course's name'}]

FlashMap:
       Attributes = null

MockHttpServletResponse:
           Status = 200
    Error message = null
          Headers = [Content-Language:"en", Content-Type:"text/html;charset=UTF-8"]
     Content type = text/html;charset=UTF-8
             Body = <!DOCTYPE html>
<html lang="en">
<head>
    <title>Student-creation</title>
    <meta charset="UTF-8">
    <meta name="viewport" content="width=device-width, initial-scale=1">
    <link rel="stylesheet" href="https://maxcdn.bootstrapcdn.com/bootstrap/4.0.0/css/bootstrap.min.css">
    <link rel="stylesheet"
          href="https://cdn.jsdelivr.net/npm/bootstrap-select@1.13.14/dist/css/bootstrap-select.min.css">
    <script src="https://code.jquery.com/jquery-3.2.1.slim.min.js"></script>
    <script src="https://cdnjs.cloudflare.com/ajax/libs/popper.js/1.12.9/umd/popper.min.js"></script>
    <script src="https://maxcdn.bootstrapcdn.com/bootstrap/4.0.0/js/bootstrap.min.js"></script>
    <script src="https://cdn.jsdelivr.net/npm/bootstrap-select@1.13.14/dist/js/bootstrap-select.min.js"></script>
</head>

<body>
<nav class="navbar navbar-expand-sm bg-dark navbar-dark sticky-top">
    <a class="navbar-brand" href="/">Class Timetable</a>
    <ul class="navbar-nav">
        <li class="nav-item">
            <a class="nav-link" href="/">Home</a>
        </li>
        <li class="nav-item dropdown">
            <a class="nav-link dropdown-toggle" data-toggle="dropdown" href="/">University structure</a>
            <div class="dropdown-menu">
                <a class="dropdown-item" href="/buildings">Buildings</a>
                <a class="dropdown-item" href="/classrooms">Study rooms</a>
                <a class="dropdown-item" href="/faculties">Faculties</a>
                <a class="dropdown-item" href="/courses">Courses</a>
            </div>
        </li>
        <li class="nav-item dropdown">
            <a class="nav-link dropdown-toggle" data-toggle="dropdown" href="/">Personalities</a>
            <div class="dropdown-menu">
                <a class="dropdown-item" href="/students">Students</a>
                <a class="dropdown-item" href="/teachers">Teachers</a>
            </div>
        </li>
        <li class="nav-item">
            <a class="nav-link" href="/lessons">Current lessons</a>
        </li>
        <li class="nav-item">
            <a class="nav-link" href="/schedule">Show the personal schedule</a>
        </li>
    </ul>
</nav>

<div class="container">
    <br/>
    <h2>New student creation page</h2>
    <a class="btn btn-sm btn-secondary" href="/students">Back to table</a>
    <br/>
    <br/>
    <form method="POST" action="/students">
        <label>Enter first name:</label>
        <input class="form-control form-control-sm" type="text" id="firstName" name="firstName" value=""/>

        <label>Enter last name:</label>
        <input class="form-control form-control-sm" type="text" id="lastName" name="lastName" value=""/>

        <label>Select faculty:</label>
        <select class="form-control form-control-sm" id="facultyId" name="facultyId">
            <option value="1">Changed faculty name</option>
            <option value="2">Changed faculty name</option>
            <option value="3">Faculty of Arts</option>
            <option value="5">Faculty name</option>
            <option value="7">Faculty name</option>
        </select>

        <label>Select course:</label>
        <input type="hidden" name="_coursesId" value="1"/><select class="form-control form-control-sm selectpicker" multiple data-dropup-auto="false" id="coursesId" name="coursesId">
            <option value="1">History</option>
            <option value="2">Philosophy</option>
            <option value="3">Another course&#39;s name</option>
            <option value="4">Political science</option>
            <option value="5">Culture</option>
            <option value="6">Biology</option>
            <option value="7">Chemistry</option>
            <option value="8">Mathematics</option>
            <option value="9">Physics</option>
            <option value="10">Geometry</option>
            <option value="13">Course&#39;s name</option>
        </select>
        <br/>
        <br/>
        <input class="btn btn-sm btn-success" type="submit" value="Create!">
    </form>
</div>

</body>
</html>

    Forwarded URL = null
   Redirected URL = null
          Cookies = []
Hibernate: select faculty0_.id as id1_3_, faculty0_.faculty_name as faculty_2_3_ from faculties faculty0_
26 Feb;19:05:46.420 [main] INFO  u.c.f.c.service.FacultyService - getAll():
 [Faculty{id=1, facultyName='Changed faculty name'}, Faculty{id=2, facultyName='Changed faculty name'}, Faculty{id=3, facultyName='Faculty of Arts'}, Faculty{id=5, facultyName='Faculty name'}, Faculty{id=7, facultyName='Faculty name'}]
Hibernate: select course0_.id as id1_2_, course0_.course_name as course_n2_2_ from courses course0_
Hibernate: select courseteac0_.course_id as course_i2_8_0_, courseteac0_.teacher_id as teacher_1_8_0_, teacher1_.id as id1_7_1_, teacher1_.faculty_id as faculty_4_7_1_, teacher1_.first_name as first_na2_7_1_, teacher1_.last_name as last_nam3_7_1_, faculty2_.id as id1_3_2_, faculty2_.faculty_name as faculty_2_3_2_ from teachers_courses courseteac0_ inner join teachers teacher1_ on courseteac0_.teacher_id=teacher1_.id left outer join faculties faculty2_ on teacher1_.faculty_id=faculty2_.id where courseteac0_.course_id=?
Hibernate: select courseteac0_.course_id as course_i2_8_0_, courseteac0_.teacher_id as teacher_1_8_0_, teacher1_.id as id1_7_1_, teacher1_.faculty_id as faculty_4_7_1_, teacher1_.first_name as first_na2_7_1_, teacher1_.last_name as last_nam3_7_1_, faculty2_.id as id1_3_2_, faculty2_.faculty_name as faculty_2_3_2_ from teachers_courses courseteac0_ inner join teachers teacher1_ on courseteac0_.teacher_id=teacher1_.id left outer join faculties faculty2_ on teacher1_.faculty_id=faculty2_.id where courseteac0_.course_id=?
Hibernate: select teachercou0_.teacher_id as teacher_1_8_0_, teachercou0_.course_id as course_i2_8_0_, course1_.id as id1_2_1_, course1_.course_name as course_n2_2_1_ from teachers_courses teachercou0_ inner join courses course1_ on teachercou0_.course_id=course1_.id where teachercou0_.teacher_id=?
Hibernate: select courseteac0_.course_id as course_i2_8_0_, courseteac0_.teacher_id as teacher_1_8_0_, teacher1_.id as id1_7_1_, teacher1_.faculty_id as faculty_4_7_1_, teacher1_.first_name as first_na2_7_1_, teacher1_.last_name as last_nam3_7_1_, faculty2_.id as id1_3_2_, faculty2_.faculty_name as faculty_2_3_2_ from teachers_courses courseteac0_ inner join teachers teacher1_ on courseteac0_.teacher_id=teacher1_.id left outer join faculties faculty2_ on teacher1_.faculty_id=faculty2_.id where courseteac0_.course_id=?
Hibernate: select teachercou0_.teacher_id as teacher_1_8_0_, teachercou0_.course_id as course_i2_8_0_, course1_.id as id1_2_1_, course1_.course_name as course_n2_2_1_ from teachers_courses teachercou0_ inner join courses course1_ on teachercou0_.course_id=course1_.id where teachercou0_.teacher_id=?
Hibernate: select courseteac0_.course_id as course_i2_8_0_, courseteac0_.teacher_id as teacher_1_8_0_, teacher1_.id as id1_7_1_, teacher1_.faculty_id as faculty_4_7_1_, teacher1_.first_name as first_na2_7_1_, teacher1_.last_name as last_nam3_7_1_, faculty2_.id as id1_3_2_, faculty2_.faculty_name as faculty_2_3_2_ from teachers_courses courseteac0_ inner join teachers teacher1_ on courseteac0_.teacher_id=teacher1_.id left outer join faculties faculty2_ on teacher1_.faculty_id=faculty2_.id where courseteac0_.course_id=?
Hibernate: select teachercou0_.teacher_id as teacher_1_8_0_, teachercou0_.course_id as course_i2_8_0_, course1_.id as id1_2_1_, course1_.course_name as course_n2_2_1_ from teachers_courses teachercou0_ inner join courses course1_ on teachercou0_.course_id=course1_.id where teachercou0_.teacher_id=?
Hibernate: select courseteac0_.course_id as course_i2_8_0_, courseteac0_.teacher_id as teacher_1_8_0_, teacher1_.id as id1_7_1_, teacher1_.faculty_id as faculty_4_7_1_, teacher1_.first_name as first_na2_7_1_, teacher1_.last_name as last_nam3_7_1_, faculty2_.id as id1_3_2_, faculty2_.faculty_name as faculty_2_3_2_ from teachers_courses courseteac0_ inner join teachers teacher1_ on courseteac0_.teacher_id=teacher1_.id left outer join faculties faculty2_ on teacher1_.faculty_id=faculty2_.id where courseteac0_.course_id=?
Hibernate: select teachercou0_.teacher_id as teacher_1_8_0_, teachercou0_.course_id as course_i2_8_0_, course1_.id as id1_2_1_, course1_.course_name as course_n2_2_1_ from teachers_courses teachercou0_ inner join courses course1_ on teachercou0_.course_id=course1_.id where teachercou0_.teacher_id=?
Hibernate: select teachercou0_.teacher_id as teacher_1_8_0_, teachercou0_.course_id as course_i2_8_0_, course1_.id as id1_2_1_, course1_.course_name as course_n2_2_1_ from teachers_courses teachercou0_ inner join courses course1_ on teachercou0_.course_id=course1_.id where teachercou0_.teacher_id=?
Hibernate: select courseteac0_.course_id as course_i2_8_0_, courseteac0_.teacher_id as teacher_1_8_0_, teacher1_.id as id1_7_1_, teacher1_.faculty_id as faculty_4_7_1_, teacher1_.first_name as first_na2_7_1_, teacher1_.last_name as last_nam3_7_1_, faculty2_.id as id1_3_2_, faculty2_.faculty_name as faculty_2_3_2_ from teachers_courses courseteac0_ inner join teachers teacher1_ on courseteac0_.teacher_id=teacher1_.id left outer join faculties faculty2_ on teacher1_.faculty_id=faculty2_.id where courseteac0_.course_id=?
Hibernate: select teachercou0_.teacher_id as teacher_1_8_0_, teachercou0_.course_id as course_i2_8_0_, course1_.id as id1_2_1_, course1_.course_name as course_n2_2_1_ from teachers_courses teachercou0_ inner join courses course1_ on teachercou0_.course_id=course1_.id where teachercou0_.teacher_id=?
Hibernate: select teachercou0_.teacher_id as teacher_1_8_0_, teachercou0_.course_id as course_i2_8_0_, course1_.id as id1_2_1_, course1_.course_name as course_n2_2_1_ from teachers_courses teachercou0_ inner join courses course1_ on teachercou0_.course_id=course1_.id where teachercou0_.teacher_id=?
Hibernate: select courseteac0_.course_id as course_i2_8_0_, courseteac0_.teacher_id as teacher_1_8_0_, teacher1_.id as id1_7_1_, teacher1_.faculty_id as faculty_4_7_1_, teacher1_.first_name as first_na2_7_1_, teacher1_.last_name as last_nam3_7_1_, faculty2_.id as id1_3_2_, faculty2_.faculty_name as faculty_2_3_2_ from teachers_courses courseteac0_ inner join teachers teacher1_ on courseteac0_.teacher_id=teacher1_.id left outer join faculties faculty2_ on teacher1_.faculty_id=faculty2_.id where courseteac0_.course_id=?
Hibernate: select teachercou0_.teacher_id as teacher_1_8_0_, teachercou0_.course_id as course_i2_8_0_, course1_.id as id1_2_1_, course1_.course_name as course_n2_2_1_ from teachers_courses teachercou0_ inner join courses course1_ on teachercou0_.course_id=course1_.id where teachercou0_.teacher_id=?
Hibernate: select courseteac0_.course_id as course_i2_8_0_, courseteac0_.teacher_id as teacher_1_8_0_, teacher1_.id as id1_7_1_, teacher1_.faculty_id as faculty_4_7_1_, teacher1_.first_name as first_na2_7_1_, teacher1_.last_name as last_nam3_7_1_, faculty2_.id as id1_3_2_, faculty2_.faculty_name as faculty_2_3_2_ from teachers_courses courseteac0_ inner join teachers teacher1_ on courseteac0_.teacher_id=teacher1_.id left outer join faculties faculty2_ on teacher1_.faculty_id=faculty2_.id where courseteac0_.course_id=?
Hibernate: select teachercou0_.teacher_id as teacher_1_8_0_, teachercou0_.course_id as course_i2_8_0_, course1_.id as id1_2_1_, course1_.course_name as course_n2_2_1_ from teachers_courses teachercou0_ inner join courses course1_ on teachercou0_.course_id=course1_.id where teachercou0_.teacher_id=?
Hibernate: select courseteac0_.course_id as course_i2_8_0_, courseteac0_.teacher_id as teacher_1_8_0_, teacher1_.id as id1_7_1_, teacher1_.faculty_id as faculty_4_7_1_, teacher1_.first_name as first_na2_7_1_, teacher1_.last_name as last_nam3_7_1_, faculty2_.id as id1_3_2_, faculty2_.faculty_name as faculty_2_3_2_ from teachers_courses courseteac0_ inner join teachers teacher1_ on courseteac0_.teacher_id=teacher1_.id left outer join faculties faculty2_ on teacher1_.faculty_id=faculty2_.id where courseteac0_.course_id=?
Hibernate: select teachercou0_.teacher_id as teacher_1_8_0_, teachercou0_.course_id as course_i2_8_0_, course1_.id as id1_2_1_, course1_.course_name as course_n2_2_1_ from teachers_courses teachercou0_ inner join courses course1_ on teachercou0_.course_id=course1_.id where teachercou0_.teacher_id=?
Hibernate: select courseteac0_.course_id as course_i2_8_0_, courseteac0_.teacher_id as teacher_1_8_0_, teacher1_.id as id1_7_1_, teacher1_.faculty_id as faculty_4_7_1_, teacher1_.first_name as first_na2_7_1_, teacher1_.last_name as last_nam3_7_1_, faculty2_.id as id1_3_2_, faculty2_.faculty_name as faculty_2_3_2_ from teachers_courses courseteac0_ inner join teachers teacher1_ on courseteac0_.teacher_id=teacher1_.id left outer join faculties faculty2_ on teacher1_.faculty_id=faculty2_.id where courseteac0_.course_id=?
Hibernate: select teachercou0_.teacher_id as teacher_1_8_0_, teachercou0_.course_id as course_i2_8_0_, course1_.id as id1_2_1_, course1_.course_name as course_n2_2_1_ from teachers_courses teachercou0_ inner join courses course1_ on teachercou0_.course_id=course1_.id where teachercou0_.teacher_id=?
Hibernate: select courseteac0_.course_id as course_i2_8_0_, courseteac0_.teacher_id as teacher_1_8_0_, teacher1_.id as id1_7_1_, teacher1_.faculty_id as faculty_4_7_1_, teacher1_.first_name as first_na2_7_1_, teacher1_.last_name as last_nam3_7_1_, faculty2_.id as id1_3_2_, faculty2_.faculty_name as faculty_2_3_2_ from teachers_courses courseteac0_ inner join teachers teacher1_ on courseteac0_.teacher_id=teacher1_.id left outer join faculties faculty2_ on teacher1_.faculty_id=faculty2_.id where courseteac0_.course_id=?
Hibernate: select teachercou0_.teacher_id as teacher_1_8_0_, teachercou0_.course_id as course_i2_8_0_, course1_.id as id1_2_1_, course1_.course_name as course_n2_2_1_ from teachers_courses teachercou0_ inner join courses course1_ on teachercou0_.course_id=course1_.id where teachercou0_.teacher_id=?
26 Feb;19:05:46.425 [main] INFO  u.c.f.c.service.CourseService - getAll():
 [Course{id=1, courseName='History'}, Course{id=2, courseName='Philosophy'}, Course{id=3, courseName='Another course's name'}, Course{id=4, courseName='Political science'}, Course{id=5, courseName='Culture'}, Course{id=6, courseName='Biology'}, Course{id=7, courseName='Chemistry'}, Course{id=8, courseName='Mathematics'}, Course{id=9, courseName='Physics'}, Course{id=10, courseName='Geometry'}, Course{id=13, courseName='Course's name'}]
]]></system-out>
  </testcase>
</testsuite>