-------------------------------------------------------------------------------
Test set: ua.com.foxminded.classtimetable.controllers.rest.StudentRestControllerIntegrationTest
-------------------------------------------------------------------------------
Tests run: 3, Failures: 1, Errors: 0, Skipped: 0, Time elapsed: 0.179 s <<< FAILURE! - in ua.com.foxminded.classtimetable.controllers.rest.StudentRestControllerIntegrationTest
ua.com.foxminded.classtimetable.controllers.rest.StudentRestControllerIntegrationTest.should_deleteStudent_when_controllerCallsDeleteMethod  Time elapsed: 0.054 s  <<< FAILURE!
java.lang.AssertionError: 

Expected: not a collection containing <StudentDto{id=61, firstName='Peter', lastName='Berg', facultyId=3, coursesId=[5, 6]}>
     but: was <[StudentDto{id=1, firstName='Jacob', lastName='Rose', facultyId=1, coursesId=[6]}, StudentDto{id=2, firstName='Jacob', lastName='Sykes', facultyId=1, coursesId=[7]}, StudentDto{id=3, firstName='Jacob', lastName='Eve', facultyId=1, coursesId=[6]}, StudentDto{id=4, firstName='Jacob', lastName='King', facultyId=1, coursesId=[7]}, StudentDto{id=5, firstName='Jacob', lastName='Tucci', facultyId=1, coursesId=[6]}, StudentDto{id=6, firstName='Oliver', lastName='Rose', facultyId=1, coursesId=[7]}, StudentDto{id=7, firstName='Oliver', lastName='Sykes', facultyId=1, coursesId=[6]}, StudentDto{id=8, firstName='Oliver', lastName='Eve', facultyId=1, coursesId=[7]}, StudentDto{id=9, firstName='Oliver', lastName='King', facultyId=1, coursesId=[6]}, StudentDto{id=10, firstName='Oliver', lastName='Tucci', facultyId=1, coursesId=[7]}, StudentDto{id=11, firstName='Ellie', lastName='Rose', facultyId=1, coursesId=[6]}, StudentDto{id=12, firstName='Ellie', lastName='Sykes', facultyId=1, coursesId=[7]}, StudentDto{id=13, firstName='Ellie', lastName='Eve', facultyId=1, coursesId=[6]}, StudentDto{id=14, firstName='Ellie', lastName='King', facultyId=1, coursesId=[7]}, StudentDto{id=15, firstName='Ellie', lastName='Tucci', facultyId=1, coursesId=[6]}, StudentDto{id=16, firstName='Ruby', lastName='Rose', facultyId=1, coursesId=[7]}, StudentDto{id=17, firstName='Ruby', lastName='Sykes', facultyId=1, coursesId=[6]}, StudentDto{id=18, firstName='Ruby', lastName='Eve', facultyId=1, coursesId=[7]}, StudentDto{id=19, firstName='Ruby', lastName='King', facultyId=1, coursesId=[6]}, StudentDto{id=20, firstName='Ruby', lastName='Tucci', facultyId=1, coursesId=[7]}, StudentDto{id=21, firstName='Mary', lastName='Rose', facultyId=2, coursesId=[8, 9]}, StudentDto{id=22, firstName='Mary', lastName='Sykes', facultyId=2, coursesId=[8, 10]}, StudentDto{id=23, firstName='Mary', lastName='Eve', facultyId=2, coursesId=[9, 10]}, StudentDto{id=24, firstName='Mary', lastName='King', facultyId=2, coursesId=[8, 9]}, StudentDto{id=25, firstName='Mary', lastName='Tucci', facultyId=2, coursesId=[8, 10]}, StudentDto{id=26, firstName='Albert', lastName='Rose', facultyId=2, coursesId=[9, 10]}, StudentDto{id=27, firstName='Albert', lastName='Sykes', facultyId=2, coursesId=[8, 9]}, StudentDto{id=28, firstName='Albert', lastName='Eve', facultyId=2, coursesId=[8, 10]}, StudentDto{id=29, firstName='Albert', lastName='King', facultyId=2, coursesId=[9, 10]}, StudentDto{id=30, firstName='Albert', lastName='Tucci', facultyId=2, coursesId=[8, 9]}, StudentDto{id=31, firstName='Charlie', lastName='Rose', facultyId=2, coursesId=[8, 10]}, StudentDto{id=32, firstName='Charlie', lastName='Sykes', facultyId=2, coursesId=[9, 10]}, StudentDto{id=33, firstName='Charlie', lastName='Eve', facultyId=2, coursesId=[8, 9]}, StudentDto{id=34, firstName='Charlie', lastName='King', facultyId=2, coursesId=[8, 10]}, StudentDto{id=35, firstName='Charlie', lastName='Tucci', facultyId=2, coursesId=[9, 10]}, StudentDto{id=36, firstName='Samuel', lastName='Rose', facultyId=2, coursesId=[8, 9]}, StudentDto{id=37, firstName='Samuel', lastName='Sykes', facultyId=2, coursesId=[8, 10]}, StudentDto{id=38, firstName='Samuel', lastName='Eve', facultyId=2, coursesId=[9, 10]}, StudentDto{id=39, firstName='Samuel', lastName='King', facultyId=2, coursesId=[8, 9]}, StudentDto{id=40, firstName='Samuel', lastName='Tucci', facultyId=2, coursesId=[8, 10]}, StudentDto{id=41, firstName='Thomas', lastName='Rose', facultyId=3, coursesId=[1, 2, 3]}, StudentDto{id=42, firstName='Thomas', lastName='Sykes', facultyId=3, coursesId=[1, 4, 5]}, StudentDto{id=43, firstName='Thomas', lastName='Eve', facultyId=3, coursesId=[2, 3, 4]}, StudentDto{id=44, firstName='Thomas', lastName='King', facultyId=3, coursesId=[1, 2, 5]}, StudentDto{id=45, firstName='Thomas', lastName='Tucci', facultyId=3, coursesId=[3, 4, 5]}, StudentDto{id=46, firstName='Leonard', lastName='Rose', facultyId=3, coursesId=[1, 2, 3]}, StudentDto{id=47, firstName='Leonard', lastName='Sykes', facultyId=3, coursesId=[1, 4, 5]}, StudentDto{id=48, firstName='Leonard', lastName='Eve', facultyId=3, coursesId=[2, 3, 4]}, StudentDto{id=49, firstName='Leonard', lastName='King', facultyId=3, coursesId=[1, 2, 5]}, StudentDto{id=50, firstName='Leonard', lastName='Tucci', facultyId=3, coursesId=[3, 4, 5]}, StudentDto{id=51, firstName='Joshua', lastName='Rose', facultyId=3, coursesId=[1, 2, 3]}, StudentDto{id=52, firstName='Joshua', lastName='Sykes', facultyId=3, coursesId=[1, 4, 5]}, StudentDto{id=53, firstName='Joshua', lastName='Eve', facultyId=3, coursesId=[2, 3, 4]}, StudentDto{id=54, firstName='Joshua', lastName='King', facultyId=3, coursesId=[1, 2, 5]}, StudentDto{id=55, firstName='Joshua', lastName='Tucci', facultyId=3, coursesId=[3, 4, 5]}, StudentDto{id=56, firstName='Jack', lastName='Rose', facultyId=3, coursesId=[1, 2, 3]}, StudentDto{id=57, firstName='Jack', lastName='Sykes', facultyId=3, coursesId=[1, 4, 5]}, StudentDto{id=58, firstName='Jack', lastName='Eve', facultyId=3, coursesId=[2, 3, 4]}, StudentDto{id=59, firstName='Jack', lastName='King', facultyId=3, coursesId=[1, 2, 5]}, StudentDto{id=60, firstName='Jack', lastName='Tucci', facultyId=3, coursesId=[3, 4, 5]}, StudentDto{id=61, firstName='Peter', lastName='Berg', facultyId=3, coursesId=[5, 6]}]>
	at ua.com.foxminded.classtimetable.controllers.rest.StudentRestControllerIntegrationTest.should_deleteStudent_when_controllerCallsDeleteMethod(StudentRestControllerIntegrationTest.java:74)

